running egg_info
creating ../../build/motpy_pifpaf/motpy_pifpaf.egg-info
writing ../../build/motpy_pifpaf/motpy_pifpaf.egg-info/PKG-INFO
writing dependency_links to ../../build/motpy_pifpaf/motpy_pifpaf.egg-info/dependency_links.txt
writing entry points to ../../build/motpy_pifpaf/motpy_pifpaf.egg-info/entry_points.txt
writing requirements to ../../build/motpy_pifpaf/motpy_pifpaf.egg-info/requires.txt
writing top-level names to ../../build/motpy_pifpaf/motpy_pifpaf.egg-info/top_level.txt
writing manifest file '../../build/motpy_pifpaf/motpy_pifpaf.egg-info/SOURCES.txt'
reading manifest file '../../build/motpy_pifpaf/motpy_pifpaf.egg-info/SOURCES.txt'
writing manifest file '../../build/motpy_pifpaf/motpy_pifpaf.egg-info/SOURCES.txt'
running build
running build_py
creating /root/motpy_pifpaf/build/motpy_pifpaf/build
creating /root/motpy_pifpaf/build/motpy_pifpaf/build/lib
creating /root/motpy_pifpaf/build/motpy_pifpaf/build/lib/motpy_pifpaf
copying motpy_pifpaf/motpy_pifpaf.py -> /root/motpy_pifpaf/build/motpy_pifpaf/build/lib/motpy_pifpaf
copying motpy_pifpaf/__init__.py -> /root/motpy_pifpaf/build/motpy_pifpaf/build/lib/motpy_pifpaf
running install
running install_lib
creating /root/motpy_pifpaf/install/motpy_pifpaf/lib/python3.8/site-packages/motpy_pifpaf
copying /root/motpy_pifpaf/build/motpy_pifpaf/build/lib/motpy_pifpaf/motpy_pifpaf.py -> /root/motpy_pifpaf/install/motpy_pifpaf/lib/python3.8/site-packages/motpy_pifpaf
copying /root/motpy_pifpaf/build/motpy_pifpaf/build/lib/motpy_pifpaf/__init__.py -> /root/motpy_pifpaf/install/motpy_pifpaf/lib/python3.8/site-packages/motpy_pifpaf
byte-compiling /root/motpy_pifpaf/install/motpy_pifpaf/lib/python3.8/site-packages/motpy_pifpaf/motpy_pifpaf.py to motpy_pifpaf.cpython-38.pyc
byte-compiling /root/motpy_pifpaf/install/motpy_pifpaf/lib/python3.8/site-packages/motpy_pifpaf/__init__.py to __init__.cpython-38.pyc
running install_data
creating /root/motpy_pifpaf/install/motpy_pifpaf/share/ament_index
creating /root/motpy_pifpaf/install/motpy_pifpaf/share/ament_index/resource_index
creating /root/motpy_pifpaf/install/motpy_pifpaf/share/ament_index/resource_index/packages
copying resource/motpy_pifpaf -> /root/motpy_pifpaf/install/motpy_pifpaf/share/ament_index/resource_index/packages
copying package.xml -> /root/motpy_pifpaf/install/motpy_pifpaf/share/motpy_pifpaf
running install_egg_info
Copying ../../build/motpy_pifpaf/motpy_pifpaf.egg-info to /root/motpy_pifpaf/install/motpy_pifpaf/lib/python3.8/site-packages/motpy_pifpaf-0.0.0-py3.8.egg-info
running install_scripts
Installing motpy_pifpaf script to /root/motpy_pifpaf/install/motpy_pifpaf/lib/motpy_pifpaf
writing list of installed files to '/root/motpy_pifpaf/build/motpy_pifpaf/install.log'
