CMake Warning (dev) at CMakeLists.txt:40:
  Syntax Warning in cmake code at column 19

  Argument not separated from preceding token by whitespace.
This warning is for project developers.  Use -Wno-dev to suppress it.

CMake Warning (dev) at CMakeLists.txt:41:
  Syntax Warning in cmake code at column 20

  Argument not separated from preceding token by whitespace.
This warning is for project developers.  Use -Wno-dev to suppress it.

-- The C compiler identification is GNU 9.4.0
-- The CXX compiler identification is GNU 9.4.0
-- Check for working C compiler: /usr/bin/cc
-- Check for working C compiler: /usr/bin/cc -- works
-- Detecting C compiler ABI info
-- Detecting C compiler ABI info - done
-- Detecting C compile features
-- Detecting C compile features - done
-- Check for working CXX compiler: /usr/bin/c++
-- Check for working CXX compiler: /usr/bin/c++ -- works
-- Detecting CXX compiler ABI info
-- Detecting CXX compiler ABI info - done
-- Detecting CXX compile features
-- Detecting CXX compile features - done
-- Found ament_cmake: 0.9.11 (/opt/ros/foxy/share/ament_cmake/cmake)
-- Found PythonInterp: /usr/bin/python3 (found suitable version "3.8.10", minimum required is "3") 
-- Using PYTHON_EXECUTABLE: /usr/bin/python3
CMake Error in CMakeLists.txt:
  A logical block opening on the line

    /root/motpy_pifpaf/src/motpy_pifpaf_msg/CMakeLists.txt:24 (if)

  is not closed.


-- Configuring incomplete, errors occurred!
See also "/root/motpy_pifpaf/build/motpy_pifpaf_msg/CMakeFiles/CMakeOutput.log".
