[1.806s] Invoking command in '/root/motpy_pifpaf/src/motpy_pifpaf': PYTHONPATH=/root/motpy_pifpaf/install/motpy_pifpaf/lib/python3.8/site-packages:${PYTHONPATH} _=/usr/bin/env /usr/bin/python3 setup.py egg_info --egg-base ../../build/motpy_pifpaf build --build-base /root/motpy_pifpaf/build/motpy_pifpaf/build install --prefix /root/motpy_pifpaf/install/motpy_pifpaf --record /root/motpy_pifpaf/build/motpy_pifpaf/install.log --single-version-externally-managed
[2.305s] running egg_info
[2.307s] writing ../../build/motpy_pifpaf/motpy_pifpaf.egg-info/PKG-INFO
[2.307s] writing dependency_links to ../../build/motpy_pifpaf/motpy_pifpaf.egg-info/dependency_links.txt
[2.308s] writing entry points to ../../build/motpy_pifpaf/motpy_pifpaf.egg-info/entry_points.txt
[2.308s] writing requirements to ../../build/motpy_pifpaf/motpy_pifpaf.egg-info/requires.txt
[2.309s] writing top-level names to ../../build/motpy_pifpaf/motpy_pifpaf.egg-info/top_level.txt
[2.388s] reading manifest file '../../build/motpy_pifpaf/motpy_pifpaf.egg-info/SOURCES.txt'
[2.390s] writing manifest file '../../build/motpy_pifpaf/motpy_pifpaf.egg-info/SOURCES.txt'
[2.391s] running build
[2.391s] running build_py
[2.392s] running install
[2.394s] running install_lib
[2.397s] running install_data
[2.399s] running install_egg_info
[2.402s] removing '/root/motpy_pifpaf/install/motpy_pifpaf/lib/python3.8/site-packages/motpy_pifpaf-0.0.0-py3.8.egg-info' (and everything under it)
[2.408s] Copying ../../build/motpy_pifpaf/motpy_pifpaf.egg-info to /root/motpy_pifpaf/install/motpy_pifpaf/lib/python3.8/site-packages/motpy_pifpaf-0.0.0-py3.8.egg-info
[2.412s] running install_scripts
[2.460s] Installing motpy_pifpaf script to /root/motpy_pifpaf/install/motpy_pifpaf/lib/motpy_pifpaf
[2.460s] writing list of installed files to '/root/motpy_pifpaf/build/motpy_pifpaf/install.log'
[2.505s] Invoked command in '/root/motpy_pifpaf/src/motpy_pifpaf' returned '0': PYTHONPATH=/root/motpy_pifpaf/install/motpy_pifpaf/lib/python3.8/site-packages:${PYTHONPATH} _=/usr/bin/env /usr/bin/python3 setup.py egg_info --egg-base ../../build/motpy_pifpaf build --build-base /root/motpy_pifpaf/build/motpy_pifpaf/build install --prefix /root/motpy_pifpaf/install/motpy_pifpaf --record /root/motpy_pifpaf/build/motpy_pifpaf/install.log --single-version-externally-managed
