[0.135s] DEBUG:colcon:Command line arguments: ['/usr/bin/colcon', 'build']
[0.135s] DEBUG:colcon:Parsed command line arguments: Namespace(ament_cmake_args=None, base_paths=['.'], build_base='build', catkin_cmake_args=None, catkin_skip_building_tests=False, cmake_args=None, cmake_clean_cache=False, cmake_clean_first=False, cmake_force_configure=False, cmake_target=None, cmake_target_skip_unavailable=False, continue_on_error=False, event_handlers=None, executor='parallel', ignore_user_meta=False, install_base='install', log_base=None, log_level=None, main=<bound method BuildVerb.main of <colcon_core.verb.build.BuildVerb object at 0x7f176e9547f0>>, merge_install=False, metas=['./colcon.meta'], packages_above=None, packages_above_and_dependencies=None, packages_above_depth=None, packages_end=None, packages_ignore=None, packages_ignore_regex=None, packages_select=None, packages_select_build_failed=False, packages_select_by_dep=None, packages_select_regex=None, packages_select_test_failures=False, packages_skip=None, packages_skip_build_finished=False, packages_skip_by_dep=None, packages_skip_regex=None, packages_skip_test_passed=False, packages_skip_up_to=None, packages_start=None, packages_up_to=None, packages_up_to_regex=None, parallel_workers=12, paths=None, symlink_install=False, test_result_base=None, verb_extension=<colcon_core.verb.build.BuildVerb object at 0x7f176e9547f0>, verb_name='build', verb_parser=<colcon_defaults.argument_parser.defaults.DefaultArgumentsDecorator object at 0x7f176e8de4f0>)
[0.158s] Level 1:colcon.colcon_core.package_discovery:discover_packages(colcon_meta) check parameters
[0.159s] Level 1:colcon.colcon_core.package_discovery:discover_packages(recursive) check parameters
[0.159s] Level 1:colcon.colcon_core.package_discovery:discover_packages(ignore) check parameters
[0.159s] Level 1:colcon.colcon_core.package_discovery:discover_packages(path) check parameters
[0.159s] Level 1:colcon.colcon_core.package_discovery:discover_packages(colcon_meta) discover
[0.159s] Level 1:colcon.colcon_core.package_discovery:discover_packages(recursive) discover
[0.159s] INFO:colcon.colcon_core.package_discovery:Crawling recursively for packages in '/root/motpy_pifpaf'
[0.159s] Level 1:colcon.colcon_core.package_identification:_identify(.) by extensions ['ignore', 'ignore_ament_install']
[0.159s] Level 1:colcon.colcon_core.package_identification:_identify(.) by extension 'ignore'
[0.159s] Level 1:colcon.colcon_core.package_identification:_identify(.) by extension 'ignore_ament_install'
[0.159s] Level 1:colcon.colcon_core.package_identification:_identify(.) by extensions ['colcon_pkg']
[0.159s] Level 1:colcon.colcon_core.package_identification:_identify(.) by extension 'colcon_pkg'
[0.159s] Level 1:colcon.colcon_core.package_identification:_identify(.) by extensions ['colcon_meta']
[0.160s] Level 1:colcon.colcon_core.package_identification:_identify(.) by extension 'colcon_meta'
[0.160s] Level 1:colcon.colcon_core.package_identification:_identify(.) by extensions ['ros']
[0.160s] Level 1:colcon.colcon_core.package_identification:_identify(.) by extension 'ros'
[0.171s] Level 1:colcon.colcon_core.package_identification:_identify(.) by extensions ['cmake', 'python']
[0.171s] Level 1:colcon.colcon_core.package_identification:_identify(.) by extension 'cmake'
[0.171s] Level 1:colcon.colcon_core.package_identification:_identify(.) by extension 'python'
[0.171s] Level 1:colcon.colcon_core.package_identification:_identify(.) by extensions ['python_setup_py']
[0.171s] Level 1:colcon.colcon_core.package_identification:_identify(.) by extension 'python_setup_py'
[0.171s] Level 1:colcon.colcon_core.package_identification:_identify(build) by extensions ['ignore', 'ignore_ament_install']
[0.171s] Level 1:colcon.colcon_core.package_identification:_identify(build) by extension 'ignore'
[0.171s] Level 1:colcon.colcon_core.package_identification:_identify(build) ignored
[0.172s] Level 1:colcon.colcon_core.package_identification:_identify(install) by extensions ['ignore', 'ignore_ament_install']
[0.172s] Level 1:colcon.colcon_core.package_identification:_identify(install) by extension 'ignore'
[0.172s] Level 1:colcon.colcon_core.package_identification:_identify(install) ignored
[0.172s] Level 1:colcon.colcon_core.package_identification:_identify(log) by extensions ['ignore', 'ignore_ament_install']
[0.172s] Level 1:colcon.colcon_core.package_identification:_identify(log) by extension 'ignore'
[0.172s] Level 1:colcon.colcon_core.package_identification:_identify(log) ignored
[0.172s] Level 1:colcon.colcon_core.package_identification:_identify(src) by extensions ['ignore', 'ignore_ament_install']
[0.172s] Level 1:colcon.colcon_core.package_identification:_identify(src) by extension 'ignore'
[0.172s] Level 1:colcon.colcon_core.package_identification:_identify(src) by extension 'ignore_ament_install'
[0.173s] Level 1:colcon.colcon_core.package_identification:_identify(src) by extensions ['colcon_pkg']
[0.173s] Level 1:colcon.colcon_core.package_identification:_identify(src) by extension 'colcon_pkg'
[0.173s] Level 1:colcon.colcon_core.package_identification:_identify(src) by extensions ['colcon_meta']
[0.173s] Level 1:colcon.colcon_core.package_identification:_identify(src) by extension 'colcon_meta'
[0.173s] Level 1:colcon.colcon_core.package_identification:_identify(src) by extensions ['ros']
[0.173s] Level 1:colcon.colcon_core.package_identification:_identify(src) by extension 'ros'
[0.173s] Level 1:colcon.colcon_core.package_identification:_identify(src) by extensions ['cmake', 'python']
[0.173s] Level 1:colcon.colcon_core.package_identification:_identify(src) by extension 'cmake'
[0.173s] Level 1:colcon.colcon_core.package_identification:_identify(src) by extension 'python'
[0.173s] Level 1:colcon.colcon_core.package_identification:_identify(src) by extensions ['python_setup_py']
[0.173s] Level 1:colcon.colcon_core.package_identification:_identify(src) by extension 'python_setup_py'
[0.173s] Level 1:colcon.colcon_core.package_identification:_identify(src/motpy_pifpaf) by extensions ['ignore', 'ignore_ament_install']
[0.173s] Level 1:colcon.colcon_core.package_identification:_identify(src/motpy_pifpaf) by extension 'ignore'
[0.173s] Level 1:colcon.colcon_core.package_identification:_identify(src/motpy_pifpaf) by extension 'ignore_ament_install'
[0.174s] Level 1:colcon.colcon_core.package_identification:_identify(src/motpy_pifpaf) by extensions ['colcon_pkg']
[0.174s] Level 1:colcon.colcon_core.package_identification:_identify(src/motpy_pifpaf) by extension 'colcon_pkg'
[0.174s] Level 1:colcon.colcon_core.package_identification:_identify(src/motpy_pifpaf) by extensions ['colcon_meta']
[0.174s] Level 1:colcon.colcon_core.package_identification:_identify(src/motpy_pifpaf) by extension 'colcon_meta'
[0.174s] Level 1:colcon.colcon_core.package_identification:_identify(src/motpy_pifpaf) by extensions ['ros']
[0.174s] Level 1:colcon.colcon_core.package_identification:_identify(src/motpy_pifpaf) by extension 'ros'
[0.177s] DEBUG:colcon.colcon_core.package_identification:Package 'src/motpy_pifpaf' with type 'ros.ament_python' and name 'motpy_pifpaf'
[0.177s] Level 1:colcon.colcon_core.package_identification:_identify(src/motpy_pifpaf_msg) by extensions ['ignore', 'ignore_ament_install']
[0.177s] Level 1:colcon.colcon_core.package_identification:_identify(src/motpy_pifpaf_msg) by extension 'ignore'
[0.177s] Level 1:colcon.colcon_core.package_identification:_identify(src/motpy_pifpaf_msg) by extension 'ignore_ament_install'
[0.177s] Level 1:colcon.colcon_core.package_identification:_identify(src/motpy_pifpaf_msg) by extensions ['colcon_pkg']
[0.177s] Level 1:colcon.colcon_core.package_identification:_identify(src/motpy_pifpaf_msg) by extension 'colcon_pkg'
[0.177s] Level 1:colcon.colcon_core.package_identification:_identify(src/motpy_pifpaf_msg) by extensions ['colcon_meta']
[0.177s] Level 1:colcon.colcon_core.package_identification:_identify(src/motpy_pifpaf_msg) by extension 'colcon_meta'
[0.177s] Level 1:colcon.colcon_core.package_identification:_identify(src/motpy_pifpaf_msg) by extensions ['ros']
[0.177s] Level 1:colcon.colcon_core.package_identification:_identify(src/motpy_pifpaf_msg) by extension 'ros'
[0.179s] DEBUG:colcon.colcon_core.package_identification:Package 'src/motpy_pifpaf_msg' with type 'ros.ament_cmake' and name 'motpy_pifpaf_msg'
[0.179s] Level 1:colcon.colcon_core.package_discovery:discover_packages(recursive) using defaults
[0.179s] Level 1:colcon.colcon_core.package_discovery:discover_packages(ignore) discover
[0.179s] Level 1:colcon.colcon_core.package_discovery:discover_packages(ignore) using defaults
[0.179s] Level 1:colcon.colcon_core.package_discovery:discover_packages(path) discover
[0.179s] Level 1:colcon.colcon_core.package_discovery:discover_packages(path) using defaults
[0.204s] Level 5:colcon.colcon_core.verb:set package 'motpy_pifpaf' build argument 'cmake_args' from command line to 'None'
[0.204s] Level 5:colcon.colcon_core.verb:set package 'motpy_pifpaf' build argument 'cmake_target' from command line to 'None'
[0.204s] Level 5:colcon.colcon_core.verb:set package 'motpy_pifpaf' build argument 'cmake_target_skip_unavailable' from command line to 'False'
[0.204s] Level 5:colcon.colcon_core.verb:set package 'motpy_pifpaf' build argument 'cmake_clean_cache' from command line to 'False'
[0.205s] Level 5:colcon.colcon_core.verb:set package 'motpy_pifpaf' build argument 'cmake_clean_first' from command line to 'False'
[0.205s] Level 5:colcon.colcon_core.verb:set package 'motpy_pifpaf' build argument 'cmake_force_configure' from command line to 'False'
[0.205s] Level 5:colcon.colcon_core.verb:set package 'motpy_pifpaf' build argument 'ament_cmake_args' from command line to 'None'
[0.205s] Level 5:colcon.colcon_core.verb:set package 'motpy_pifpaf' build argument 'catkin_cmake_args' from command line to 'None'
[0.205s] Level 5:colcon.colcon_core.verb:set package 'motpy_pifpaf' build argument 'catkin_skip_building_tests' from command line to 'False'
[0.205s] DEBUG:colcon.colcon_core.verb:Building package 'motpy_pifpaf' with the following arguments: {'ament_cmake_args': None, 'build_base': '/root/motpy_pifpaf/build/motpy_pifpaf', 'catkin_cmake_args': None, 'catkin_skip_building_tests': False, 'cmake_args': None, 'cmake_clean_cache': False, 'cmake_clean_first': False, 'cmake_force_configure': False, 'cmake_target': None, 'cmake_target_skip_unavailable': False, 'install_base': '/root/motpy_pifpaf/install/motpy_pifpaf', 'merge_install': False, 'path': '/root/motpy_pifpaf/src/motpy_pifpaf', 'symlink_install': False, 'test_result_base': None}
[0.206s] Level 5:colcon.colcon_core.verb:set package 'motpy_pifpaf_msg' build argument 'cmake_args' from command line to 'None'
[0.206s] Level 5:colcon.colcon_core.verb:set package 'motpy_pifpaf_msg' build argument 'cmake_target' from command line to 'None'
[0.206s] Level 5:colcon.colcon_core.verb:set package 'motpy_pifpaf_msg' build argument 'cmake_target_skip_unavailable' from command line to 'False'
[0.206s] Level 5:colcon.colcon_core.verb:set package 'motpy_pifpaf_msg' build argument 'cmake_clean_cache' from command line to 'False'
[0.206s] Level 5:colcon.colcon_core.verb:set package 'motpy_pifpaf_msg' build argument 'cmake_clean_first' from command line to 'False'
[0.206s] Level 5:colcon.colcon_core.verb:set package 'motpy_pifpaf_msg' build argument 'cmake_force_configure' from command line to 'False'
[0.206s] Level 5:colcon.colcon_core.verb:set package 'motpy_pifpaf_msg' build argument 'ament_cmake_args' from command line to 'None'
[0.206s] Level 5:colcon.colcon_core.verb:set package 'motpy_pifpaf_msg' build argument 'catkin_cmake_args' from command line to 'None'
[0.206s] Level 5:colcon.colcon_core.verb:set package 'motpy_pifpaf_msg' build argument 'catkin_skip_building_tests' from command line to 'False'
[0.206s] DEBUG:colcon.colcon_core.verb:Building package 'motpy_pifpaf_msg' with the following arguments: {'ament_cmake_args': None, 'build_base': '/root/motpy_pifpaf/build/motpy_pifpaf_msg', 'catkin_cmake_args': None, 'catkin_skip_building_tests': False, 'cmake_args': None, 'cmake_clean_cache': False, 'cmake_clean_first': False, 'cmake_force_configure': False, 'cmake_target': None, 'cmake_target_skip_unavailable': False, 'install_base': '/root/motpy_pifpaf/install/motpy_pifpaf_msg', 'merge_install': False, 'path': '/root/motpy_pifpaf/src/motpy_pifpaf_msg', 'symlink_install': False, 'test_result_base': None}
[0.207s] INFO:colcon.colcon_core.executor:Executing jobs using 'parallel' executor
[0.212s] DEBUG:colcon.colcon_parallel_executor.executor.parallel:run_until_complete
[0.213s] INFO:colcon.colcon_ros.task.ament_python.build:Building ROS package in '/root/motpy_pifpaf/src/motpy_pifpaf' with build type 'ament_python'
[0.213s] Level 1:colcon.colcon_core.shell:create_environment_hook('motpy_pifpaf', 'ament_prefix_path')
[0.217s] INFO:colcon.colcon_core.plugin_system:Skipping extension 'colcon_core.shell.bat': Not used on non-Windows systems
[0.217s] INFO:colcon.colcon_core.shell:Creating environment hook '/root/motpy_pifpaf/install/motpy_pifpaf/share/motpy_pifpaf/hook/ament_prefix_path.ps1'
[0.217s] INFO:colcon.colcon_core.shell:Creating environment descriptor '/root/motpy_pifpaf/install/motpy_pifpaf/share/motpy_pifpaf/hook/ament_prefix_path.dsv'
[0.218s] INFO:colcon.colcon_core.shell:Creating environment hook '/root/motpy_pifpaf/install/motpy_pifpaf/share/motpy_pifpaf/hook/ament_prefix_path.sh'
[0.220s] INFO:colcon.colcon_core.shell:Skip shell extension 'powershell' for command environment: Not usable outside of PowerShell
[0.220s] DEBUG:colcon.colcon_core.shell:Skip shell extension 'dsv' for command environment
[0.228s] INFO:colcon.colcon_ros.task.ament_cmake.build:Building ROS package in '/root/motpy_pifpaf/src/motpy_pifpaf_msg' with build type 'ament_cmake'
[0.228s] INFO:colcon.colcon_cmake.task.cmake.build:Building CMake package in '/root/motpy_pifpaf/src/motpy_pifpaf_msg'
[0.230s] INFO:colcon.colcon_core.shell:Skip shell extension 'powershell' for command environment: Not usable outside of PowerShell
[0.230s] DEBUG:colcon.colcon_core.shell:Skip shell extension 'dsv' for command environment
[0.444s] INFO:colcon.colcon_core.task.python.build:Building Python package in '/root/motpy_pifpaf/src/motpy_pifpaf'
[0.445s] INFO:colcon.colcon_core.shell:Skip shell extension 'powershell' for command environment: Not usable outside of PowerShell
[0.446s] DEBUG:colcon.colcon_core.shell:Skip shell extension 'dsv' for command environment
[0.458s] DEBUG:colcon.colcon_core.event_handler.log_command:Invoking command in '/root/motpy_pifpaf/build/motpy_pifpaf_msg': CMAKE_PREFIX_PATH=${CMAKE_PREFIX_PATH}:/root/motpy_pifpaf/install/motpy_pifpaf:/opt/ros/foxy _=/usr/bin/env /usr/bin/cmake --build /root/motpy_pifpaf/build/motpy_pifpaf_msg -- -j12 -l12
[0.700s] DEBUG:colcon.colcon_core.event_handler.log_command:Invoked command in '/root/motpy_pifpaf/build/motpy_pifpaf_msg' returned '0': CMAKE_PREFIX_PATH=${CMAKE_PREFIX_PATH}:/root/motpy_pifpaf/install/motpy_pifpaf:/opt/ros/foxy _=/usr/bin/env /usr/bin/cmake --build /root/motpy_pifpaf/build/motpy_pifpaf_msg -- -j12 -l12
[0.842s] DEBUG:colcon.colcon_core.event_handler.log_command:Invoking command in '/root/motpy_pifpaf/build/motpy_pifpaf_msg': CMAKE_PREFIX_PATH=${CMAKE_PREFIX_PATH}:/root/motpy_pifpaf/install/motpy_pifpaf:/opt/ros/foxy _=/usr/bin/env /usr/bin/cmake --install /root/motpy_pifpaf/build/motpy_pifpaf_msg
[0.873s] DEBUG:colcon.colcon_core.event_handler.log_command:Invoking command in '/root/motpy_pifpaf/src/motpy_pifpaf': PYTHONPATH=/root/motpy_pifpaf/install/motpy_pifpaf/lib/python3.8/site-packages:${PYTHONPATH} _=/usr/bin/env /usr/bin/python3 setup.py egg_info --egg-base ../../build/motpy_pifpaf build --build-base /root/motpy_pifpaf/build/motpy_pifpaf/build install --prefix /root/motpy_pifpaf/install/motpy_pifpaf --record /root/motpy_pifpaf/build/motpy_pifpaf/install.log --single-version-externally-managed
[0.900s] Level 1:colcon.colcon_core.environment:create_environment_scripts_only(motpy_pifpaf_msg)
[0.901s] DEBUG:colcon.colcon_core.event_handler.log_command:Invoked command in '/root/motpy_pifpaf/build/motpy_pifpaf_msg' returned '0': CMAKE_PREFIX_PATH=${CMAKE_PREFIX_PATH}:/root/motpy_pifpaf/install/motpy_pifpaf:/opt/ros/foxy _=/usr/bin/env /usr/bin/cmake --install /root/motpy_pifpaf/build/motpy_pifpaf_msg
[0.906s] Level 1:colcon.colcon_core.environment:checking '/root/motpy_pifpaf/install/motpy_pifpaf_msg' for CMake module files
[0.907s] Level 1:colcon.colcon_core.environment:checking '/root/motpy_pifpaf/install/motpy_pifpaf_msg' for CMake config files
[0.907s] Level 1:colcon.colcon_core.shell:create_environment_hook('motpy_pifpaf_msg', 'cmake_prefix_path')
[0.908s] INFO:colcon.colcon_core.shell:Creating environment hook '/root/motpy_pifpaf/install/motpy_pifpaf_msg/share/motpy_pifpaf_msg/hook/cmake_prefix_path.ps1'
[0.909s] INFO:colcon.colcon_core.shell:Creating environment descriptor '/root/motpy_pifpaf/install/motpy_pifpaf_msg/share/motpy_pifpaf_msg/hook/cmake_prefix_path.dsv'
[0.909s] INFO:colcon.colcon_core.shell:Creating environment hook '/root/motpy_pifpaf/install/motpy_pifpaf_msg/share/motpy_pifpaf_msg/hook/cmake_prefix_path.sh'
[0.910s] Level 1:colcon.colcon_core.environment:checking '/root/motpy_pifpaf/install/motpy_pifpaf_msg/lib'
[0.910s] Level 1:colcon.colcon_core.shell:create_environment_hook('motpy_pifpaf_msg', 'ld_library_path_lib')
[0.911s] INFO:colcon.colcon_core.shell:Creating environment hook '/root/motpy_pifpaf/install/motpy_pifpaf_msg/share/motpy_pifpaf_msg/hook/ld_library_path_lib.ps1'
[0.911s] INFO:colcon.colcon_core.shell:Creating environment descriptor '/root/motpy_pifpaf/install/motpy_pifpaf_msg/share/motpy_pifpaf_msg/hook/ld_library_path_lib.dsv'
[0.912s] INFO:colcon.colcon_core.shell:Creating environment hook '/root/motpy_pifpaf/install/motpy_pifpaf_msg/share/motpy_pifpaf_msg/hook/ld_library_path_lib.sh'
[0.912s] Level 1:colcon.colcon_core.environment:checking '/root/motpy_pifpaf/install/motpy_pifpaf_msg/bin'
[0.912s] Level 1:colcon.colcon_core.environment:checking '/root/motpy_pifpaf/install/motpy_pifpaf_msg/lib/pkgconfig/motpy_pifpaf_msg.pc'
[0.912s] Level 1:colcon.colcon_core.environment:checking '/root/motpy_pifpaf/install/motpy_pifpaf_msg/lib/python3.8/site-packages'
[0.912s] Level 1:colcon.colcon_core.shell:create_environment_hook('motpy_pifpaf_msg', 'pythonpath')
[0.913s] INFO:colcon.colcon_core.shell:Creating environment hook '/root/motpy_pifpaf/install/motpy_pifpaf_msg/share/motpy_pifpaf_msg/hook/pythonpath.ps1'
[0.914s] INFO:colcon.colcon_core.shell:Creating environment descriptor '/root/motpy_pifpaf/install/motpy_pifpaf_msg/share/motpy_pifpaf_msg/hook/pythonpath.dsv'
[0.914s] INFO:colcon.colcon_core.shell:Creating environment hook '/root/motpy_pifpaf/install/motpy_pifpaf_msg/share/motpy_pifpaf_msg/hook/pythonpath.sh'
[0.915s] Level 1:colcon.colcon_core.environment:checking '/root/motpy_pifpaf/install/motpy_pifpaf_msg/bin'
[0.916s] INFO:colcon.colcon_core.shell:Creating package script '/root/motpy_pifpaf/install/motpy_pifpaf_msg/share/motpy_pifpaf_msg/package.ps1'
[0.917s] INFO:colcon.colcon_core.shell:Creating package descriptor '/root/motpy_pifpaf/install/motpy_pifpaf_msg/share/motpy_pifpaf_msg/package.dsv'
[0.917s] INFO:colcon.colcon_core.shell:Creating package script '/root/motpy_pifpaf/install/motpy_pifpaf_msg/share/motpy_pifpaf_msg/package.sh'
[0.918s] INFO:colcon.colcon_core.shell:Creating package script '/root/motpy_pifpaf/install/motpy_pifpaf_msg/share/motpy_pifpaf_msg/package.bash'
[0.919s] INFO:colcon.colcon_core.shell:Creating package script '/root/motpy_pifpaf/install/motpy_pifpaf_msg/share/motpy_pifpaf_msg/package.zsh'
[0.919s] Level 1:colcon.colcon_core.environment:create_file_with_runtime_dependencies(/root/motpy_pifpaf/install/motpy_pifpaf_msg/share/colcon-core/packages/motpy_pifpaf_msg)
[1.062s] Level 1:colcon.colcon_core.environment:create_environment_scripts_only(motpy_pifpaf_msg)
[1.066s] Level 1:colcon.colcon_core.environment:checking '/root/motpy_pifpaf/install/motpy_pifpaf_msg' for CMake module files
[1.067s] Level 1:colcon.colcon_core.environment:checking '/root/motpy_pifpaf/install/motpy_pifpaf_msg' for CMake config files
[1.068s] Level 1:colcon.colcon_core.shell:create_environment_hook('motpy_pifpaf_msg', 'cmake_prefix_path')
[1.070s] INFO:colcon.colcon_core.shell:Creating environment hook '/root/motpy_pifpaf/install/motpy_pifpaf_msg/share/motpy_pifpaf_msg/hook/cmake_prefix_path.ps1'
[1.071s] INFO:colcon.colcon_core.shell:Creating environment descriptor '/root/motpy_pifpaf/install/motpy_pifpaf_msg/share/motpy_pifpaf_msg/hook/cmake_prefix_path.dsv'
[1.071s] INFO:colcon.colcon_core.shell:Creating environment hook '/root/motpy_pifpaf/install/motpy_pifpaf_msg/share/motpy_pifpaf_msg/hook/cmake_prefix_path.sh'
[1.072s] Level 1:colcon.colcon_core.environment:checking '/root/motpy_pifpaf/install/motpy_pifpaf_msg/lib'
[1.072s] Level 1:colcon.colcon_core.shell:create_environment_hook('motpy_pifpaf_msg', 'ld_library_path_lib')
[1.074s] INFO:colcon.colcon_core.shell:Creating environment hook '/root/motpy_pifpaf/install/motpy_pifpaf_msg/share/motpy_pifpaf_msg/hook/ld_library_path_lib.ps1'
[1.075s] INFO:colcon.colcon_core.shell:Creating environment descriptor '/root/motpy_pifpaf/install/motpy_pifpaf_msg/share/motpy_pifpaf_msg/hook/ld_library_path_lib.dsv'
[1.075s] INFO:colcon.colcon_core.shell:Creating environment hook '/root/motpy_pifpaf/install/motpy_pifpaf_msg/share/motpy_pifpaf_msg/hook/ld_library_path_lib.sh'
[1.076s] Level 1:colcon.colcon_core.environment:checking '/root/motpy_pifpaf/install/motpy_pifpaf_msg/bin'
[1.076s] Level 1:colcon.colcon_core.environment:checking '/root/motpy_pifpaf/install/motpy_pifpaf_msg/lib/pkgconfig/motpy_pifpaf_msg.pc'
[1.076s] Level 1:colcon.colcon_core.environment:checking '/root/motpy_pifpaf/install/motpy_pifpaf_msg/lib/python3.8/site-packages'
[1.076s] Level 1:colcon.colcon_core.shell:create_environment_hook('motpy_pifpaf_msg', 'pythonpath')
[1.078s] INFO:colcon.colcon_core.shell:Creating environment hook '/root/motpy_pifpaf/install/motpy_pifpaf_msg/share/motpy_pifpaf_msg/hook/pythonpath.ps1'
[1.078s] INFO:colcon.colcon_core.shell:Creating environment descriptor '/root/motpy_pifpaf/install/motpy_pifpaf_msg/share/motpy_pifpaf_msg/hook/pythonpath.dsv'
[1.078s] INFO:colcon.colcon_core.shell:Creating environment hook '/root/motpy_pifpaf/install/motpy_pifpaf_msg/share/motpy_pifpaf_msg/hook/pythonpath.sh'
[1.079s] Level 1:colcon.colcon_core.environment:checking '/root/motpy_pifpaf/install/motpy_pifpaf_msg/bin'
[1.080s] INFO:colcon.colcon_core.shell:Creating package script '/root/motpy_pifpaf/install/motpy_pifpaf_msg/share/motpy_pifpaf_msg/package.ps1'
[1.081s] INFO:colcon.colcon_core.shell:Creating package descriptor '/root/motpy_pifpaf/install/motpy_pifpaf_msg/share/motpy_pifpaf_msg/package.dsv'
[1.081s] INFO:colcon.colcon_core.shell:Creating package script '/root/motpy_pifpaf/install/motpy_pifpaf_msg/share/motpy_pifpaf_msg/package.sh'
[1.082s] INFO:colcon.colcon_core.shell:Creating package script '/root/motpy_pifpaf/install/motpy_pifpaf_msg/share/motpy_pifpaf_msg/package.bash'
[1.082s] INFO:colcon.colcon_core.shell:Creating package script '/root/motpy_pifpaf/install/motpy_pifpaf_msg/share/motpy_pifpaf_msg/package.zsh'
[1.082s] Level 1:colcon.colcon_core.environment:create_file_with_runtime_dependencies(/root/motpy_pifpaf/install/motpy_pifpaf_msg/share/colcon-core/packages/motpy_pifpaf_msg)
[1.245s] Level 1:colcon.colcon_core.environment:checking '/root/motpy_pifpaf/install/motpy_pifpaf' for CMake module files
[1.245s] DEBUG:colcon.colcon_core.event_handler.log_command:Invoked command in '/root/motpy_pifpaf/src/motpy_pifpaf' returned '0': PYTHONPATH=/root/motpy_pifpaf/install/motpy_pifpaf/lib/python3.8/site-packages:${PYTHONPATH} _=/usr/bin/env /usr/bin/python3 setup.py egg_info --egg-base ../../build/motpy_pifpaf build --build-base /root/motpy_pifpaf/build/motpy_pifpaf/build install --prefix /root/motpy_pifpaf/install/motpy_pifpaf --record /root/motpy_pifpaf/build/motpy_pifpaf/install.log --single-version-externally-managed
[1.246s] Level 1:colcon.colcon_core.environment:checking '/root/motpy_pifpaf/install/motpy_pifpaf' for CMake config files
[1.246s] Level 1:colcon.colcon_core.environment:checking '/root/motpy_pifpaf/install/motpy_pifpaf/lib'
[1.247s] Level 1:colcon.colcon_core.environment:checking '/root/motpy_pifpaf/install/motpy_pifpaf/bin'
[1.247s] Level 1:colcon.colcon_core.environment:checking '/root/motpy_pifpaf/install/motpy_pifpaf/lib/pkgconfig/motpy_pifpaf.pc'
[1.247s] Level 1:colcon.colcon_core.environment:checking '/root/motpy_pifpaf/install/motpy_pifpaf/lib/python3.8/site-packages'
[1.247s] Level 1:colcon.colcon_core.shell:create_environment_hook('motpy_pifpaf', 'pythonpath')
[1.248s] INFO:colcon.colcon_core.shell:Creating environment hook '/root/motpy_pifpaf/install/motpy_pifpaf/share/motpy_pifpaf/hook/pythonpath.ps1'
[1.248s] INFO:colcon.colcon_core.shell:Creating environment descriptor '/root/motpy_pifpaf/install/motpy_pifpaf/share/motpy_pifpaf/hook/pythonpath.dsv'
[1.249s] INFO:colcon.colcon_core.shell:Creating environment hook '/root/motpy_pifpaf/install/motpy_pifpaf/share/motpy_pifpaf/hook/pythonpath.sh'
[1.249s] Level 1:colcon.colcon_core.environment:checking '/root/motpy_pifpaf/install/motpy_pifpaf/bin'
[1.249s] Level 1:colcon.colcon_core.environment:create_environment_scripts_only(motpy_pifpaf)
[1.251s] INFO:colcon.colcon_core.shell:Creating package script '/root/motpy_pifpaf/install/motpy_pifpaf/share/motpy_pifpaf/package.ps1'
[1.251s] INFO:colcon.colcon_core.shell:Creating package descriptor '/root/motpy_pifpaf/install/motpy_pifpaf/share/motpy_pifpaf/package.dsv'
[1.251s] INFO:colcon.colcon_core.shell:Creating package script '/root/motpy_pifpaf/install/motpy_pifpaf/share/motpy_pifpaf/package.sh'
[1.252s] INFO:colcon.colcon_core.shell:Creating package script '/root/motpy_pifpaf/install/motpy_pifpaf/share/motpy_pifpaf/package.bash'
[1.252s] INFO:colcon.colcon_core.shell:Creating package script '/root/motpy_pifpaf/install/motpy_pifpaf/share/motpy_pifpaf/package.zsh'
[1.252s] Level 1:colcon.colcon_core.environment:create_file_with_runtime_dependencies(/root/motpy_pifpaf/install/motpy_pifpaf/share/colcon-core/packages/motpy_pifpaf)
[1.252s] DEBUG:colcon.colcon_parallel_executor.executor.parallel:closing loop
[1.253s] DEBUG:colcon.colcon_parallel_executor.executor.parallel:loop closed
[1.253s] DEBUG:colcon.colcon_parallel_executor.executor.parallel:run_until_complete finished with '0'
[1.253s] DEBUG:colcon.colcon_core.event_reactor:joining thread
[1.260s] INFO:colcon.colcon_core.plugin_system:Skipping extension 'colcon_notification.desktop_notification.notify_send': Could not find 'notify-send'
[1.260s] INFO:colcon.colcon_core.plugin_system:Skipping extension 'colcon_notification.desktop_notification.terminal_notifier': Not used on non-Darwin systems
[1.260s] INFO:colcon.colcon_core.plugin_system:Skipping extension 'colcon_notification.desktop_notification.win32': Not used on non-Windows systems
[1.260s] INFO:colcon.colcon_notification.desktop_notification:Sending desktop notification using 'notify2'
[1.265s] DEBUG:colcon.colcon_notification.desktop_notification.notify2:Failed to initialize notify2: org.freedesktop.DBus.Error.ServiceUnknown: The name org.freedesktop.Notifications was not provided by any .service files
[1.266s] DEBUG:colcon.colcon_core.event_reactor:joined thread
[1.267s] INFO:colcon.colcon_core.shell:Creating prefix script '/root/motpy_pifpaf/install/local_setup.ps1'
[1.269s] INFO:colcon.colcon_core.shell:Creating prefix util module '/root/motpy_pifpaf/install/_local_setup_util_ps1.py'
[1.270s] INFO:colcon.colcon_core.shell:Creating prefix chain script '/root/motpy_pifpaf/install/setup.ps1'
[1.271s] INFO:colcon.colcon_core.shell:Creating prefix script '/root/motpy_pifpaf/install/local_setup.sh'
[1.272s] INFO:colcon.colcon_core.shell:Creating prefix util module '/root/motpy_pifpaf/install/_local_setup_util_sh.py'
[1.273s] INFO:colcon.colcon_core.shell:Creating prefix chain script '/root/motpy_pifpaf/install/setup.sh'
[1.274s] INFO:colcon.colcon_core.shell:Creating prefix script '/root/motpy_pifpaf/install/local_setup.bash'
[1.275s] INFO:colcon.colcon_core.shell:Creating prefix chain script '/root/motpy_pifpaf/install/setup.bash'
[1.276s] INFO:colcon.colcon_core.shell:Creating prefix script '/root/motpy_pifpaf/install/local_setup.zsh'
[1.276s] INFO:colcon.colcon_core.shell:Creating prefix chain script '/root/motpy_pifpaf/install/setup.zsh'
