[0.152s] DEBUG:colcon:Command line arguments: ['/usr/bin/colcon', 'build']
[0.152s] DEBUG:colcon:Parsed command line arguments: Namespace(ament_cmake_args=None, base_paths=['.'], build_base='build', catkin_cmake_args=None, catkin_skip_building_tests=False, cmake_args=None, cmake_clean_cache=False, cmake_clean_first=False, cmake_force_configure=False, cmake_target=None, cmake_target_skip_unavailable=False, continue_on_error=False, event_handlers=None, executor='parallel', ignore_user_meta=False, install_base='install', log_base=None, log_level=None, main=<bound method BuildVerb.main of <colcon_core.verb.build.BuildVerb object at 0x7ff712b04d60>>, merge_install=False, metas=['./colcon.meta'], packages_above=None, packages_above_and_dependencies=None, packages_above_depth=None, packages_end=None, packages_ignore=None, packages_ignore_regex=None, packages_select=None, packages_select_build_failed=False, packages_select_by_dep=None, packages_select_regex=None, packages_select_test_failures=False, packages_skip=None, packages_skip_build_finished=False, packages_skip_by_dep=None, packages_skip_regex=None, packages_skip_test_passed=False, packages_skip_up_to=None, packages_start=None, packages_up_to=None, packages_up_to_regex=None, parallel_workers=12, paths=None, symlink_install=False, test_result_base=None, verb_extension=<colcon_core.verb.build.BuildVerb object at 0x7ff712b04d60>, verb_name='build', verb_parser=<colcon_defaults.argument_parser.defaults.DefaultArgumentsDecorator object at 0x7ff712a8f310>)
[0.178s] Level 1:colcon.colcon_core.package_discovery:discover_packages(colcon_meta) check parameters
[0.178s] Level 1:colcon.colcon_core.package_discovery:discover_packages(recursive) check parameters
[0.178s] Level 1:colcon.colcon_core.package_discovery:discover_packages(ignore) check parameters
[0.178s] Level 1:colcon.colcon_core.package_discovery:discover_packages(path) check parameters
[0.178s] Level 1:colcon.colcon_core.package_discovery:discover_packages(colcon_meta) discover
[0.178s] Level 1:colcon.colcon_core.package_discovery:discover_packages(recursive) discover
[0.178s] INFO:colcon.colcon_core.package_discovery:Crawling recursively for packages in '/root/motpy_pifpaf'
[0.178s] Level 1:colcon.colcon_core.package_identification:_identify(.) by extensions ['ignore', 'ignore_ament_install']
[0.178s] Level 1:colcon.colcon_core.package_identification:_identify(.) by extension 'ignore'
[0.178s] Level 1:colcon.colcon_core.package_identification:_identify(.) by extension 'ignore_ament_install'
[0.178s] Level 1:colcon.colcon_core.package_identification:_identify(.) by extensions ['colcon_pkg']
[0.178s] Level 1:colcon.colcon_core.package_identification:_identify(.) by extension 'colcon_pkg'
[0.179s] Level 1:colcon.colcon_core.package_identification:_identify(.) by extensions ['colcon_meta']
[0.179s] Level 1:colcon.colcon_core.package_identification:_identify(.) by extension 'colcon_meta'
[0.179s] Level 1:colcon.colcon_core.package_identification:_identify(.) by extensions ['ros']
[0.179s] Level 1:colcon.colcon_core.package_identification:_identify(.) by extension 'ros'
[0.190s] Level 1:colcon.colcon_core.package_identification:_identify(.) by extensions ['cmake', 'python']
[0.190s] Level 1:colcon.colcon_core.package_identification:_identify(.) by extension 'cmake'
[0.190s] Level 1:colcon.colcon_core.package_identification:_identify(.) by extension 'python'
[0.190s] Level 1:colcon.colcon_core.package_identification:_identify(.) by extensions ['python_setup_py']
[0.190s] Level 1:colcon.colcon_core.package_identification:_identify(.) by extension 'python_setup_py'
[0.190s] Level 1:colcon.colcon_core.package_identification:_identify(build) by extensions ['ignore', 'ignore_ament_install']
[0.191s] Level 1:colcon.colcon_core.package_identification:_identify(build) by extension 'ignore'
[0.191s] Level 1:colcon.colcon_core.package_identification:_identify(build) ignored
[0.191s] Level 1:colcon.colcon_core.package_identification:_identify(install) by extensions ['ignore', 'ignore_ament_install']
[0.191s] Level 1:colcon.colcon_core.package_identification:_identify(install) by extension 'ignore'
[0.191s] Level 1:colcon.colcon_core.package_identification:_identify(install) ignored
[0.191s] Level 1:colcon.colcon_core.package_identification:_identify(log) by extensions ['ignore', 'ignore_ament_install']
[0.191s] Level 1:colcon.colcon_core.package_identification:_identify(log) by extension 'ignore'
[0.191s] Level 1:colcon.colcon_core.package_identification:_identify(log) ignored
[0.191s] Level 1:colcon.colcon_core.package_identification:_identify(src) by extensions ['ignore', 'ignore_ament_install']
[0.191s] Level 1:colcon.colcon_core.package_identification:_identify(src) by extension 'ignore'
[0.191s] Level 1:colcon.colcon_core.package_identification:_identify(src) by extension 'ignore_ament_install'
[0.192s] Level 1:colcon.colcon_core.package_identification:_identify(src) by extensions ['colcon_pkg']
[0.192s] Level 1:colcon.colcon_core.package_identification:_identify(src) by extension 'colcon_pkg'
[0.192s] Level 1:colcon.colcon_core.package_identification:_identify(src) by extensions ['colcon_meta']
[0.192s] Level 1:colcon.colcon_core.package_identification:_identify(src) by extension 'colcon_meta'
[0.192s] Level 1:colcon.colcon_core.package_identification:_identify(src) by extensions ['ros']
[0.192s] Level 1:colcon.colcon_core.package_identification:_identify(src) by extension 'ros'
[0.192s] Level 1:colcon.colcon_core.package_identification:_identify(src) by extensions ['cmake', 'python']
[0.192s] Level 1:colcon.colcon_core.package_identification:_identify(src) by extension 'cmake'
[0.192s] Level 1:colcon.colcon_core.package_identification:_identify(src) by extension 'python'
[0.192s] Level 1:colcon.colcon_core.package_identification:_identify(src) by extensions ['python_setup_py']
[0.192s] Level 1:colcon.colcon_core.package_identification:_identify(src) by extension 'python_setup_py'
[0.192s] Level 1:colcon.colcon_core.package_identification:_identify(src/motpy_pifpaf) by extensions ['ignore', 'ignore_ament_install']
[0.192s] Level 1:colcon.colcon_core.package_identification:_identify(src/motpy_pifpaf) by extension 'ignore'
[0.192s] Level 1:colcon.colcon_core.package_identification:_identify(src/motpy_pifpaf) by extension 'ignore_ament_install'
[0.192s] Level 1:colcon.colcon_core.package_identification:_identify(src/motpy_pifpaf) by extensions ['colcon_pkg']
[0.192s] Level 1:colcon.colcon_core.package_identification:_identify(src/motpy_pifpaf) by extension 'colcon_pkg'
[0.192s] Level 1:colcon.colcon_core.package_identification:_identify(src/motpy_pifpaf) by extensions ['colcon_meta']
[0.193s] Level 1:colcon.colcon_core.package_identification:_identify(src/motpy_pifpaf) by extension 'colcon_meta'
[0.193s] Level 1:colcon.colcon_core.package_identification:_identify(src/motpy_pifpaf) by extensions ['ros']
[0.193s] Level 1:colcon.colcon_core.package_identification:_identify(src/motpy_pifpaf) by extension 'ros'
[0.195s] DEBUG:colcon.colcon_core.package_identification:Package 'src/motpy_pifpaf' with type 'ros.ament_python' and name 'motpy_pifpaf'
[0.195s] Level 1:colcon.colcon_core.package_identification:_identify(src/motpy_pifpaf_msg) by extensions ['ignore', 'ignore_ament_install']
[0.195s] Level 1:colcon.colcon_core.package_identification:_identify(src/motpy_pifpaf_msg) by extension 'ignore'
[0.195s] Level 1:colcon.colcon_core.package_identification:_identify(src/motpy_pifpaf_msg) by extension 'ignore_ament_install'
[0.195s] Level 1:colcon.colcon_core.package_identification:_identify(src/motpy_pifpaf_msg) by extensions ['colcon_pkg']
[0.195s] Level 1:colcon.colcon_core.package_identification:_identify(src/motpy_pifpaf_msg) by extension 'colcon_pkg'
[0.195s] Level 1:colcon.colcon_core.package_identification:_identify(src/motpy_pifpaf_msg) by extensions ['colcon_meta']
[0.196s] Level 1:colcon.colcon_core.package_identification:_identify(src/motpy_pifpaf_msg) by extension 'colcon_meta'
[0.196s] Level 1:colcon.colcon_core.package_identification:_identify(src/motpy_pifpaf_msg) by extensions ['ros']
[0.196s] Level 1:colcon.colcon_core.package_identification:_identify(src/motpy_pifpaf_msg) by extension 'ros'
[0.196s] DEBUG:colcon.colcon_core.package_identification:Package 'src/motpy_pifpaf_msg' with type 'ros.ament_cmake' and name 'motpy_pifpaf_msg'
[0.197s] Level 1:colcon.colcon_core.package_discovery:discover_packages(recursive) using defaults
[0.197s] Level 1:colcon.colcon_core.package_discovery:discover_packages(ignore) discover
[0.197s] Level 1:colcon.colcon_core.package_discovery:discover_packages(ignore) using defaults
[0.197s] Level 1:colcon.colcon_core.package_discovery:discover_packages(path) discover
[0.197s] Level 1:colcon.colcon_core.package_discovery:discover_packages(path) using defaults
[0.225s] Level 5:colcon.colcon_core.verb:set package 'motpy_pifpaf' build argument 'cmake_args' from command line to 'None'
[0.225s] Level 5:colcon.colcon_core.verb:set package 'motpy_pifpaf' build argument 'cmake_target' from command line to 'None'
[0.225s] Level 5:colcon.colcon_core.verb:set package 'motpy_pifpaf' build argument 'cmake_target_skip_unavailable' from command line to 'False'
[0.225s] Level 5:colcon.colcon_core.verb:set package 'motpy_pifpaf' build argument 'cmake_clean_cache' from command line to 'False'
[0.225s] Level 5:colcon.colcon_core.verb:set package 'motpy_pifpaf' build argument 'cmake_clean_first' from command line to 'False'
[0.225s] Level 5:colcon.colcon_core.verb:set package 'motpy_pifpaf' build argument 'cmake_force_configure' from command line to 'False'
[0.225s] Level 5:colcon.colcon_core.verb:set package 'motpy_pifpaf' build argument 'ament_cmake_args' from command line to 'None'
[0.225s] Level 5:colcon.colcon_core.verb:set package 'motpy_pifpaf' build argument 'catkin_cmake_args' from command line to 'None'
[0.226s] Level 5:colcon.colcon_core.verb:set package 'motpy_pifpaf' build argument 'catkin_skip_building_tests' from command line to 'False'
[0.226s] DEBUG:colcon.colcon_core.verb:Building package 'motpy_pifpaf' with the following arguments: {'ament_cmake_args': None, 'build_base': '/root/motpy_pifpaf/build/motpy_pifpaf', 'catkin_cmake_args': None, 'catkin_skip_building_tests': False, 'cmake_args': None, 'cmake_clean_cache': False, 'cmake_clean_first': False, 'cmake_force_configure': False, 'cmake_target': None, 'cmake_target_skip_unavailable': False, 'install_base': '/root/motpy_pifpaf/install/motpy_pifpaf', 'merge_install': False, 'path': '/root/motpy_pifpaf/src/motpy_pifpaf', 'symlink_install': False, 'test_result_base': None}
[0.227s] Level 5:colcon.colcon_core.verb:set package 'motpy_pifpaf_msg' build argument 'cmake_args' from command line to 'None'
[0.227s] Level 5:colcon.colcon_core.verb:set package 'motpy_pifpaf_msg' build argument 'cmake_target' from command line to 'None'
[0.227s] Level 5:colcon.colcon_core.verb:set package 'motpy_pifpaf_msg' build argument 'cmake_target_skip_unavailable' from command line to 'False'
[0.227s] Level 5:colcon.colcon_core.verb:set package 'motpy_pifpaf_msg' build argument 'cmake_clean_cache' from command line to 'False'
[0.227s] Level 5:colcon.colcon_core.verb:set package 'motpy_pifpaf_msg' build argument 'cmake_clean_first' from command line to 'False'
[0.227s] Level 5:colcon.colcon_core.verb:set package 'motpy_pifpaf_msg' build argument 'cmake_force_configure' from command line to 'False'
[0.227s] Level 5:colcon.colcon_core.verb:set package 'motpy_pifpaf_msg' build argument 'ament_cmake_args' from command line to 'None'
[0.227s] Level 5:colcon.colcon_core.verb:set package 'motpy_pifpaf_msg' build argument 'catkin_cmake_args' from command line to 'None'
[0.227s] Level 5:colcon.colcon_core.verb:set package 'motpy_pifpaf_msg' build argument 'catkin_skip_building_tests' from command line to 'False'
[0.227s] DEBUG:colcon.colcon_core.verb:Building package 'motpy_pifpaf_msg' with the following arguments: {'ament_cmake_args': None, 'build_base': '/root/motpy_pifpaf/build/motpy_pifpaf_msg', 'catkin_cmake_args': None, 'catkin_skip_building_tests': False, 'cmake_args': None, 'cmake_clean_cache': False, 'cmake_clean_first': False, 'cmake_force_configure': False, 'cmake_target': None, 'cmake_target_skip_unavailable': False, 'install_base': '/root/motpy_pifpaf/install/motpy_pifpaf_msg', 'merge_install': False, 'path': '/root/motpy_pifpaf/src/motpy_pifpaf_msg', 'symlink_install': False, 'test_result_base': None}
[0.228s] INFO:colcon.colcon_core.executor:Executing jobs using 'parallel' executor
[0.232s] DEBUG:colcon.colcon_parallel_executor.executor.parallel:run_until_complete
[0.232s] INFO:colcon.colcon_ros.task.ament_python.build:Building ROS package in '/root/motpy_pifpaf/src/motpy_pifpaf' with build type 'ament_python'
[0.232s] Level 1:colcon.colcon_core.shell:create_environment_hook('motpy_pifpaf', 'ament_prefix_path')
[0.237s] INFO:colcon.colcon_core.plugin_system:Skipping extension 'colcon_core.shell.bat': Not used on non-Windows systems
[0.237s] INFO:colcon.colcon_core.shell:Creating environment hook '/root/motpy_pifpaf/install/motpy_pifpaf/share/motpy_pifpaf/hook/ament_prefix_path.ps1'
[0.238s] INFO:colcon.colcon_core.shell:Creating environment descriptor '/root/motpy_pifpaf/install/motpy_pifpaf/share/motpy_pifpaf/hook/ament_prefix_path.dsv'
[0.239s] INFO:colcon.colcon_core.shell:Creating environment hook '/root/motpy_pifpaf/install/motpy_pifpaf/share/motpy_pifpaf/hook/ament_prefix_path.sh'
[0.241s] INFO:colcon.colcon_core.shell:Skip shell extension 'powershell' for command environment: Not usable outside of PowerShell
[0.241s] DEBUG:colcon.colcon_core.shell:Skip shell extension 'dsv' for command environment
[0.251s] INFO:colcon.colcon_ros.task.ament_cmake.build:Building ROS package in '/root/motpy_pifpaf/src/motpy_pifpaf_msg' with build type 'ament_cmake'
[0.251s] INFO:colcon.colcon_cmake.task.cmake.build:Building CMake package in '/root/motpy_pifpaf/src/motpy_pifpaf_msg'
[0.253s] INFO:colcon.colcon_core.shell:Skip shell extension 'powershell' for command environment: Not usable outside of PowerShell
[0.253s] DEBUG:colcon.colcon_core.shell:Skip shell extension 'dsv' for command environment
[0.476s] INFO:colcon.colcon_core.task.python.build:Building Python package in '/root/motpy_pifpaf/src/motpy_pifpaf'
[0.478s] INFO:colcon.colcon_core.shell:Skip shell extension 'powershell' for command environment: Not usable outside of PowerShell
[0.478s] DEBUG:colcon.colcon_core.shell:Skip shell extension 'dsv' for command environment
[0.489s] DEBUG:colcon.colcon_core.event_handler.log_command:Invoking command in '/root/motpy_pifpaf/build/motpy_pifpaf_msg': CMAKE_PREFIX_PATH=${CMAKE_PREFIX_PATH}:/root/motpy_pifpaf/install/motpy_pifpaf:/opt/ros/foxy _=/usr/bin/env /usr/bin/cmake --build /root/motpy_pifpaf/build/motpy_pifpaf_msg -- -j12 -l12
[0.755s] DEBUG:colcon.colcon_core.event_handler.log_command:Invoked command in '/root/motpy_pifpaf/build/motpy_pifpaf_msg' returned '0': CMAKE_PREFIX_PATH=${CMAKE_PREFIX_PATH}:/root/motpy_pifpaf/install/motpy_pifpaf:/opt/ros/foxy _=/usr/bin/env /usr/bin/cmake --build /root/motpy_pifpaf/build/motpy_pifpaf_msg -- -j12 -l12
[0.930s] DEBUG:colcon.colcon_core.event_handler.log_command:Invoking command in '/root/motpy_pifpaf/build/motpy_pifpaf_msg': CMAKE_PREFIX_PATH=${CMAKE_PREFIX_PATH}:/root/motpy_pifpaf/install/motpy_pifpaf:/opt/ros/foxy _=/usr/bin/env /usr/bin/cmake --install /root/motpy_pifpaf/build/motpy_pifpaf_msg
[0.961s] DEBUG:colcon.colcon_core.event_handler.log_command:Invoking command in '/root/motpy_pifpaf/src/motpy_pifpaf': PYTHONPATH=/root/motpy_pifpaf/install/motpy_pifpaf/lib/python3.8/site-packages:${PYTHONPATH} _=/usr/bin/env /usr/bin/python3 setup.py egg_info --egg-base ../../build/motpy_pifpaf build --build-base /root/motpy_pifpaf/build/motpy_pifpaf/build install --prefix /root/motpy_pifpaf/install/motpy_pifpaf --record /root/motpy_pifpaf/build/motpy_pifpaf/install.log --single-version-externally-managed
[1.009s] Level 1:colcon.colcon_core.environment:create_environment_scripts_only(motpy_pifpaf_msg)
[1.010s] DEBUG:colcon.colcon_core.event_handler.log_command:Invoked command in '/root/motpy_pifpaf/build/motpy_pifpaf_msg' returned '0': CMAKE_PREFIX_PATH=${CMAKE_PREFIX_PATH}:/root/motpy_pifpaf/install/motpy_pifpaf:/opt/ros/foxy _=/usr/bin/env /usr/bin/cmake --install /root/motpy_pifpaf/build/motpy_pifpaf_msg
[1.017s] Level 1:colcon.colcon_core.environment:checking '/root/motpy_pifpaf/install/motpy_pifpaf_msg' for CMake module files
[1.018s] Level 1:colcon.colcon_core.environment:checking '/root/motpy_pifpaf/install/motpy_pifpaf_msg' for CMake config files
[1.018s] Level 1:colcon.colcon_core.shell:create_environment_hook('motpy_pifpaf_msg', 'cmake_prefix_path')
[1.021s] INFO:colcon.colcon_core.shell:Creating environment hook '/root/motpy_pifpaf/install/motpy_pifpaf_msg/share/motpy_pifpaf_msg/hook/cmake_prefix_path.ps1'
[1.022s] INFO:colcon.colcon_core.shell:Creating environment descriptor '/root/motpy_pifpaf/install/motpy_pifpaf_msg/share/motpy_pifpaf_msg/hook/cmake_prefix_path.dsv'
[1.022s] INFO:colcon.colcon_core.shell:Creating environment hook '/root/motpy_pifpaf/install/motpy_pifpaf_msg/share/motpy_pifpaf_msg/hook/cmake_prefix_path.sh'
[1.024s] Level 1:colcon.colcon_core.environment:checking '/root/motpy_pifpaf/install/motpy_pifpaf_msg/lib'
[1.024s] Level 1:colcon.colcon_core.shell:create_environment_hook('motpy_pifpaf_msg', 'ld_library_path_lib')
[1.027s] INFO:colcon.colcon_core.shell:Creating environment hook '/root/motpy_pifpaf/install/motpy_pifpaf_msg/share/motpy_pifpaf_msg/hook/ld_library_path_lib.ps1'
[1.027s] INFO:colcon.colcon_core.shell:Creating environment descriptor '/root/motpy_pifpaf/install/motpy_pifpaf_msg/share/motpy_pifpaf_msg/hook/ld_library_path_lib.dsv'
[1.028s] INFO:colcon.colcon_core.shell:Creating environment hook '/root/motpy_pifpaf/install/motpy_pifpaf_msg/share/motpy_pifpaf_msg/hook/ld_library_path_lib.sh'
[1.028s] Level 1:colcon.colcon_core.environment:checking '/root/motpy_pifpaf/install/motpy_pifpaf_msg/bin'
[1.029s] Level 1:colcon.colcon_core.environment:checking '/root/motpy_pifpaf/install/motpy_pifpaf_msg/lib/pkgconfig/motpy_pifpaf_msg.pc'
[1.029s] Level 1:colcon.colcon_core.environment:checking '/root/motpy_pifpaf/install/motpy_pifpaf_msg/lib/python3.8/site-packages'
[1.029s] Level 1:colcon.colcon_core.shell:create_environment_hook('motpy_pifpaf_msg', 'pythonpath')
[1.031s] INFO:colcon.colcon_core.shell:Creating environment hook '/root/motpy_pifpaf/install/motpy_pifpaf_msg/share/motpy_pifpaf_msg/hook/pythonpath.ps1'
[1.032s] INFO:colcon.colcon_core.shell:Creating environment descriptor '/root/motpy_pifpaf/install/motpy_pifpaf_msg/share/motpy_pifpaf_msg/hook/pythonpath.dsv'
[1.033s] INFO:colcon.colcon_core.shell:Creating environment hook '/root/motpy_pifpaf/install/motpy_pifpaf_msg/share/motpy_pifpaf_msg/hook/pythonpath.sh'
[1.034s] Level 1:colcon.colcon_core.environment:checking '/root/motpy_pifpaf/install/motpy_pifpaf_msg/bin'
[1.037s] INFO:colcon.colcon_core.shell:Creating package script '/root/motpy_pifpaf/install/motpy_pifpaf_msg/share/motpy_pifpaf_msg/package.ps1'
[1.038s] INFO:colcon.colcon_core.shell:Creating package descriptor '/root/motpy_pifpaf/install/motpy_pifpaf_msg/share/motpy_pifpaf_msg/package.dsv'
[1.040s] INFO:colcon.colcon_core.shell:Creating package script '/root/motpy_pifpaf/install/motpy_pifpaf_msg/share/motpy_pifpaf_msg/package.sh'
[1.041s] INFO:colcon.colcon_core.shell:Creating package script '/root/motpy_pifpaf/install/motpy_pifpaf_msg/share/motpy_pifpaf_msg/package.bash'
[1.043s] INFO:colcon.colcon_core.shell:Creating package script '/root/motpy_pifpaf/install/motpy_pifpaf_msg/share/motpy_pifpaf_msg/package.zsh'
[1.044s] Level 1:colcon.colcon_core.environment:create_file_with_runtime_dependencies(/root/motpy_pifpaf/install/motpy_pifpaf_msg/share/colcon-core/packages/motpy_pifpaf_msg)
[1.200s] Level 1:colcon.colcon_core.environment:create_environment_scripts_only(motpy_pifpaf_msg)
[1.203s] Level 1:colcon.colcon_core.environment:checking '/root/motpy_pifpaf/install/motpy_pifpaf_msg' for CMake module files
[1.206s] Level 1:colcon.colcon_core.environment:checking '/root/motpy_pifpaf/install/motpy_pifpaf_msg' for CMake config files
[1.206s] Level 1:colcon.colcon_core.shell:create_environment_hook('motpy_pifpaf_msg', 'cmake_prefix_path')
[1.208s] INFO:colcon.colcon_core.shell:Creating environment hook '/root/motpy_pifpaf/install/motpy_pifpaf_msg/share/motpy_pifpaf_msg/hook/cmake_prefix_path.ps1'
[1.209s] INFO:colcon.colcon_core.shell:Creating environment descriptor '/root/motpy_pifpaf/install/motpy_pifpaf_msg/share/motpy_pifpaf_msg/hook/cmake_prefix_path.dsv'
[1.209s] INFO:colcon.colcon_core.shell:Creating environment hook '/root/motpy_pifpaf/install/motpy_pifpaf_msg/share/motpy_pifpaf_msg/hook/cmake_prefix_path.sh'
[1.210s] Level 1:colcon.colcon_core.environment:checking '/root/motpy_pifpaf/install/motpy_pifpaf_msg/lib'
[1.210s] Level 1:colcon.colcon_core.shell:create_environment_hook('motpy_pifpaf_msg', 'ld_library_path_lib')
[1.212s] INFO:colcon.colcon_core.shell:Creating environment hook '/root/motpy_pifpaf/install/motpy_pifpaf_msg/share/motpy_pifpaf_msg/hook/ld_library_path_lib.ps1'
[1.212s] INFO:colcon.colcon_core.shell:Creating environment descriptor '/root/motpy_pifpaf/install/motpy_pifpaf_msg/share/motpy_pifpaf_msg/hook/ld_library_path_lib.dsv'
[1.213s] INFO:colcon.colcon_core.shell:Creating environment hook '/root/motpy_pifpaf/install/motpy_pifpaf_msg/share/motpy_pifpaf_msg/hook/ld_library_path_lib.sh'
[1.213s] Level 1:colcon.colcon_core.environment:checking '/root/motpy_pifpaf/install/motpy_pifpaf_msg/bin'
[1.213s] Level 1:colcon.colcon_core.environment:checking '/root/motpy_pifpaf/install/motpy_pifpaf_msg/lib/pkgconfig/motpy_pifpaf_msg.pc'
[1.214s] Level 1:colcon.colcon_core.environment:checking '/root/motpy_pifpaf/install/motpy_pifpaf_msg/lib/python3.8/site-packages'
[1.214s] Level 1:colcon.colcon_core.shell:create_environment_hook('motpy_pifpaf_msg', 'pythonpath')
[1.216s] INFO:colcon.colcon_core.shell:Creating environment hook '/root/motpy_pifpaf/install/motpy_pifpaf_msg/share/motpy_pifpaf_msg/hook/pythonpath.ps1'
[1.217s] INFO:colcon.colcon_core.shell:Creating environment descriptor '/root/motpy_pifpaf/install/motpy_pifpaf_msg/share/motpy_pifpaf_msg/hook/pythonpath.dsv'
[1.218s] INFO:colcon.colcon_core.shell:Creating environment hook '/root/motpy_pifpaf/install/motpy_pifpaf_msg/share/motpy_pifpaf_msg/hook/pythonpath.sh'
[1.218s] Level 1:colcon.colcon_core.environment:checking '/root/motpy_pifpaf/install/motpy_pifpaf_msg/bin'
[1.221s] INFO:colcon.colcon_core.shell:Creating package script '/root/motpy_pifpaf/install/motpy_pifpaf_msg/share/motpy_pifpaf_msg/package.ps1'
[1.222s] INFO:colcon.colcon_core.shell:Creating package descriptor '/root/motpy_pifpaf/install/motpy_pifpaf_msg/share/motpy_pifpaf_msg/package.dsv'
[1.223s] INFO:colcon.colcon_core.shell:Creating package script '/root/motpy_pifpaf/install/motpy_pifpaf_msg/share/motpy_pifpaf_msg/package.sh'
[1.223s] INFO:colcon.colcon_core.shell:Creating package script '/root/motpy_pifpaf/install/motpy_pifpaf_msg/share/motpy_pifpaf_msg/package.bash'
[1.224s] INFO:colcon.colcon_core.shell:Creating package script '/root/motpy_pifpaf/install/motpy_pifpaf_msg/share/motpy_pifpaf_msg/package.zsh'
[1.225s] Level 1:colcon.colcon_core.environment:create_file_with_runtime_dependencies(/root/motpy_pifpaf/install/motpy_pifpaf_msg/share/colcon-core/packages/motpy_pifpaf_msg)
[1.313s] Level 1:colcon.colcon_core.environment:checking '/root/motpy_pifpaf/install/motpy_pifpaf' for CMake module files
[1.314s] DEBUG:colcon.colcon_core.event_handler.log_command:Invoked command in '/root/motpy_pifpaf/src/motpy_pifpaf' returned '0': PYTHONPATH=/root/motpy_pifpaf/install/motpy_pifpaf/lib/python3.8/site-packages:${PYTHONPATH} _=/usr/bin/env /usr/bin/python3 setup.py egg_info --egg-base ../../build/motpy_pifpaf build --build-base /root/motpy_pifpaf/build/motpy_pifpaf/build install --prefix /root/motpy_pifpaf/install/motpy_pifpaf --record /root/motpy_pifpaf/build/motpy_pifpaf/install.log --single-version-externally-managed
[1.314s] Level 1:colcon.colcon_core.environment:checking '/root/motpy_pifpaf/install/motpy_pifpaf' for CMake config files
[1.315s] Level 1:colcon.colcon_core.environment:checking '/root/motpy_pifpaf/install/motpy_pifpaf/lib'
[1.315s] Level 1:colcon.colcon_core.environment:checking '/root/motpy_pifpaf/install/motpy_pifpaf/bin'
[1.315s] Level 1:colcon.colcon_core.environment:checking '/root/motpy_pifpaf/install/motpy_pifpaf/lib/pkgconfig/motpy_pifpaf.pc'
[1.316s] Level 1:colcon.colcon_core.environment:checking '/root/motpy_pifpaf/install/motpy_pifpaf/lib/python3.8/site-packages'
[1.316s] Level 1:colcon.colcon_core.shell:create_environment_hook('motpy_pifpaf', 'pythonpath')
[1.319s] INFO:colcon.colcon_core.shell:Creating environment hook '/root/motpy_pifpaf/install/motpy_pifpaf/share/motpy_pifpaf/hook/pythonpath.ps1'
[1.319s] INFO:colcon.colcon_core.shell:Creating environment descriptor '/root/motpy_pifpaf/install/motpy_pifpaf/share/motpy_pifpaf/hook/pythonpath.dsv'
[1.320s] INFO:colcon.colcon_core.shell:Creating environment hook '/root/motpy_pifpaf/install/motpy_pifpaf/share/motpy_pifpaf/hook/pythonpath.sh'
[1.321s] Level 1:colcon.colcon_core.environment:checking '/root/motpy_pifpaf/install/motpy_pifpaf/bin'
[1.321s] Level 1:colcon.colcon_core.environment:create_environment_scripts_only(motpy_pifpaf)
[1.324s] INFO:colcon.colcon_core.shell:Creating package script '/root/motpy_pifpaf/install/motpy_pifpaf/share/motpy_pifpaf/package.ps1'
[1.324s] INFO:colcon.colcon_core.shell:Creating package descriptor '/root/motpy_pifpaf/install/motpy_pifpaf/share/motpy_pifpaf/package.dsv'
[1.325s] INFO:colcon.colcon_core.shell:Creating package script '/root/motpy_pifpaf/install/motpy_pifpaf/share/motpy_pifpaf/package.sh'
[1.326s] INFO:colcon.colcon_core.shell:Creating package script '/root/motpy_pifpaf/install/motpy_pifpaf/share/motpy_pifpaf/package.bash'
[1.326s] INFO:colcon.colcon_core.shell:Creating package script '/root/motpy_pifpaf/install/motpy_pifpaf/share/motpy_pifpaf/package.zsh'
[1.327s] Level 1:colcon.colcon_core.environment:create_file_with_runtime_dependencies(/root/motpy_pifpaf/install/motpy_pifpaf/share/colcon-core/packages/motpy_pifpaf)
[1.327s] DEBUG:colcon.colcon_parallel_executor.executor.parallel:closing loop
[1.328s] DEBUG:colcon.colcon_parallel_executor.executor.parallel:loop closed
[1.328s] DEBUG:colcon.colcon_parallel_executor.executor.parallel:run_until_complete finished with '0'
[1.328s] DEBUG:colcon.colcon_core.event_reactor:joining thread
[1.338s] INFO:colcon.colcon_core.plugin_system:Skipping extension 'colcon_notification.desktop_notification.notify_send': Could not find 'notify-send'
[1.339s] INFO:colcon.colcon_core.plugin_system:Skipping extension 'colcon_notification.desktop_notification.terminal_notifier': Not used on non-Darwin systems
[1.339s] INFO:colcon.colcon_core.plugin_system:Skipping extension 'colcon_notification.desktop_notification.win32': Not used on non-Windows systems
[1.339s] INFO:colcon.colcon_notification.desktop_notification:Sending desktop notification using 'notify2'
[1.346s] DEBUG:colcon.colcon_notification.desktop_notification.notify2:Failed to initialize notify2: org.freedesktop.DBus.Error.ServiceUnknown: The name org.freedesktop.Notifications was not provided by any .service files
[1.346s] DEBUG:colcon.colcon_core.event_reactor:joined thread
[1.350s] INFO:colcon.colcon_core.shell:Creating prefix script '/root/motpy_pifpaf/install/local_setup.ps1'
[1.352s] INFO:colcon.colcon_core.shell:Creating prefix util module '/root/motpy_pifpaf/install/_local_setup_util_ps1.py'
[1.355s] INFO:colcon.colcon_core.shell:Creating prefix chain script '/root/motpy_pifpaf/install/setup.ps1'
[1.358s] INFO:colcon.colcon_core.shell:Creating prefix script '/root/motpy_pifpaf/install/local_setup.sh'
[1.359s] INFO:colcon.colcon_core.shell:Creating prefix util module '/root/motpy_pifpaf/install/_local_setup_util_sh.py'
[1.360s] INFO:colcon.colcon_core.shell:Creating prefix chain script '/root/motpy_pifpaf/install/setup.sh'
[1.363s] INFO:colcon.colcon_core.shell:Creating prefix script '/root/motpy_pifpaf/install/local_setup.bash'
[1.364s] INFO:colcon.colcon_core.shell:Creating prefix chain script '/root/motpy_pifpaf/install/setup.bash'
[1.367s] INFO:colcon.colcon_core.shell:Creating prefix script '/root/motpy_pifpaf/install/local_setup.zsh'
[1.368s] INFO:colcon.colcon_core.shell:Creating prefix chain script '/root/motpy_pifpaf/install/setup.zsh'
