[0.605s] Invoking command in '/root/motpy_pifpaf/src/motpy_pifpaf': PYTHONPATH=/root/motpy_pifpaf/install/motpy_pifpaf/lib/python3.8/site-packages:${PYTHONPATH} _=/usr/bin/env /usr/bin/python3 setup.py egg_info --egg-base ../../build/motpy_pifpaf build --build-base /root/motpy_pifpaf/build/motpy_pifpaf/build install --prefix /root/motpy_pifpaf/install/motpy_pifpaf --record /root/motpy_pifpaf/build/motpy_pifpaf/install.log --single-version-externally-managed
[0.808s] running egg_info
[0.808s] writing ../../build/motpy_pifpaf/motpy_pifpaf.egg-info/PKG-INFO
[0.809s] writing dependency_links to ../../build/motpy_pifpaf/motpy_pifpaf.egg-info/dependency_links.txt
[0.809s] writing entry points to ../../build/motpy_pifpaf/motpy_pifpaf.egg-info/entry_points.txt
[0.809s] writing requirements to ../../build/motpy_pifpaf/motpy_pifpaf.egg-info/requires.txt
[0.809s] writing top-level names to ../../build/motpy_pifpaf/motpy_pifpaf.egg-info/top_level.txt
[0.839s] reading manifest file '../../build/motpy_pifpaf/motpy_pifpaf.egg-info/SOURCES.txt'
[0.840s] writing manifest file '../../build/motpy_pifpaf/motpy_pifpaf.egg-info/SOURCES.txt'
[0.840s] running build
[0.840s] running build_py
[0.840s] running install
[0.841s] running install_lib
[0.842s] running install_data
[0.843s] running install_egg_info
[0.844s] removing '/root/motpy_pifpaf/install/motpy_pifpaf/lib/python3.8/site-packages/motpy_pifpaf-0.0.0-py3.8.egg-info' (and everything under it)
[0.845s] Copying ../../build/motpy_pifpaf/motpy_pifpaf.egg-info to /root/motpy_pifpaf/install/motpy_pifpaf/lib/python3.8/site-packages/motpy_pifpaf-0.0.0-py3.8.egg-info
[0.846s] running install_scripts
[0.860s] Installing motpy_pifpaf script to /root/motpy_pifpaf/install/motpy_pifpaf/lib/motpy_pifpaf
[0.861s] writing list of installed files to '/root/motpy_pifpaf/build/motpy_pifpaf/install.log'
[0.883s] Invoked command in '/root/motpy_pifpaf/src/motpy_pifpaf' returned '0': PYTHONPATH=/root/motpy_pifpaf/install/motpy_pifpaf/lib/python3.8/site-packages:${PYTHONPATH} _=/usr/bin/env /usr/bin/python3 setup.py egg_info --egg-base ../../build/motpy_pifpaf build --build-base /root/motpy_pifpaf/build/motpy_pifpaf/build install --prefix /root/motpy_pifpaf/install/motpy_pifpaf --record /root/motpy_pifpaf/build/motpy_pifpaf/install.log --single-version-externally-managed
