[0.692s] Invoking command in '/root/motpy_pifpaf/build/motpy_pifpaf_msg': CMAKE_PREFIX_PATH=/opt/ros/foxy _=/usr/bin/env /usr/bin/cmake /root/motpy_pifpaf/src/motpy_pifpaf_msg -DCMAKE_INSTALL_PREFIX=/root/motpy_pifpaf/install/motpy_pifpaf_msg
[0.730s] -- Found ament_cmake: 0.9.11 (/opt/ros/foxy/share/ament_cmake/cmake)
[0.830s] -- Using PYTHON_EXECUTABLE: /usr/bin/python3
[1.446s] -- Found ament_lint_auto: 0.9.7 (/opt/ros/foxy/share/ament_lint_auto/cmake)
[1.449s] -- Found geometry_msgs: 2.0.5 (/opt/ros/foxy/share/geometry_msgs/cmake)
[1.573s] -- Using all available rosidl_typesupport_c: rosidl_typesupport_fastrtps_c;rosidl_typesupport_introspection_c
[1.599s] -- Found rosidl_adapter: 1.3.0 (/opt/ros/foxy/share/rosidl_adapter/cmake)
[2.166s] -- Using all available rosidl_typesupport_cpp: rosidl_typesupport_fastrtps_cpp;rosidl_typesupport_introspection_cpp
[2.341s] -- Found rosidl_default_generators: 1.0.1 (/opt/ros/foxy/share/rosidl_default_generators/cmake)
[2.386s] -- Found sensor_msgs: 2.0.5 (/opt/ros/foxy/share/sensor_msgs/cmake)
[2.684s] -- Found visualization_msgs: 2.0.5 (/opt/ros/foxy/share/visualization_msgs/cmake)
[3.099s] -- Found PythonInterp: /usr/bin/python3 (found version "3.8.10") 
[3.893s] CMake Error at /opt/ros/foxy/share/rosidl_cmake/cmake/rosidl_generate_interfaces.cmake:229 (message):
[3.893s]   Packages installing interfaces must include
[3.893s]   '<member_of_group>rosidl_interface_packages</member_of_group>' in their
[3.893s]   package.xml
[3.894s] Call Stack (most recent call first):
[3.894s]   CMakeLists.txt:39 (rosidl_generate_interfaces)
[3.894s] 
[3.894s] 
[3.896s] -- Configuring incomplete, errors occurred!
[3.897s] See also "/root/motpy_pifpaf/build/motpy_pifpaf_msg/CMakeFiles/CMakeOutput.log".
[3.923s] Invoked command in '/root/motpy_pifpaf/build/motpy_pifpaf_msg' returned '1': CMAKE_PREFIX_PATH=/opt/ros/foxy _=/usr/bin/env /usr/bin/cmake /root/motpy_pifpaf/src/motpy_pifpaf_msg -DCMAKE_INSTALL_PREFIX=/root/motpy_pifpaf/install/motpy_pifpaf_msg
