[0.204s] Invoking command in '/root/motpy_pifpaf/build/motpy_pifpaf_msg': CMAKE_PREFIX_PATH=/opt/ros/foxy _=/usr/bin/env /usr/bin/cmake --build /root/motpy_pifpaf/build/motpy_pifpaf_msg -- -j12 -l12
[0.284s] -- Found ament_cmake: 0.9.11 (/opt/ros/foxy/share/ament_cmake/cmake)
[0.308s] -- Found PythonInterp: /usr/bin/python3 (found suitable version "3.8.10", minimum required is "3") 
[0.309s] -- Using PYTHON_EXECUTABLE: /usr/bin/python3
[0.487s] -- Found geometry_msgs: 2.0.5 (/opt/ros/foxy/share/geometry_msgs/cmake)
[0.519s] -- Using all available rosidl_typesupport_c: rosidl_typesupport_fastrtps_c;rosidl_typesupport_introspection_c
[0.524s] -- Found rosidl_adapter: 1.3.0 (/opt/ros/foxy/share/rosidl_adapter/cmake)
[0.698s] -- Using all available rosidl_typesupport_cpp: rosidl_typesupport_fastrtps_cpp;rosidl_typesupport_introspection_cpp
[0.786s] -- Found rosidl_default_generators: 1.0.1 (/opt/ros/foxy/share/rosidl_default_generators/cmake)
[0.797s] -- Found sensor_msgs: 2.0.5 (/opt/ros/foxy/share/sensor_msgs/cmake)
[0.865s] -- Found visualization_msgs: 2.0.5 (/opt/ros/foxy/share/visualization_msgs/cmake)
[0.952s] -- Found PythonInterp: /usr/bin/python3 (found version "3.8.10") 
[1.110s] -- Found ament_cmake_ros: 0.9.2 (/opt/ros/foxy/share/ament_cmake_ros/cmake)
[1.391s] -- Using all available rosidl_typesupport_c: rosidl_typesupport_fastrtps_c;rosidl_typesupport_introspection_c
[1.502s] -- Using all available rosidl_typesupport_cpp: rosidl_typesupport_fastrtps_cpp;rosidl_typesupport_introspection_cpp
[1.525s] -- Found PythonInterp: /usr/bin/python3 (found suitable version "3.8.10", minimum required is "3.5") 
[1.525s] -- Found python_cmake_module: 0.8.1 (/opt/ros/foxy/share/python_cmake_module/cmake)
[1.548s] -- Using PYTHON_EXECUTABLE: /usr/bin/python3
[1.548s] -- Using PYTHON_INCLUDE_DIRS: /usr/include/python3.8
[1.548s] -- Using PYTHON_LIBRARIES: /usr/lib/x86_64-linux-gnu/libpython3.8.so
[1.601s] -- Found ament_lint_auto: 0.9.7 (/opt/ros/foxy/share/ament_lint_auto/cmake)
[1.626s] -- Added test 'copyright' to check source files copyright and LICENSE
[1.628s] -- Added test 'lint_cmake' to check CMake code style
[1.630s] -- Added test 'xmllint' to check XML markup files
[1.635s] -- Configuring done
[1.723s] -- Generating done
[1.728s] -- Build files have been written to: /root/motpy_pifpaf/build/motpy_pifpaf_msg
[1.756s] [35m[1mScanning dependencies of target motpy_pifpaf_msg__rosidl_generator_c[0m
[1.761s] [  2%] Built target motpy_pifpaf_msg__cpp
[1.770s] [  5%] [32mBuilding C object CMakeFiles/motpy_pifpaf_msg__rosidl_generator_c.dir/rosidl_generator_c/motpy_pifpaf_msg/msg/detail/pose__functions.c.o[0m
[1.772s] [  7%] [32mBuilding C object CMakeFiles/motpy_pifpaf_msg__rosidl_generator_c.dir/rosidl_generator_c/motpy_pifpaf_msg/msg/detail/poses__functions.c.o[0m
[1.777s] [35m[1mScanning dependencies of target motpy_pifpaf_msg__rosidl_typesupport_cpp[0m
[1.777s] [35m[1mScanning dependencies of target motpy_pifpaf_msg__rosidl_typesupport_fastrtps_cpp[0m
[1.778s] [35m[1mScanning dependencies of target motpy_pifpaf_msg__rosidl_typesupport_introspection_cpp[0m
[1.792s] [ 12%] [32mBuilding CXX object CMakeFiles/motpy_pifpaf_msg__rosidl_typesupport_introspection_cpp.dir/rosidl_typesupport_introspection_cpp/motpy_pifpaf_msg/msg/detail/pose__type_support.cpp.o[0m
[1.792s] [ 12%] [32mBuilding CXX object CMakeFiles/motpy_pifpaf_msg__rosidl_typesupport_cpp.dir/rosidl_typesupport_cpp/motpy_pifpaf_msg/msg/pose__type_support.cpp.o[0m
[1.792s] [ 15%] [32mBuilding CXX object CMakeFiles/motpy_pifpaf_msg__rosidl_typesupport_cpp.dir/rosidl_typesupport_cpp/motpy_pifpaf_msg/msg/poses__type_support.cpp.o[0m
[1.792s] [ 17%] [32mBuilding CXX object CMakeFiles/motpy_pifpaf_msg__rosidl_typesupport_introspection_cpp.dir/rosidl_typesupport_introspection_cpp/motpy_pifpaf_msg/msg/detail/poses__type_support.cpp.o[0m
[1.794s] [ 20%] [32mBuilding CXX object CMakeFiles/motpy_pifpaf_msg__rosidl_typesupport_fastrtps_cpp.dir/rosidl_typesupport_fastrtps_cpp/motpy_pifpaf_msg/msg/detail/dds_fastrtps/pose__type_support.cpp.o[0m
[1.795s] [ 23%] [32mBuilding CXX object CMakeFiles/motpy_pifpaf_msg__rosidl_typesupport_fastrtps_cpp.dir/rosidl_typesupport_fastrtps_cpp/motpy_pifpaf_msg/msg/detail/dds_fastrtps/poses__type_support.cpp.o[0m
[1.999s] [ 25%] [32m[1mLinking C shared library libmotpy_pifpaf_msg__rosidl_generator_c.so[0m
[2.075s] [ 28%] Built target motpy_pifpaf_msg__rosidl_generator_c
[2.092s] [35m[1mScanning dependencies of target motpy_pifpaf_msg__rosidl_typesupport_introspection_c[0m
[2.092s] [35m[1mScanning dependencies of target motpy_pifpaf_msg__rosidl_typesupport_c[0m
[2.109s] [ 30%] [32mBuilding C object CMakeFiles/motpy_pifpaf_msg__rosidl_typesupport_introspection_c.dir/rosidl_typesupport_introspection_c/motpy_pifpaf_msg/msg/detail/pose__type_support.c.o[0m
[2.112s] [ 33%] [32mBuilding CXX object CMakeFiles/motpy_pifpaf_msg__rosidl_typesupport_c.dir/rosidl_typesupport_c/motpy_pifpaf_msg/msg/pose__type_support.cpp.o[0m
[2.113s] [ 35%] [32mBuilding CXX object CMakeFiles/motpy_pifpaf_msg__rosidl_typesupport_c.dir/rosidl_typesupport_c/motpy_pifpaf_msg/msg/poses__type_support.cpp.o[0m
[2.116s] [ 38%] [32mBuilding C object CMakeFiles/motpy_pifpaf_msg__rosidl_typesupport_introspection_c.dir/rosidl_typesupport_introspection_c/motpy_pifpaf_msg/msg/detail/poses__type_support.c.o[0m
[2.156s] [ 41%] [32m[1mLinking CXX shared library libmotpy_pifpaf_msg__rosidl_typesupport_c.so[0m
[2.161s] [ 43%] [32m[1mLinking C shared library libmotpy_pifpaf_msg__rosidl_typesupport_introspection_c.so[0m
[2.207s] [ 46%] Built target motpy_pifpaf_msg__rosidl_typesupport_c
[2.211s] [ 48%] Built target motpy_pifpaf_msg__rosidl_typesupport_introspection_c
[2.313s] [ 51%] [32m[1mLinking CXX shared library libmotpy_pifpaf_msg__rosidl_typesupport_cpp.so[0m
[2.347s] [ 53%] [32m[1mLinking CXX shared library libmotpy_pifpaf_msg__rosidl_typesupport_introspection_cpp.so[0m
[2.357s] [ 56%] Built target motpy_pifpaf_msg__rosidl_typesupport_cpp
[2.422s] [ 58%] Built target motpy_pifpaf_msg__rosidl_typesupport_introspection_cpp
[2.519s] [ 61%] [32m[1mLinking CXX shared library libmotpy_pifpaf_msg__rosidl_typesupport_fastrtps_cpp.so[0m
[2.633s] [ 64%] Built target motpy_pifpaf_msg__rosidl_typesupport_fastrtps_cpp
[2.645s] [35m[1mScanning dependencies of target motpy_pifpaf_msg__rosidl_typesupport_fastrtps_c[0m
[2.661s] [ 66%] [32mBuilding CXX object CMakeFiles/motpy_pifpaf_msg__rosidl_typesupport_fastrtps_c.dir/rosidl_typesupport_fastrtps_c/motpy_pifpaf_msg/msg/detail/pose__type_support_c.cpp.o[0m
[2.661s] [ 69%] [32mBuilding CXX object CMakeFiles/motpy_pifpaf_msg__rosidl_typesupport_fastrtps_c.dir/rosidl_typesupport_fastrtps_c/motpy_pifpaf_msg/msg/detail/poses__type_support_c.cpp.o[0m
[2.953s] [ 71%] [32m[1mLinking CXX shared library libmotpy_pifpaf_msg__rosidl_typesupport_fastrtps_c.so[0m
[3.031s] [ 74%] Built target motpy_pifpaf_msg__rosidl_typesupport_fastrtps_c
[3.050s] [ 74%] Built target motpy_pifpaf_msg
[3.071s] [ 76%] Built target motpy_pifpaf_msg__py
[3.082s] [35m[1mScanning dependencies of target motpy_pifpaf_msg__python[0m
[3.101s] [ 79%] [32mBuilding C object CMakeFiles/motpy_pifpaf_msg__python.dir/rosidl_generator_py/motpy_pifpaf_msg/msg/_pose_s.c.o[0m
[3.101s] [ 82%] [32mBuilding C object CMakeFiles/motpy_pifpaf_msg__python.dir/rosidl_generator_py/motpy_pifpaf_msg/msg/_poses_s.c.o[0m
[3.249s] [ 84%] [32m[1mLinking C shared library rosidl_generator_py/motpy_pifpaf_msg/libmotpy_pifpaf_msg__python.so[0m
[3.293s] [ 84%] Built target motpy_pifpaf_msg__python
[3.304s] [35m[1mScanning dependencies of target motpy_pifpaf_msg__rosidl_typesupport_c__pyext[0m
[3.304s] [35m[1mScanning dependencies of target motpy_pifpaf_msg__rosidl_typesupport_fastrtps_c__pyext[0m
[3.304s] [35m[1mScanning dependencies of target motpy_pifpaf_msg__rosidl_typesupport_introspection_c__pyext[0m
[3.321s] [ 89%] [32mBuilding C object CMakeFiles/motpy_pifpaf_msg__rosidl_typesupport_introspection_c__pyext.dir/rosidl_generator_py/motpy_pifpaf_msg/_motpy_pifpaf_msg_s.ep.rosidl_typesupport_introspection_c.c.o[0m
[3.321s] [ 89%] [32mBuilding C object CMakeFiles/motpy_pifpaf_msg__rosidl_typesupport_c__pyext.dir/rosidl_generator_py/motpy_pifpaf_msg/_motpy_pifpaf_msg_s.ep.rosidl_typesupport_c.c.o[0m
[3.323s] [ 92%] [32mBuilding C object CMakeFiles/motpy_pifpaf_msg__rosidl_typesupport_fastrtps_c__pyext.dir/rosidl_generator_py/motpy_pifpaf_msg/_motpy_pifpaf_msg_s.ep.rosidl_typesupport_fastrtps_c.c.o[0m
[3.395s] [ 97%] [32m[1mLinking C shared library rosidl_generator_py/motpy_pifpaf_msg/motpy_pifpaf_msg_s__rosidl_typesupport_introspection_c.cpython-38-x86_64-linux-gnu.so[0m
[3.395s] [ 97%] [32m[1mLinking C shared library rosidl_generator_py/motpy_pifpaf_msg/motpy_pifpaf_msg_s__rosidl_typesupport_c.cpython-38-x86_64-linux-gnu.so[0m
[3.399s] [100%] [32m[1mLinking CXX shared library rosidl_generator_py/motpy_pifpaf_msg/motpy_pifpaf_msg_s__rosidl_typesupport_fastrtps_c.cpython-38-x86_64-linux-gnu.so[0m
[3.437s] [100%] Built target motpy_pifpaf_msg__rosidl_typesupport_introspection_c__pyext
[3.437s] [100%] Built target motpy_pifpaf_msg__rosidl_typesupport_c__pyext
[3.469s] [100%] Built target motpy_pifpaf_msg__rosidl_typesupport_fastrtps_c__pyext
[3.480s] Invoked command in '/root/motpy_pifpaf/build/motpy_pifpaf_msg' returned '0': CMAKE_PREFIX_PATH=/opt/ros/foxy _=/usr/bin/env /usr/bin/cmake --build /root/motpy_pifpaf/build/motpy_pifpaf_msg -- -j12 -l12
[3.603s] Invoking command in '/root/motpy_pifpaf/build/motpy_pifpaf_msg': CMAKE_PREFIX_PATH=/opt/ros/foxy _=/usr/bin/env /usr/bin/cmake --install /root/motpy_pifpaf/build/motpy_pifpaf_msg
[3.610s] -- Install configuration: ""
[3.611s] -- Up-to-date: /root/motpy_pifpaf/install/motpy_pifpaf_msg/share/ament_index/resource_index/rosidl_interfaces/motpy_pifpaf_msg
[3.611s] -- Up-to-date: /root/motpy_pifpaf/install/motpy_pifpaf_msg/include/motpy_pifpaf_msg
[3.611s] -- Up-to-date: /root/motpy_pifpaf/install/motpy_pifpaf_msg/include/motpy_pifpaf_msg/msg
[3.611s] -- Up-to-date: /root/motpy_pifpaf/install/motpy_pifpaf_msg/include/motpy_pifpaf_msg/msg/rosidl_generator_c__visibility_control.h
[3.611s] -- Up-to-date: /root/motpy_pifpaf/install/motpy_pifpaf_msg/include/motpy_pifpaf_msg/msg/poses.h
[3.611s] -- Up-to-date: /root/motpy_pifpaf/install/motpy_pifpaf_msg/include/motpy_pifpaf_msg/msg/detail
[3.611s] -- Up-to-date: /root/motpy_pifpaf/install/motpy_pifpaf_msg/include/motpy_pifpaf_msg/msg/detail/pose__functions.h
[3.611s] -- Up-to-date: /root/motpy_pifpaf/install/motpy_pifpaf_msg/include/motpy_pifpaf_msg/msg/detail/pose__struct.h
[3.611s] -- Up-to-date: /root/motpy_pifpaf/install/motpy_pifpaf_msg/include/motpy_pifpaf_msg/msg/detail/pose__type_support.h
[3.611s] -- Up-to-date: /root/motpy_pifpaf/install/motpy_pifpaf_msg/include/motpy_pifpaf_msg/msg/detail/poses__type_support.h
[3.611s] -- Up-to-date: /root/motpy_pifpaf/install/motpy_pifpaf_msg/include/motpy_pifpaf_msg/msg/detail/poses__functions.c
[3.611s] -- Up-to-date: /root/motpy_pifpaf/install/motpy_pifpaf_msg/include/motpy_pifpaf_msg/msg/detail/poses__struct.h
[3.611s] -- Up-to-date: /root/motpy_pifpaf/install/motpy_pifpaf_msg/include/motpy_pifpaf_msg/msg/detail/pose__functions.c
[3.612s] -- Up-to-date: /root/motpy_pifpaf/install/motpy_pifpaf_msg/include/motpy_pifpaf_msg/msg/detail/poses__functions.h
[3.612s] -- Up-to-date: /root/motpy_pifpaf/install/motpy_pifpaf_msg/include/motpy_pifpaf_msg/msg/pose.h
[3.612s] -- Installing: /root/motpy_pifpaf/install/motpy_pifpaf_msg/share/motpy_pifpaf_msg/environment/library_path.sh
[3.612s] -- Installing: /root/motpy_pifpaf/install/motpy_pifpaf_msg/share/motpy_pifpaf_msg/environment/library_path.dsv
[3.612s] -- Installing: /root/motpy_pifpaf/install/motpy_pifpaf_msg/lib/libmotpy_pifpaf_msg__rosidl_generator_c.so
[3.612s] -- Set runtime path of "/root/motpy_pifpaf/install/motpy_pifpaf_msg/lib/libmotpy_pifpaf_msg__rosidl_generator_c.so" to ""
[3.612s] -- Up-to-date: /root/motpy_pifpaf/install/motpy_pifpaf_msg/include/motpy_pifpaf_msg
[3.612s] -- Up-to-date: /root/motpy_pifpaf/install/motpy_pifpaf_msg/include/motpy_pifpaf_msg/msg
[3.613s] -- Up-to-date: /root/motpy_pifpaf/install/motpy_pifpaf_msg/include/motpy_pifpaf_msg/msg/detail
[3.613s] -- Up-to-date: /root/motpy_pifpaf/install/motpy_pifpaf_msg/include/motpy_pifpaf_msg/msg/detail/poses__rosidl_typesupport_fastrtps_c.h
[3.613s] -- Up-to-date: /root/motpy_pifpaf/install/motpy_pifpaf_msg/include/motpy_pifpaf_msg/msg/detail/pose__rosidl_typesupport_fastrtps_c.h
[3.613s] -- Up-to-date: /root/motpy_pifpaf/install/motpy_pifpaf_msg/include/motpy_pifpaf_msg/msg/rosidl_typesupport_fastrtps_c__visibility_control.h
[3.613s] -- Installing: /root/motpy_pifpaf/install/motpy_pifpaf_msg/lib/libmotpy_pifpaf_msg__rosidl_typesupport_fastrtps_c.so
[3.613s] -- Set runtime path of "/root/motpy_pifpaf/install/motpy_pifpaf_msg/lib/libmotpy_pifpaf_msg__rosidl_typesupport_fastrtps_c.so" to ""
[3.613s] -- Up-to-date: /root/motpy_pifpaf/install/motpy_pifpaf_msg/include/motpy_pifpaf_msg
[3.613s] -- Up-to-date: /root/motpy_pifpaf/install/motpy_pifpaf_msg/include/motpy_pifpaf_msg/msg
[3.614s] -- Up-to-date: /root/motpy_pifpaf/install/motpy_pifpaf_msg/include/motpy_pifpaf_msg/msg/detail
[3.614s] -- Up-to-date: /root/motpy_pifpaf/install/motpy_pifpaf_msg/include/motpy_pifpaf_msg/msg/detail/pose__rosidl_typesupport_fastrtps_cpp.hpp
[3.614s] -- Up-to-date: /root/motpy_pifpaf/install/motpy_pifpaf_msg/include/motpy_pifpaf_msg/msg/detail/poses__rosidl_typesupport_fastrtps_cpp.hpp
[3.614s] -- Installing: /root/motpy_pifpaf/install/motpy_pifpaf_msg/include/motpy_pifpaf_msg/msg/detail/dds_fastrtps
[3.614s] -- Up-to-date: /root/motpy_pifpaf/install/motpy_pifpaf_msg/include/motpy_pifpaf_msg/msg/rosidl_typesupport_fastrtps_cpp__visibility_control.h
[3.614s] -- Installing: /root/motpy_pifpaf/install/motpy_pifpaf_msg/lib/libmotpy_pifpaf_msg__rosidl_typesupport_fastrtps_cpp.so
[3.614s] -- Set runtime path of "/root/motpy_pifpaf/install/motpy_pifpaf_msg/lib/libmotpy_pifpaf_msg__rosidl_typesupport_fastrtps_cpp.so" to ""
[3.615s] -- Up-to-date: /root/motpy_pifpaf/install/motpy_pifpaf_msg/include/motpy_pifpaf_msg
[3.615s] -- Up-to-date: /root/motpy_pifpaf/install/motpy_pifpaf_msg/include/motpy_pifpaf_msg/msg
[3.615s] -- Up-to-date: /root/motpy_pifpaf/install/motpy_pifpaf_msg/include/motpy_pifpaf_msg/msg/detail
[3.615s] -- Up-to-date: /root/motpy_pifpaf/install/motpy_pifpaf_msg/include/motpy_pifpaf_msg/msg/detail/pose__rosidl_typesupport_introspection_c.h
[3.615s] -- Up-to-date: /root/motpy_pifpaf/install/motpy_pifpaf_msg/include/motpy_pifpaf_msg/msg/detail/poses__type_support.c
[3.615s] -- Up-to-date: /root/motpy_pifpaf/install/motpy_pifpaf_msg/include/motpy_pifpaf_msg/msg/detail/pose__type_support.c
[3.615s] -- Up-to-date: /root/motpy_pifpaf/install/motpy_pifpaf_msg/include/motpy_pifpaf_msg/msg/detail/poses__rosidl_typesupport_introspection_c.h
[3.615s] -- Up-to-date: /root/motpy_pifpaf/install/motpy_pifpaf_msg/include/motpy_pifpaf_msg/msg/rosidl_typesupport_introspection_c__visibility_control.h
[3.615s] -- Installing: /root/motpy_pifpaf/install/motpy_pifpaf_msg/lib/libmotpy_pifpaf_msg__rosidl_typesupport_introspection_c.so
[3.616s] -- Set runtime path of "/root/motpy_pifpaf/install/motpy_pifpaf_msg/lib/libmotpy_pifpaf_msg__rosidl_typesupport_introspection_c.so" to ""
[3.616s] -- Installing: /root/motpy_pifpaf/install/motpy_pifpaf_msg/lib/libmotpy_pifpaf_msg__rosidl_typesupport_c.so
[3.616s] -- Set runtime path of "/root/motpy_pifpaf/install/motpy_pifpaf_msg/lib/libmotpy_pifpaf_msg__rosidl_typesupport_c.so" to ""
[3.616s] -- Up-to-date: /root/motpy_pifpaf/install/motpy_pifpaf_msg/include/motpy_pifpaf_msg
[3.617s] -- Up-to-date: /root/motpy_pifpaf/install/motpy_pifpaf_msg/include/motpy_pifpaf_msg/msg
[3.617s] -- Up-to-date: /root/motpy_pifpaf/install/motpy_pifpaf_msg/include/motpy_pifpaf_msg/msg/detail
[3.617s] -- Up-to-date: /root/motpy_pifpaf/install/motpy_pifpaf_msg/include/motpy_pifpaf_msg/msg/detail/poses__struct.hpp
[3.617s] -- Up-to-date: /root/motpy_pifpaf/install/motpy_pifpaf_msg/include/motpy_pifpaf_msg/msg/detail/poses__builder.hpp
[3.617s] -- Up-to-date: /root/motpy_pifpaf/install/motpy_pifpaf_msg/include/motpy_pifpaf_msg/msg/detail/pose__struct.hpp
[3.617s] -- Up-to-date: /root/motpy_pifpaf/install/motpy_pifpaf_msg/include/motpy_pifpaf_msg/msg/detail/pose__traits.hpp
[3.617s] -- Up-to-date: /root/motpy_pifpaf/install/motpy_pifpaf_msg/include/motpy_pifpaf_msg/msg/detail/poses__traits.hpp
[3.617s] -- Up-to-date: /root/motpy_pifpaf/install/motpy_pifpaf_msg/include/motpy_pifpaf_msg/msg/detail/pose__builder.hpp
[3.617s] -- Up-to-date: /root/motpy_pifpaf/install/motpy_pifpaf_msg/include/motpy_pifpaf_msg/msg/pose.hpp
[3.617s] -- Up-to-date: /root/motpy_pifpaf/install/motpy_pifpaf_msg/include/motpy_pifpaf_msg/msg/poses.hpp
[3.618s] -- Up-to-date: /root/motpy_pifpaf/install/motpy_pifpaf_msg/include/motpy_pifpaf_msg
[3.618s] -- Up-to-date: /root/motpy_pifpaf/install/motpy_pifpaf_msg/include/motpy_pifpaf_msg/msg
[3.618s] -- Up-to-date: /root/motpy_pifpaf/install/motpy_pifpaf_msg/include/motpy_pifpaf_msg/msg/detail
[3.618s] -- Up-to-date: /root/motpy_pifpaf/install/motpy_pifpaf_msg/include/motpy_pifpaf_msg/msg/detail/poses__type_support.cpp
[3.618s] -- Up-to-date: /root/motpy_pifpaf/install/motpy_pifpaf_msg/include/motpy_pifpaf_msg/msg/detail/pose__type_support.cpp
[3.618s] -- Up-to-date: /root/motpy_pifpaf/install/motpy_pifpaf_msg/include/motpy_pifpaf_msg/msg/detail/pose__rosidl_typesupport_introspection_cpp.hpp
[3.618s] -- Up-to-date: /root/motpy_pifpaf/install/motpy_pifpaf_msg/include/motpy_pifpaf_msg/msg/detail/poses__rosidl_typesupport_introspection_cpp.hpp
[3.618s] -- Installing: /root/motpy_pifpaf/install/motpy_pifpaf_msg/lib/libmotpy_pifpaf_msg__rosidl_typesupport_introspection_cpp.so
[3.618s] -- Set runtime path of "/root/motpy_pifpaf/install/motpy_pifpaf_msg/lib/libmotpy_pifpaf_msg__rosidl_typesupport_introspection_cpp.so" to ""
[3.618s] -- Installing: /root/motpy_pifpaf/install/motpy_pifpaf_msg/lib/libmotpy_pifpaf_msg__rosidl_typesupport_cpp.so
[3.618s] -- Set runtime path of "/root/motpy_pifpaf/install/motpy_pifpaf_msg/lib/libmotpy_pifpaf_msg__rosidl_typesupport_cpp.so" to ""
[3.619s] -- Up-to-date: /root/motpy_pifpaf/install/motpy_pifpaf_msg/share/motpy_pifpaf_msg/environment/pythonpath.sh
[3.619s] -- Installing: /root/motpy_pifpaf/install/motpy_pifpaf_msg/share/motpy_pifpaf_msg/environment/pythonpath.dsv
[3.619s] -- Installing: /root/motpy_pifpaf/install/motpy_pifpaf_msg/lib/python3.8/site-packages/motpy_pifpaf_msg/__init__.py
[3.644s] Compiling '/root/motpy_pifpaf/install/motpy_pifpaf_msg/lib/python3.8/site-packages/motpy_pifpaf_msg/__init__.py'...
[3.647s] -- Up-to-date: /root/motpy_pifpaf/install/motpy_pifpaf_msg/lib/python3.8/site-packages/motpy_pifpaf_msg/msg
[3.647s] -- Up-to-date: /root/motpy_pifpaf/install/motpy_pifpaf_msg/lib/python3.8/site-packages/motpy_pifpaf_msg/msg/_pose_s.c
[3.647s] -- Up-to-date: /root/motpy_pifpaf/install/motpy_pifpaf_msg/lib/python3.8/site-packages/motpy_pifpaf_msg/msg/_poses_s.c
[3.648s] -- Up-to-date: /root/motpy_pifpaf/install/motpy_pifpaf_msg/lib/python3.8/site-packages/motpy_pifpaf_msg/msg/_poses.py
[3.648s] -- Up-to-date: /root/motpy_pifpaf/install/motpy_pifpaf_msg/lib/python3.8/site-packages/motpy_pifpaf_msg/msg/__init__.py
[3.648s] -- Up-to-date: /root/motpy_pifpaf/install/motpy_pifpaf_msg/lib/python3.8/site-packages/motpy_pifpaf_msg/msg/_pose.py
[3.648s] -- Installing: /root/motpy_pifpaf/install/motpy_pifpaf_msg/lib/python3.8/site-packages/motpy_pifpaf_msg/motpy_pifpaf_msg_s__rosidl_typesupport_fastrtps_c.cpython-38-x86_64-linux-gnu.so
[3.648s] -- Set runtime path of "/root/motpy_pifpaf/install/motpy_pifpaf_msg/lib/python3.8/site-packages/motpy_pifpaf_msg/motpy_pifpaf_msg_s__rosidl_typesupport_fastrtps_c.cpython-38-x86_64-linux-gnu.so" to ""
[3.649s] -- Installing: /root/motpy_pifpaf/install/motpy_pifpaf_msg/lib/python3.8/site-packages/motpy_pifpaf_msg/motpy_pifpaf_msg_s__rosidl_typesupport_introspection_c.cpython-38-x86_64-linux-gnu.so
[3.649s] -- Set runtime path of "/root/motpy_pifpaf/install/motpy_pifpaf_msg/lib/python3.8/site-packages/motpy_pifpaf_msg/motpy_pifpaf_msg_s__rosidl_typesupport_introspection_c.cpython-38-x86_64-linux-gnu.so" to ""
[3.650s] -- Installing: /root/motpy_pifpaf/install/motpy_pifpaf_msg/lib/python3.8/site-packages/motpy_pifpaf_msg/motpy_pifpaf_msg_s__rosidl_typesupport_c.cpython-38-x86_64-linux-gnu.so
[3.651s] -- Set runtime path of "/root/motpy_pifpaf/install/motpy_pifpaf_msg/lib/python3.8/site-packages/motpy_pifpaf_msg/motpy_pifpaf_msg_s__rosidl_typesupport_c.cpython-38-x86_64-linux-gnu.so" to ""
[3.651s] -- Installing: /root/motpy_pifpaf/install/motpy_pifpaf_msg/lib/libmotpy_pifpaf_msg__python.so
[3.652s] -- Set runtime path of "/root/motpy_pifpaf/install/motpy_pifpaf_msg/lib/libmotpy_pifpaf_msg__python.so" to ""
[3.652s] -- Up-to-date: /root/motpy_pifpaf/install/motpy_pifpaf_msg/share/motpy_pifpaf_msg/msg/Pose.idl
[3.652s] -- Up-to-date: /root/motpy_pifpaf/install/motpy_pifpaf_msg/share/motpy_pifpaf_msg/msg/Poses.idl
[3.652s] -- Up-to-date: /root/motpy_pifpaf/install/motpy_pifpaf_msg/share/motpy_pifpaf_msg/msg/Pose.msg
[3.652s] -- Up-to-date: /root/motpy_pifpaf/install/motpy_pifpaf_msg/share/motpy_pifpaf_msg/msg/Poses.msg
[3.652s] -- Up-to-date: /root/motpy_pifpaf/install/motpy_pifpaf_msg/share/ament_index/resource_index/package_run_dependencies/motpy_pifpaf_msg
[3.652s] -- Up-to-date: /root/motpy_pifpaf/install/motpy_pifpaf_msg/share/ament_index/resource_index/parent_prefix_path/motpy_pifpaf_msg
[3.653s] -- Installing: /root/motpy_pifpaf/install/motpy_pifpaf_msg/share/motpy_pifpaf_msg/environment/ament_prefix_path.sh
[3.653s] -- Installing: /root/motpy_pifpaf/install/motpy_pifpaf_msg/share/motpy_pifpaf_msg/environment/ament_prefix_path.dsv
[3.653s] -- Installing: /root/motpy_pifpaf/install/motpy_pifpaf_msg/share/motpy_pifpaf_msg/environment/path.sh
[3.653s] -- Installing: /root/motpy_pifpaf/install/motpy_pifpaf_msg/share/motpy_pifpaf_msg/environment/path.dsv
[3.653s] -- Up-to-date: /root/motpy_pifpaf/install/motpy_pifpaf_msg/share/motpy_pifpaf_msg/local_setup.bash
[3.653s] -- Up-to-date: /root/motpy_pifpaf/install/motpy_pifpaf_msg/share/motpy_pifpaf_msg/local_setup.sh
[3.653s] -- Up-to-date: /root/motpy_pifpaf/install/motpy_pifpaf_msg/share/motpy_pifpaf_msg/local_setup.zsh
[3.653s] -- Installing: /root/motpy_pifpaf/install/motpy_pifpaf_msg/share/motpy_pifpaf_msg/local_setup.dsv
[3.653s] -- Installing: /root/motpy_pifpaf/install/motpy_pifpaf_msg/share/motpy_pifpaf_msg/package.dsv
[3.653s] -- Up-to-date: /root/motpy_pifpaf/install/motpy_pifpaf_msg/share/ament_index/resource_index/packages/motpy_pifpaf_msg
[3.653s] -- Up-to-date: /root/motpy_pifpaf/install/motpy_pifpaf_msg/share/motpy_pifpaf_msg/cmake/motpy_pifpaf_msg__rosidl_generator_cExport.cmake
[3.653s] -- Installing: /root/motpy_pifpaf/install/motpy_pifpaf_msg/share/motpy_pifpaf_msg/cmake/motpy_pifpaf_msg__rosidl_generator_cExport-noconfig.cmake
[3.654s] -- Up-to-date: /root/motpy_pifpaf/install/motpy_pifpaf_msg/share/motpy_pifpaf_msg/cmake/motpy_pifpaf_msg__rosidl_typesupport_introspection_cExport.cmake
[3.654s] -- Installing: /root/motpy_pifpaf/install/motpy_pifpaf_msg/share/motpy_pifpaf_msg/cmake/motpy_pifpaf_msg__rosidl_typesupport_introspection_cExport-noconfig.cmake
[3.654s] -- Up-to-date: /root/motpy_pifpaf/install/motpy_pifpaf_msg/share/motpy_pifpaf_msg/cmake/motpy_pifpaf_msg__rosidl_typesupport_cExport.cmake
[3.654s] -- Installing: /root/motpy_pifpaf/install/motpy_pifpaf_msg/share/motpy_pifpaf_msg/cmake/motpy_pifpaf_msg__rosidl_typesupport_cExport-noconfig.cmake
[3.654s] -- Up-to-date: /root/motpy_pifpaf/install/motpy_pifpaf_msg/share/motpy_pifpaf_msg/cmake/motpy_pifpaf_msg__rosidl_generator_cppExport.cmake
[3.655s] -- Up-to-date: /root/motpy_pifpaf/install/motpy_pifpaf_msg/share/motpy_pifpaf_msg/cmake/motpy_pifpaf_msg__rosidl_typesupport_introspection_cppExport.cmake
[3.655s] -- Installing: /root/motpy_pifpaf/install/motpy_pifpaf_msg/share/motpy_pifpaf_msg/cmake/motpy_pifpaf_msg__rosidl_typesupport_introspection_cppExport-noconfig.cmake
[3.655s] -- Up-to-date: /root/motpy_pifpaf/install/motpy_pifpaf_msg/share/motpy_pifpaf_msg/cmake/motpy_pifpaf_msg__rosidl_typesupport_cppExport.cmake
[3.655s] -- Installing: /root/motpy_pifpaf/install/motpy_pifpaf_msg/share/motpy_pifpaf_msg/cmake/motpy_pifpaf_msg__rosidl_typesupport_cppExport-noconfig.cmake
[3.655s] -- Up-to-date: /root/motpy_pifpaf/install/motpy_pifpaf_msg/share/motpy_pifpaf_msg/cmake/rosidl_cmake-extras.cmake
[3.655s] -- Up-to-date: /root/motpy_pifpaf/install/motpy_pifpaf_msg/share/motpy_pifpaf_msg/cmake/ament_cmake_export_dependencies-extras.cmake
[3.655s] -- Up-to-date: /root/motpy_pifpaf/install/motpy_pifpaf_msg/share/motpy_pifpaf_msg/cmake/ament_cmake_export_libraries-extras.cmake
[3.656s] -- Up-to-date: /root/motpy_pifpaf/install/motpy_pifpaf_msg/share/motpy_pifpaf_msg/cmake/ament_cmake_export_targets-extras.cmake
[3.656s] -- Up-to-date: /root/motpy_pifpaf/install/motpy_pifpaf_msg/share/motpy_pifpaf_msg/cmake/ament_cmake_export_include_directories-extras.cmake
[3.656s] -- Up-to-date: /root/motpy_pifpaf/install/motpy_pifpaf_msg/share/motpy_pifpaf_msg/cmake/rosidl_cmake_export_typesupport_libraries-extras.cmake
[3.656s] -- Up-to-date: /root/motpy_pifpaf/install/motpy_pifpaf_msg/share/motpy_pifpaf_msg/cmake/rosidl_cmake_export_typesupport_targets-extras.cmake
[3.656s] -- Up-to-date: /root/motpy_pifpaf/install/motpy_pifpaf_msg/share/motpy_pifpaf_msg/cmake/motpy_pifpaf_msgConfig.cmake
[3.656s] -- Up-to-date: /root/motpy_pifpaf/install/motpy_pifpaf_msg/share/motpy_pifpaf_msg/cmake/motpy_pifpaf_msgConfig-version.cmake
[3.656s] -- Up-to-date: /root/motpy_pifpaf/install/motpy_pifpaf_msg/share/motpy_pifpaf_msg/package.xml
[3.661s] Invoked command in '/root/motpy_pifpaf/build/motpy_pifpaf_msg' returned '0': CMAKE_PREFIX_PATH=/opt/ros/foxy _=/usr/bin/env /usr/bin/cmake --install /root/motpy_pifpaf/build/motpy_pifpaf_msg
