-- Found ament_cmake: 0.9.11 (/opt/ros/foxy/share/ament_cmake/cmake)
-- Found PythonInterp: /usr/bin/python3 (found suitable version "3.8.10", minimum required is "3") 
-- Using PYTHON_EXECUTABLE: /usr/bin/python3
-- Found geometry_msgs: 2.0.5 (/opt/ros/foxy/share/geometry_msgs/cmake)
-- Using all available rosidl_typesupport_c: rosidl_typesupport_fastrtps_c;rosidl_typesupport_introspection_c
-- Found rosidl_adapter: 1.3.0 (/opt/ros/foxy/share/rosidl_adapter/cmake)
-- Using all available rosidl_typesupport_cpp: rosidl_typesupport_fastrtps_cpp;rosidl_typesupport_introspection_cpp
-- Found rosidl_default_generators: 1.0.1 (/opt/ros/foxy/share/rosidl_default_generators/cmake)
-- Found sensor_msgs: 2.0.5 (/opt/ros/foxy/share/sensor_msgs/cmake)
-- Found visualization_msgs: 2.0.5 (/opt/ros/foxy/share/visualization_msgs/cmake)
-- Found PythonInterp: /usr/bin/python3 (found version "3.8.10") 
-- Found ament_cmake_ros: 0.9.2 (/opt/ros/foxy/share/ament_cmake_ros/cmake)
-- Using all available rosidl_typesupport_c: rosidl_typesupport_fastrtps_c;rosidl_typesupport_introspection_c
-- Using all available rosidl_typesupport_cpp: rosidl_typesupport_fastrtps_cpp;rosidl_typesupport_introspection_cpp
-- Found PythonInterp: /usr/bin/python3 (found suitable version "3.8.10", minimum required is "3.5") 
-- Found python_cmake_module: 0.8.1 (/opt/ros/foxy/share/python_cmake_module/cmake)
-- Found PythonLibs: /usr/lib/x86_64-linux-gnu/libpython3.8.so (found suitable version "3.8.10", minimum required is "3.5") 
-- Using PYTHON_EXECUTABLE: /usr/bin/python3
-- Using PYTHON_INCLUDE_DIRS: /usr/include/python3.8
-- Using PYTHON_LIBRARIES: /usr/lib/x86_64-linux-gnu/libpython3.8.so
-- Found PythonExtra: .so  
-- Found ament_lint_auto: 0.9.7 (/opt/ros/foxy/share/ament_lint_auto/cmake)
-- Added test 'copyright' to check source files copyright and LICENSE
-- Added test 'lint_cmake' to check CMake code style
-- Added test 'xmllint' to check XML markup files
-- Configuring done
-- Generating done
-- Build files have been written to: /root/motpy_pifpaf/build/motpy_pifpaf_msg
[35m[1mScanning dependencies of target motpy_pifpaf_msg__cpp[0m
[  2%] [34m[1mGenerating C++ code for ROS interfaces[0m
[  2%] Built target motpy_pifpaf_msg__cpp
[  5%] [34m[1mGenerating C code for ROS interfaces[0m
[35m[1mScanning dependencies of target motpy_pifpaf_msg__rosidl_generator_c[0m
[  7%] [32mBuilding C object CMakeFiles/motpy_pifpaf_msg__rosidl_generator_c.dir/rosidl_generator_c/motpy_pifpaf_msg/msg/detail/pose__functions.c.o[0m
[ 10%] [32mBuilding C object CMakeFiles/motpy_pifpaf_msg__rosidl_generator_c.dir/rosidl_generator_c/motpy_pifpaf_msg/msg/detail/poses__functions.c.o[0m
In file included from [01m[K/root/motpy_pifpaf/build/motpy_pifpaf_msg/rosidl_generator_c/motpy_pifpaf_msg/msg/detail/poses__functions.h:19[m[K,
                 from [01m[K/root/motpy_pifpaf/build/motpy_pifpaf_msg/rosidl_generator_c/motpy_pifpaf_msg/msg/detail/poses__functions.c:4[m[K:
[01m[K/root/motpy_pifpaf/build/motpy_pifpaf_msg/rosidl_generator_c/motpy_pifpaf_msg/msg/detail/poses__struct.h:32:3:[m[K [01;31m[Kerror: [m[Kunknown type name ‘[01m[Kmotpy_pifpaf_msg__msg__Poses__Sequence[m[K’
   32 |   [01;31m[Kmotpy_pifpaf_msg__msg__Poses__Sequence[m[K poses;
      |   [01;31m[K^~~~~~~~~~~~~~~~~~~~~~~~~~~~~~~~~~~~~~[m[K
[01m[K/root/motpy_pifpaf/build/motpy_pifpaf_msg/rosidl_generator_c/motpy_pifpaf_msg/msg/detail/poses__functions.c:[m[K In function ‘[01m[Kmotpy_pifpaf_msg__msg__Poses__init[m[K’:
[01m[K/root/motpy_pifpaf/build/motpy_pifpaf_msg/rosidl_generator_c/motpy_pifpaf_msg/msg/detail/poses__functions.c:35:53:[m[K [01;35m[Kwarning: [m[Kpassing argument 1 of ‘[01m[Kmotpy_pifpaf_msg__msg__Poses__Sequence__init[m[K’ from incompatible pointer type [[01;35m[K-Wincompatible-pointer-types[m[K]
   35 |   if (!motpy_pifpaf_msg__msg__Poses__Sequence__init([01;35m[K&msg->poses[m[K, 0)) {
      |                                                     [01;35m[K^~~~~~~~~~~[m[K
      |                                                     [01;35m[K|[m[K
      |                                                     [01;35m[Kint *[m[K
In file included from [01m[K/root/motpy_pifpaf/build/motpy_pifpaf_msg/rosidl_generator_c/motpy_pifpaf_msg/msg/detail/poses__functions.c:4[m[K:
[01m[K/root/motpy_pifpaf/build/motpy_pifpaf_msg/rosidl_generator_c/motpy_pifpaf_msg/msg/detail/poses__functions.h:109:87:[m[K [01;36m[Knote: [m[Kexpected ‘[01m[Kmotpy_pifpaf_msg__msg__Poses__Sequence *[m[K’ {aka ‘[01m[Kstruct motpy_pifpaf_msg__msg__Poses__Sequence *[m[K’} but argument is of type ‘[01m[Kint *[m[K’
  109 | motpy_pifpaf_msg__msg__Poses__Sequence__init([01;36m[Kmotpy_pifpaf_msg__msg__Poses__Sequence * array[m[K, size_t size);
      |                                              [01;36m[K~~~~~~~~~~~~~~~~~~~~~~~~~~~~~~~~~~~~~~~~~^~~~~[m[K
[01m[K/root/motpy_pifpaf/build/motpy_pifpaf_msg/rosidl_generator_c/motpy_pifpaf_msg/msg/detail/poses__functions.c:[m[K In function ‘[01m[Kmotpy_pifpaf_msg__msg__Poses__fini[m[K’:
[01m[K/root/motpy_pifpaf/build/motpy_pifpaf_msg/rosidl_generator_c/motpy_pifpaf_msg/msg/detail/poses__functions.c:56:48:[m[K [01;35m[Kwarning: [m[Kpassing argument 1 of ‘[01m[Kmotpy_pifpaf_msg__msg__Poses__Sequence__fini[m[K’ from incompatible pointer type [[01;35m[K-Wincompatible-pointer-types[m[K]
   56 |   motpy_pifpaf_msg__msg__Poses__Sequence__fini([01;35m[K&msg->poses[m[K);
      |                                                [01;35m[K^~~~~~~~~~~[m[K
      |                                                [01;35m[K|[m[K
      |                                                [01;35m[Kint *[m[K
In file included from [01m[K/root/motpy_pifpaf/build/motpy_pifpaf_msg/rosidl_generator_c/motpy_pifpaf_msg/msg/detail/poses__functions.c:4[m[K:
[01m[K/root/motpy_pifpaf/build/motpy_pifpaf_msg/rosidl_generator_c/motpy_pifpaf_msg/msg/detail/poses__functions.h:121:87:[m[K [01;36m[Knote: [m[Kexpected ‘[01m[Kmotpy_pifpaf_msg__msg__Poses__Sequence *[m[K’ {aka ‘[01m[Kstruct motpy_pifpaf_msg__msg__Poses__Sequence *[m[K’} but argument is of type ‘[01m[Kint *[m[K’
  121 | motpy_pifpaf_msg__msg__Poses__Sequence__fini([01;36m[Kmotpy_pifpaf_msg__msg__Poses__Sequence * array[m[K);
      |                                              [01;36m[K~~~~~~~~~~~~~~~~~~~~~~~~~~~~~~~~~~~~~~~~~^~~~~[m[K
[01m[K/root/motpy_pifpaf/build/motpy_pifpaf_msg/rosidl_generator_c/motpy_pifpaf_msg/msg/detail/poses__functions.c:[m[K In function ‘[01m[Kmotpy_pifpaf_msg__msg__Poses__are_equal[m[K’:
[01m[K/root/motpy_pifpaf/build/motpy_pifpaf_msg/rosidl_generator_c/motpy_pifpaf_msg/msg/detail/poses__functions.c:75:7:[m[K [01;35m[Kwarning: [m[Kpassing argument 1 of ‘[01m[Kmotpy_pifpaf_msg__msg__Poses__Sequence__are_equal[m[K’ from incompatible pointer type [[01;35m[K-Wincompatible-pointer-types[m[K]
   75 |       [01;35m[K&(lhs->poses)[m[K, &(rhs->poses)))
      |       [01;35m[K^~~~~~~~~~~~~[m[K
      |       [01;35m[K|[m[K
      |       [01;35m[Kconst int *[m[K
In file included from [01m[K/root/motpy_pifpaf/build/motpy_pifpaf_msg/rosidl_generator_c/motpy_pifpaf_msg/msg/detail/poses__functions.c:4[m[K:
[01m[K/root/motpy_pifpaf/build/motpy_pifpaf_msg/rosidl_generator_c/motpy_pifpaf_msg/msg/detail/poses__functions.h:154:98:[m[K [01;36m[Knote: [m[Kexpected ‘[01m[Kconst motpy_pifpaf_msg__msg__Poses__Sequence *[m[K’ {aka ‘[01m[Kconst struct motpy_pifpaf_msg__msg__Poses__Sequence *[m[K’} but argument is of type ‘[01m[Kconst int *[m[K’
  154 | motpy_pifpaf_msg__msg__Poses__Sequence__are_equal([01;36m[Kconst motpy_pifpaf_msg__msg__Poses__Sequence * lhs[m[K, const motpy_pifpaf_msg__msg__Poses__Sequence * rhs);
      |                                                   [01;36m[K~~~~~~~~~~~~~~~~~~~~~~~~~~~~~~~~~~~~~~~~~~~~~~~^~~[m[K
[01m[K/root/motpy_pifpaf/build/motpy_pifpaf_msg/rosidl_generator_c/motpy_pifpaf_msg/msg/detail/poses__functions.c:75:22:[m[K [01;35m[Kwarning: [m[Kpassing argument 2 of ‘[01m[Kmotpy_pifpaf_msg__msg__Poses__Sequence__are_equal[m[K’ from incompatible pointer type [[01;35m[K-Wincompatible-pointer-types[m[K]
   75 |       &(lhs->poses), [01;35m[K&(rhs->poses)[m[K))
      |                      [01;35m[K^~~~~~~~~~~~~[m[K
      |                      [01;35m[K|[m[K
      |                      [01;35m[Kconst int *[m[K
In file included from [01m[K/root/motpy_pifpaf/build/motpy_pifpaf_msg/rosidl_generator_c/motpy_pifpaf_msg/msg/detail/poses__functions.c:4[m[K:
[01m[K/root/motpy_pifpaf/build/motpy_pifpaf_msg/rosidl_generator_c/motpy_pifpaf_msg/msg/detail/poses__functions.h:154:150:[m[K [01;36m[Knote: [m[Kexpected ‘[01m[Kconst motpy_pifpaf_msg__msg__Poses__Sequence *[m[K’ {aka ‘[01m[Kconst struct motpy_pifpaf_msg__msg__Poses__Sequence *[m[K’} but argument is of type ‘[01m[Kconst int *[m[K’
  154 | motpy_pifpaf_msg__msg__Poses__Sequence__are_equal(const motpy_pifpaf_msg__msg__Poses__Sequence * lhs, [01;36m[Kconst motpy_pifpaf_msg__msg__Poses__Sequence * rhs[m[K);
      |                                                                                                       [01;36m[K~~~~~~~~~~~~~~~~~~~~~~~~~~~~~~~~~~~~~~~~~~~~~~~^~~[m[K
[01m[K/root/motpy_pifpaf/build/motpy_pifpaf_msg/rosidl_generator_c/motpy_pifpaf_msg/msg/detail/poses__functions.c:[m[K In function ‘[01m[Kmotpy_pifpaf_msg__msg__Poses__copy[m[K’:
[01m[K/root/motpy_pifpaf/build/motpy_pifpaf_msg/rosidl_generator_c/motpy_pifpaf_msg/msg/detail/poses__functions.c:104:7:[m[K [01;35m[Kwarning: [m[Kpassing argument 1 of ‘[01m[Kmotpy_pifpaf_msg__msg__Poses__Sequence__copy[m[K’ from incompatible pointer type [[01;35m[K-Wincompatible-pointer-types[m[K]
  104 |       [01;35m[K&(input->poses)[m[K, &(output->poses)))
      |       [01;35m[K^~~~~~~~~~~~~~~[m[K
      |       [01;35m[K|[m[K
      |       [01;35m[Kconst int *[m[K
In file included from [01m[K/root/motpy_pifpaf/build/motpy_pifpaf_msg/rosidl_generator_c/motpy_pifpaf_msg/msg/detail/poses__functions.c:4[m[K:
[01m[K/root/motpy_pifpaf/build/motpy_pifpaf_msg/rosidl_generator_c/motpy_pifpaf_msg/msg/detail/poses__functions.h:170:50:[m[K [01;36m[Knote: [m[Kexpected ‘[01m[Kconst motpy_pifpaf_msg__msg__Poses__Sequence *[m[K’ {aka ‘[01m[Kconst struct motpy_pifpaf_msg__msg__Poses__Sequence *[m[K’} but argument is of type ‘[01m[Kconst int *[m[K’
  170 |   [01;36m[Kconst motpy_pifpaf_msg__msg__Poses__Sequence * input[m[K,
      |   [01;36m[K~~~~~~~~~~~~~~~~~~~~~~~~~~~~~~~~~~~~~~~~~~~~~~~^~~~~[m[K
[01m[K/root/motpy_pifpaf/build/motpy_pifpaf_msg/rosidl_generator_c/motpy_pifpaf_msg/msg/detail/poses__functions.c:104:24:[m[K [01;35m[Kwarning: [m[Kpassing argument 2 of ‘[01m[Kmotpy_pifpaf_msg__msg__Poses__Sequence__copy[m[K’ from incompatible pointer type [[01;35m[K-Wincompatible-pointer-types[m[K]
  104 |       &(input->poses), [01;35m[K&(output->poses)[m[K))
      |                        [01;35m[K^~~~~~~~~~~~~~~~[m[K
      |                        [01;35m[K|[m[K
      |                        [01;35m[Kint *[m[K
In file included from [01m[K/root/motpy_pifpaf/build/motpy_pifpaf_msg/rosidl_generator_c/motpy_pifpaf_msg/msg/detail/poses__functions.c:4[m[K:
[01m[K/root/motpy_pifpaf/build/motpy_pifpaf_msg/rosidl_generator_c/motpy_pifpaf_msg/msg/detail/poses__functions.h:171:44:[m[K [01;36m[Knote: [m[Kexpected ‘[01m[Kmotpy_pifpaf_msg__msg__Poses__Sequence *[m[K’ {aka ‘[01m[Kstruct motpy_pifpaf_msg__msg__Poses__Sequence *[m[K’} but argument is of type ‘[01m[Kint *[m[K’
  171 |   [01;36m[Kmotpy_pifpaf_msg__msg__Poses__Sequence * output[m[K);
      |   [01;36m[K~~~~~~~~~~~~~~~~~~~~~~~~~~~~~~~~~~~~~~~~~^~~~~~[m[K
make[2]: *** [CMakeFiles/motpy_pifpaf_msg__rosidl_generator_c.dir/build.make:193: CMakeFiles/motpy_pifpaf_msg__rosidl_generator_c.dir/rosidl_generator_c/motpy_pifpaf_msg/msg/detail/poses__functions.c.o] Error 1
make[1]: *** [CMakeFiles/Makefile2:332: CMakeFiles/motpy_pifpaf_msg__rosidl_generator_c.dir/all] Error 2
make: *** [Makefile:141: all] Error 2
