[0.541s] Invoking command in '/root/motpy_pifpaf/build/motpy_pifpaf_msg': CMAKE_PREFIX_PATH=/opt/ros/foxy _=/usr/bin/env /usr/bin/cmake /root/motpy_pifpaf/src/motpy_pifpaf_msg -DCMAKE_INSTALL_PREFIX=/root/motpy_pifpaf/install/motpy_pifpaf_msg
[0.564s] -- Found ament_cmake: 0.9.11 (/opt/ros/foxy/share/ament_cmake/cmake)
[0.600s] -- Found PythonInterp: /usr/bin/python3 (found suitable version "3.8.10", minimum required is "3") 
[0.600s] -- Using PYTHON_EXECUTABLE: /usr/bin/python3
[1.098s] -- Found geometry_msgs: 2.0.5 (/opt/ros/foxy/share/geometry_msgs/cmake)
[1.161s] -- Using all available rosidl_typesupport_c: rosidl_typesupport_fastrtps_c;rosidl_typesupport_introspection_c
[1.176s] -- Found rosidl_adapter: 1.3.0 (/opt/ros/foxy/share/rosidl_adapter/cmake)
[1.575s] -- Using all available rosidl_typesupport_cpp: rosidl_typesupport_fastrtps_cpp;rosidl_typesupport_introspection_cpp
[1.854s] -- Found rosidl_default_generators: 1.0.1 (/opt/ros/foxy/share/rosidl_default_generators/cmake)
[1.877s] -- Found sensor_msgs: 2.0.5 (/opt/ros/foxy/share/sensor_msgs/cmake)
[2.112s] -- Found visualization_msgs: 2.0.5 (/opt/ros/foxy/share/visualization_msgs/cmake)
[2.503s] -- Found PythonInterp: /usr/bin/python3 (found version "3.8.10") 
[3.046s] -- Found ament_cmake_ros: 0.9.2 (/opt/ros/foxy/share/ament_cmake_ros/cmake)
[4.238s] -- Using all available rosidl_typesupport_c: rosidl_typesupport_fastrtps_c;rosidl_typesupport_introspection_c
[4.652s] -- Using all available rosidl_typesupport_cpp: rosidl_typesupport_fastrtps_cpp;rosidl_typesupport_introspection_cpp
[4.737s] -- Found PythonInterp: /usr/bin/python3 (found suitable version "3.8.10", minimum required is "3.5") 
[4.743s] -- Found python_cmake_module: 0.8.1 (/opt/ros/foxy/share/python_cmake_module/cmake)
[4.851s] -- Found PythonLibs: /usr/lib/x86_64-linux-gnu/libpython3.8.so (found suitable version "3.8.10", minimum required is "3.5") 
[4.851s] -- Using PYTHON_EXECUTABLE: /usr/bin/python3
[4.851s] -- Using PYTHON_INCLUDE_DIRS: /usr/include/python3.8
[4.852s] -- Using PYTHON_LIBRARIES: /usr/lib/x86_64-linux-gnu/libpython3.8.so
[4.908s] -- Found PythonExtra: .so  
[5.226s] -- Found ament_lint_auto: 0.9.7 (/opt/ros/foxy/share/ament_lint_auto/cmake)
[5.420s] -- Added test 'copyright' to check source files copyright and LICENSE
[5.437s] -- Added test 'lint_cmake' to check CMake code style
[5.441s] -- Added test 'xmllint' to check XML markup files
[5.469s] -- Configuring done
[5.930s] -- Generating done
[5.945s] -- Build files have been written to: /root/motpy_pifpaf/build/motpy_pifpaf_msg
[5.971s] Invoked command in '/root/motpy_pifpaf/build/motpy_pifpaf_msg' returned '0': CMAKE_PREFIX_PATH=/opt/ros/foxy _=/usr/bin/env /usr/bin/cmake /root/motpy_pifpaf/src/motpy_pifpaf_msg -DCMAKE_INSTALL_PREFIX=/root/motpy_pifpaf/install/motpy_pifpaf_msg
[5.973s] Invoking command in '/root/motpy_pifpaf/build/motpy_pifpaf_msg': CMAKE_PREFIX_PATH=/opt/ros/foxy _=/usr/bin/env /usr/bin/cmake --build /root/motpy_pifpaf/build/motpy_pifpaf_msg -- -j12 -l12
[6.130s] [35m[1mScanning dependencies of target motpy_pifpaf_msg__cpp[0m
[6.158s] [  2%] [34m[1mGenerating C++ code for ROS interfaces[0m
[7.229s] [  2%] Built target motpy_pifpaf_msg__cpp
[7.302s] [  5%] [34m[1mGenerating C code for ROS interfaces[0m
[8.650s] [35m[1mScanning dependencies of target motpy_pifpaf_msg__rosidl_generator_c[0m
[8.728s] [  7%] [32mBuilding C object CMakeFiles/motpy_pifpaf_msg__rosidl_generator_c.dir/rosidl_generator_c/motpy_pifpaf_msg/msg/detail/pose__functions.c.o[0m
[9.022s] [ 10%] [32mBuilding C object CMakeFiles/motpy_pifpaf_msg__rosidl_generator_c.dir/rosidl_generator_c/motpy_pifpaf_msg/msg/detail/poses__functions.c.o[0m
[9.129s] In file included from [01m[K/root/motpy_pifpaf/build/motpy_pifpaf_msg/rosidl_generator_c/motpy_pifpaf_msg/msg/detail/poses__functions.h:19[m[K,
[9.129s]                  from [01m[K/root/motpy_pifpaf/build/motpy_pifpaf_msg/rosidl_generator_c/motpy_pifpaf_msg/msg/detail/poses__functions.c:4[m[K:
[9.130s] [01m[K/root/motpy_pifpaf/build/motpy_pifpaf_msg/rosidl_generator_c/motpy_pifpaf_msg/msg/detail/poses__struct.h:32:3:[m[K [01;31m[Kerror: [m[Kunknown type name ‘[01m[Kmotpy_pifpaf_msg__msg__Poses__Sequence[m[K’
[9.130s]    32 |   [01;31m[Kmotpy_pifpaf_msg__msg__Poses__Sequence[m[K poses;
[9.130s]       |   [01;31m[K^~~~~~~~~~~~~~~~~~~~~~~~~~~~~~~~~~~~~~[m[K
[9.154s] [01m[K/root/motpy_pifpaf/build/motpy_pifpaf_msg/rosidl_generator_c/motpy_pifpaf_msg/msg/detail/poses__functions.c:[m[K In function ‘[01m[Kmotpy_pifpaf_msg__msg__Poses__init[m[K’:
[9.154s] [01m[K/root/motpy_pifpaf/build/motpy_pifpaf_msg/rosidl_generator_c/motpy_pifpaf_msg/msg/detail/poses__functions.c:35:53:[m[K [01;35m[Kwarning: [m[Kpassing argument 1 of ‘[01m[Kmotpy_pifpaf_msg__msg__Poses__Sequence__init[m[K’ from incompatible pointer type [[01;35m[K-Wincompatible-pointer-types[m[K]
[9.154s]    35 |   if (!motpy_pifpaf_msg__msg__Poses__Sequence__init([01;35m[K&msg->poses[m[K, 0)) {
[9.155s]       |                                                     [01;35m[K^~~~~~~~~~~[m[K
[9.155s]       |                                                     [01;35m[K|[m[K
[9.155s]       |                                                     [01;35m[Kint *[m[K
[9.156s] In file included from [01m[K/root/motpy_pifpaf/build/motpy_pifpaf_msg/rosidl_generator_c/motpy_pifpaf_msg/msg/detail/poses__functions.c:4[m[K:
[9.156s] [01m[K/root/motpy_pifpaf/build/motpy_pifpaf_msg/rosidl_generator_c/motpy_pifpaf_msg/msg/detail/poses__functions.h:109:87:[m[K [01;36m[Knote: [m[Kexpected ‘[01m[Kmotpy_pifpaf_msg__msg__Poses__Sequence *[m[K’ {aka ‘[01m[Kstruct motpy_pifpaf_msg__msg__Poses__Sequence *[m[K’} but argument is of type ‘[01m[Kint *[m[K’
[9.156s]   109 | motpy_pifpaf_msg__msg__Poses__Sequence__init([01;36m[Kmotpy_pifpaf_msg__msg__Poses__Sequence * array[m[K, size_t size);
[9.157s]       |                                              [01;36m[K~~~~~~~~~~~~~~~~~~~~~~~~~~~~~~~~~~~~~~~~~^~~~~[m[K
[9.157s] [01m[K/root/motpy_pifpaf/build/motpy_pifpaf_msg/rosidl_generator_c/motpy_pifpaf_msg/msg/detail/poses__functions.c:[m[K In function ‘[01m[Kmotpy_pifpaf_msg__msg__Poses__fini[m[K’:
[9.157s] [01m[K/root/motpy_pifpaf/build/motpy_pifpaf_msg/rosidl_generator_c/motpy_pifpaf_msg/msg/detail/poses__functions.c:56:48:[m[K [01;35m[Kwarning: [m[Kpassing argument 1 of ‘[01m[Kmotpy_pifpaf_msg__msg__Poses__Sequence__fini[m[K’ from incompatible pointer type [[01;35m[K-Wincompatible-pointer-types[m[K]
[9.157s]    56 |   motpy_pifpaf_msg__msg__Poses__Sequence__fini([01;35m[K&msg->poses[m[K);
[9.157s]       |                                                [01;35m[K^~~~~~~~~~~[m[K
[9.157s]       |                                                [01;35m[K|[m[K
[9.158s]       |                                                [01;35m[Kint *[m[K
[9.158s] In file included from [01m[K/root/motpy_pifpaf/build/motpy_pifpaf_msg/rosidl_generator_c/motpy_pifpaf_msg/msg/detail/poses__functions.c:4[m[K:
[9.158s] [01m[K/root/motpy_pifpaf/build/motpy_pifpaf_msg/rosidl_generator_c/motpy_pifpaf_msg/msg/detail/poses__functions.h:121:87:[m[K [01;36m[Knote: [m[Kexpected ‘[01m[Kmotpy_pifpaf_msg__msg__Poses__Sequence *[m[K’ {aka ‘[01m[Kstruct motpy_pifpaf_msg__msg__Poses__Sequence *[m[K’} but argument is of type ‘[01m[Kint *[m[K’
[9.158s]   121 | motpy_pifpaf_msg__msg__Poses__Sequence__fini([01;36m[Kmotpy_pifpaf_msg__msg__Poses__Sequence * array[m[K);
[9.158s]       |                                              [01;36m[K~~~~~~~~~~~~~~~~~~~~~~~~~~~~~~~~~~~~~~~~~^~~~~[m[K
[9.159s] [01m[K/root/motpy_pifpaf/build/motpy_pifpaf_msg/rosidl_generator_c/motpy_pifpaf_msg/msg/detail/poses__functions.c:[m[K In function ‘[01m[Kmotpy_pifpaf_msg__msg__Poses__are_equal[m[K’:
[9.159s] [01m[K/root/motpy_pifpaf/build/motpy_pifpaf_msg/rosidl_generator_c/motpy_pifpaf_msg/msg/detail/poses__functions.c:75:7:[m[K [01;35m[Kwarning: [m[Kpassing argument 1 of ‘[01m[Kmotpy_pifpaf_msg__msg__Poses__Sequence__are_equal[m[K’ from incompatible pointer type [[01;35m[K-Wincompatible-pointer-types[m[K]
[9.159s]    75 |       [01;35m[K&(lhs->poses)[m[K, &(rhs->poses)))
[9.159s]       |       [01;35m[K^~~~~~~~~~~~~[m[K
[9.159s]       |       [01;35m[K|[m[K
[9.160s]       |       [01;35m[Kconst int *[m[K
[9.160s] In file included from [01m[K/root/motpy_pifpaf/build/motpy_pifpaf_msg/rosidl_generator_c/motpy_pifpaf_msg/msg/detail/poses__functions.c:4[m[K:
[9.160s] [01m[K/root/motpy_pifpaf/build/motpy_pifpaf_msg/rosidl_generator_c/motpy_pifpaf_msg/msg/detail/poses__functions.h:154:98:[m[K [01;36m[Knote: [m[Kexpected ‘[01m[Kconst motpy_pifpaf_msg__msg__Poses__Sequence *[m[K’ {aka ‘[01m[Kconst struct motpy_pifpaf_msg__msg__Poses__Sequence *[m[K’} but argument is of type ‘[01m[Kconst int *[m[K’
[9.160s]   154 | motpy_pifpaf_msg__msg__Poses__Sequence__are_equal([01;36m[Kconst motpy_pifpaf_msg__msg__Poses__Sequence * lhs[m[K, const motpy_pifpaf_msg__msg__Poses__Sequence * rhs);
[9.160s]       |                                                   [01;36m[K~~~~~~~~~~~~~~~~~~~~~~~~~~~~~~~~~~~~~~~~~~~~~~~^~~[m[K
[9.160s] [01m[K/root/motpy_pifpaf/build/motpy_pifpaf_msg/rosidl_generator_c/motpy_pifpaf_msg/msg/detail/poses__functions.c:75:22:[m[K [01;35m[Kwarning: [m[Kpassing argument 2 of ‘[01m[Kmotpy_pifpaf_msg__msg__Poses__Sequence__are_equal[m[K’ from incompatible pointer type [[01;35m[K-Wincompatible-pointer-types[m[K]
[9.161s]    75 |       &(lhs->poses), [01;35m[K&(rhs->poses)[m[K))
[9.161s]       |                      [01;35m[K^~~~~~~~~~~~~[m[K
[9.161s]       |                      [01;35m[K|[m[K
[9.161s]       |                      [01;35m[Kconst int *[m[K
[9.161s] In file included from [01m[K/root/motpy_pifpaf/build/motpy_pifpaf_msg/rosidl_generator_c/motpy_pifpaf_msg/msg/detail/poses__functions.c:4[m[K:
[9.162s] [01m[K/root/motpy_pifpaf/build/motpy_pifpaf_msg/rosidl_generator_c/motpy_pifpaf_msg/msg/detail/poses__functions.h:154:150:[m[K [01;36m[Knote: [m[Kexpected ‘[01m[Kconst motpy_pifpaf_msg__msg__Poses__Sequence *[m[K’ {aka ‘[01m[Kconst struct motpy_pifpaf_msg__msg__Poses__Sequence *[m[K’} but argument is of type ‘[01m[Kconst int *[m[K’
[9.163s]   154 | motpy_pifpaf_msg__msg__Poses__Sequence__are_equal(const motpy_pifpaf_msg__msg__Poses__Sequence * lhs, [01;36m[Kconst motpy_pifpaf_msg__msg__Poses__Sequence * rhs[m[K);
[9.163s]       |                                                                                                       [01;36m[K~~~~~~~~~~~~~~~~~~~~~~~~~~~~~~~~~~~~~~~~~~~~~~~^~~[m[K
[9.163s] [01m[K/root/motpy_pifpaf/build/motpy_pifpaf_msg/rosidl_generator_c/motpy_pifpaf_msg/msg/detail/poses__functions.c:[m[K In function ‘[01m[Kmotpy_pifpaf_msg__msg__Poses__copy[m[K’:
[9.163s] [01m[K/root/motpy_pifpaf/build/motpy_pifpaf_msg/rosidl_generator_c/motpy_pifpaf_msg/msg/detail/poses__functions.c:104:7:[m[K [01;35m[Kwarning: [m[Kpassing argument 1 of ‘[01m[Kmotpy_pifpaf_msg__msg__Poses__Sequence__copy[m[K’ from incompatible pointer type [[01;35m[K-Wincompatible-pointer-types[m[K]
[9.164s]   104 |       [01;35m[K&(input->poses)[m[K, &(output->poses)))
[9.164s]       |       [01;35m[K^~~~~~~~~~~~~~~[m[K
[9.175s]       |       [01;35m[K|[m[K
[9.175s]       |       [01;35m[Kconst int *[m[K
[9.176s] In file included from [01m[K/root/motpy_pifpaf/build/motpy_pifpaf_msg/rosidl_generator_c/motpy_pifpaf_msg/msg/detail/poses__functions.c:4[m[K:
[9.176s] [01m[K/root/motpy_pifpaf/build/motpy_pifpaf_msg/rosidl_generator_c/motpy_pifpaf_msg/msg/detail/poses__functions.h:170:50:[m[K [01;36m[Knote: [m[Kexpected ‘[01m[Kconst motpy_pifpaf_msg__msg__Poses__Sequence *[m[K’ {aka ‘[01m[Kconst struct motpy_pifpaf_msg__msg__Poses__Sequence *[m[K’} but argument is of type ‘[01m[Kconst int *[m[K’
[9.176s]   170 |   [01;36m[Kconst motpy_pifpaf_msg__msg__Poses__Sequence * input[m[K,
[9.177s]       |   [01;36m[K~~~~~~~~~~~~~~~~~~~~~~~~~~~~~~~~~~~~~~~~~~~~~~~^~~~~[m[K
[9.177s] [01m[K/root/motpy_pifpaf/build/motpy_pifpaf_msg/rosidl_generator_c/motpy_pifpaf_msg/msg/detail/poses__functions.c:104:24:[m[K [01;35m[Kwarning: [m[Kpassing argument 2 of ‘[01m[Kmotpy_pifpaf_msg__msg__Poses__Sequence__copy[m[K’ from incompatible pointer type [[01;35m[K-Wincompatible-pointer-types[m[K]
[9.177s]   104 |       &(input->poses), [01;35m[K&(output->poses)[m[K))
[9.178s]       |                        [01;35m[K^~~~~~~~~~~~~~~~[m[K
[9.178s]       |                        [01;35m[K|[m[K
[9.178s]       |                        [01;35m[Kint *[m[K
[9.179s] In file included from [01m[K/root/motpy_pifpaf/build/motpy_pifpaf_msg/rosidl_generator_c/motpy_pifpaf_msg/msg/detail/poses__functions.c:4[m[K:
[9.179s] [01m[K/root/motpy_pifpaf/build/motpy_pifpaf_msg/rosidl_generator_c/motpy_pifpaf_msg/msg/detail/poses__functions.h:171:44:[m[K [01;36m[Knote: [m[Kexpected ‘[01m[Kmotpy_pifpaf_msg__msg__Poses__Sequence *[m[K’ {aka ‘[01m[Kstruct motpy_pifpaf_msg__msg__Poses__Sequence *[m[K’} but argument is of type ‘[01m[Kint *[m[K’
[9.179s]   171 |   [01;36m[Kmotpy_pifpaf_msg__msg__Poses__Sequence * output[m[K);
[9.179s]       |   [01;36m[K~~~~~~~~~~~~~~~~~~~~~~~~~~~~~~~~~~~~~~~~~^~~~~~[m[K
[9.180s] make[2]: *** [CMakeFiles/motpy_pifpaf_msg__rosidl_generator_c.dir/build.make:193: CMakeFiles/motpy_pifpaf_msg__rosidl_generator_c.dir/rosidl_generator_c/motpy_pifpaf_msg/msg/detail/poses__functions.c.o] Error 1
[9.181s] make[1]: *** [CMakeFiles/Makefile2:332: CMakeFiles/motpy_pifpaf_msg__rosidl_generator_c.dir/all] Error 2
[9.181s] make: *** [Makefile:141: all] Error 2
[9.182s] Invoked command in '/root/motpy_pifpaf/build/motpy_pifpaf_msg' returned '2': CMAKE_PREFIX_PATH=/opt/ros/foxy _=/usr/bin/env /usr/bin/cmake --build /root/motpy_pifpaf/build/motpy_pifpaf_msg -- -j12 -l12
