[0.850s] Invoking command in '/root/motpy_pifpaf/build/motpy_pifpaf_msg': CMAKE_PREFIX_PATH=/opt/ros/foxy _=/usr/bin/env /usr/bin/cmake --build /root/motpy_pifpaf/build/motpy_pifpaf_msg -- -j12 -l12
[0.974s] -- Found ament_cmake: 0.9.11 (/opt/ros/foxy/share/ament_cmake/cmake)
[1.033s] -- Found PythonInterp: /usr/bin/python3 (found suitable version "3.8.10", minimum required is "3") 
[1.033s] -- Using PYTHON_EXECUTABLE: /usr/bin/python3
[1.508s] -- Found geometry_msgs: 2.0.5 (/opt/ros/foxy/share/geometry_msgs/cmake)
[1.567s] -- Using all available rosidl_typesupport_c: rosidl_typesupport_fastrtps_c;rosidl_typesupport_introspection_c
[1.577s] -- Found rosidl_adapter: 1.3.0 (/opt/ros/foxy/share/rosidl_adapter/cmake)
[1.972s] -- Using all available rosidl_typesupport_cpp: rosidl_typesupport_fastrtps_cpp;rosidl_typesupport_introspection_cpp
[2.197s] -- Found rosidl_default_generators: 1.0.1 (/opt/ros/foxy/share/rosidl_default_generators/cmake)
[2.221s] -- Found sensor_msgs: 2.0.5 (/opt/ros/foxy/share/sensor_msgs/cmake)
[2.445s] -- Found visualization_msgs: 2.0.5 (/opt/ros/foxy/share/visualization_msgs/cmake)
[2.827s] -- Found PythonInterp: /usr/bin/python3 (found version "3.8.10") 
[3.384s] -- Found ament_cmake_ros: 0.9.2 (/opt/ros/foxy/share/ament_cmake_ros/cmake)
[4.303s] -- Using all available rosidl_typesupport_c: rosidl_typesupport_fastrtps_c;rosidl_typesupport_introspection_c
[4.805s] -- Using all available rosidl_typesupport_cpp: rosidl_typesupport_fastrtps_cpp;rosidl_typesupport_introspection_cpp
[4.939s] -- Found PythonInterp: /usr/bin/python3 (found suitable version "3.8.10", minimum required is "3.5") 
[4.940s] -- Found python_cmake_module: 0.8.1 (/opt/ros/foxy/share/python_cmake_module/cmake)
[5.017s] -- Using PYTHON_EXECUTABLE: /usr/bin/python3
[5.017s] -- Using PYTHON_INCLUDE_DIRS: /usr/include/python3.8
[5.017s] -- Using PYTHON_LIBRARIES: /usr/lib/x86_64-linux-gnu/libpython3.8.so
[5.292s] -- Found ament_lint_auto: 0.9.7 (/opt/ros/foxy/share/ament_lint_auto/cmake)
[5.326s] -- Added test 'copyright' to check source files copyright and LICENSE
[5.331s] -- Added test 'lint_cmake' to check CMake code style
[5.335s] -- Added test 'xmllint' to check XML markup files
[5.349s] -- Configuring done
[5.637s] -- Generating done
[5.650s] -- Build files have been written to: /root/motpy_pifpaf/build/motpy_pifpaf_msg
[5.829s] [  2%] [34m[1mGenerating C++ code for ROS interfaces[0m
[6.820s] [  2%] Built target motpy_pifpaf_msg__cpp
[6.886s] [  5%] [34m[1mGenerating C code for ROS interfaces[0m
[7.947s] [35m[1mScanning dependencies of target motpy_pifpaf_msg__rosidl_generator_c[0m
[7.984s] [  7%] [32mBuilding C object CMakeFiles/motpy_pifpaf_msg__rosidl_generator_c.dir/rosidl_generator_c/motpy_pifpaf_msg/msg/detail/pose__functions.c.o[0m
[8.100s] [ 10%] [32mBuilding C object CMakeFiles/motpy_pifpaf_msg__rosidl_generator_c.dir/rosidl_generator_c/motpy_pifpaf_msg/msg/detail/poses__functions.c.o[0m
[8.291s] [ 12%] [32m[1mLinking C shared library libmotpy_pifpaf_msg__rosidl_generator_c.so[0m
[8.561s] [ 12%] Built target motpy_pifpaf_msg__rosidl_generator_c
[8.626s] [ 15%] [34m[1mGenerating C++ type support for eProsima Fast-RTPS[0m
[9.633s] [35m[1mScanning dependencies of target motpy_pifpaf_msg__rosidl_typesupport_fastrtps_cpp[0m
[9.750s] [ 17%] [32mBuilding CXX object CMakeFiles/motpy_pifpaf_msg__rosidl_typesupport_fastrtps_cpp.dir/rosidl_typesupport_fastrtps_cpp/motpy_pifpaf_msg/msg/detail/dds_fastrtps/pose__type_support.cpp.o[0m
[11.309s] [ 20%] [32mBuilding CXX object CMakeFiles/motpy_pifpaf_msg__rosidl_typesupport_fastrtps_cpp.dir/rosidl_typesupport_fastrtps_cpp/motpy_pifpaf_msg/msg/detail/dds_fastrtps/poses__type_support.cpp.o[0m
[12.624s] [ 23%] [32m[1mLinking CXX shared library libmotpy_pifpaf_msg__rosidl_typesupport_fastrtps_cpp.so[0m
[13.128s] [ 23%] Built target motpy_pifpaf_msg__rosidl_typesupport_fastrtps_cpp
[13.192s] [ 25%] [34m[1mGenerating C type support dispatch for ROS interfaces[0m
[14.127s] [35m[1mScanning dependencies of target motpy_pifpaf_msg__rosidl_typesupport_c[0m
[14.154s] [ 28%] [32mBuilding CXX object CMakeFiles/motpy_pifpaf_msg__rosidl_typesupport_c.dir/rosidl_typesupport_c/motpy_pifpaf_msg/msg/pose__type_support.cpp.o[0m
[14.218s] [ 30%] [32mBuilding CXX object CMakeFiles/motpy_pifpaf_msg__rosidl_typesupport_c.dir/rosidl_typesupport_c/motpy_pifpaf_msg/msg/poses__type_support.cpp.o[0m
[14.281s] [ 33%] [32m[1mLinking CXX shared library libmotpy_pifpaf_msg__rosidl_typesupport_c.so[0m
[14.504s] [ 33%] Built target motpy_pifpaf_msg__rosidl_typesupport_c
[14.529s] [ 35%] [34m[1mGenerating C type support for eProsima Fast-RTPS[0m
[15.245s] [35m[1mScanning dependencies of target motpy_pifpaf_msg__rosidl_typesupport_fastrtps_c[0m
[15.343s] [ 38%] [32mBuilding CXX object CMakeFiles/motpy_pifpaf_msg__rosidl_typesupport_fastrtps_c.dir/rosidl_typesupport_fastrtps_c/motpy_pifpaf_msg/msg/detail/pose__type_support_c.cpp.o[0m
[16.343s] [ 41%] [32mBuilding CXX object CMakeFiles/motpy_pifpaf_msg__rosidl_typesupport_fastrtps_c.dir/rosidl_typesupport_fastrtps_c/motpy_pifpaf_msg/msg/detail/poses__type_support_c.cpp.o[0m
[17.395s] [ 43%] [32m[1mLinking CXX shared library libmotpy_pifpaf_msg__rosidl_typesupport_fastrtps_c.so[0m
[17.654s] [ 43%] Built target motpy_pifpaf_msg__rosidl_typesupport_fastrtps_c
[17.688s] [ 46%] [34m[1mGenerating C introspection for ROS interfaces[0m
[18.984s] [35m[1mScanning dependencies of target motpy_pifpaf_msg__rosidl_typesupport_introspection_c[0m
[19.055s] [ 48%] [32mBuilding C object CMakeFiles/motpy_pifpaf_msg__rosidl_typesupport_introspection_c.dir/rosidl_typesupport_introspection_c/motpy_pifpaf_msg/msg/detail/pose__type_support.c.o[0m
[19.273s] [ 51%] [32mBuilding C object CMakeFiles/motpy_pifpaf_msg__rosidl_typesupport_introspection_c.dir/rosidl_typesupport_introspection_c/motpy_pifpaf_msg/msg/detail/poses__type_support.c.o[0m
[19.350s] [ 53%] [32m[1mLinking C shared library libmotpy_pifpaf_msg__rosidl_typesupport_introspection_c.so[0m
[19.453s] [ 53%] Built target motpy_pifpaf_msg__rosidl_typesupport_introspection_c
[19.477s] [ 56%] [34m[1mGenerating C++ type support dispatch for ROS interfaces[0m
[20.540s] [35m[1mScanning dependencies of target motpy_pifpaf_msg__rosidl_typesupport_cpp[0m
[20.643s] [ 58%] [32mBuilding CXX object CMakeFiles/motpy_pifpaf_msg__rosidl_typesupport_cpp.dir/rosidl_typesupport_cpp/motpy_pifpaf_msg/msg/pose__type_support.cpp.o[0m
[21.505s] [ 61%] [32mBuilding CXX object CMakeFiles/motpy_pifpaf_msg__rosidl_typesupport_cpp.dir/rosidl_typesupport_cpp/motpy_pifpaf_msg/msg/poses__type_support.cpp.o[0m
[22.281s] [ 64%] [32m[1mLinking CXX shared library libmotpy_pifpaf_msg__rosidl_typesupport_cpp.so[0m
[22.549s] [ 64%] Built target motpy_pifpaf_msg__rosidl_typesupport_cpp
[22.615s] [ 66%] [34m[1mGenerating C++ introspection for ROS interfaces[0m
[23.736s] [35m[1mScanning dependencies of target motpy_pifpaf_msg__rosidl_typesupport_introspection_cpp[0m
[23.849s] [ 69%] [32mBuilding CXX object CMakeFiles/motpy_pifpaf_msg__rosidl_typesupport_introspection_cpp.dir/rosidl_typesupport_introspection_cpp/motpy_pifpaf_msg/msg/detail/pose__type_support.cpp.o[0m
[24.795s] [ 71%] [32mBuilding CXX object CMakeFiles/motpy_pifpaf_msg__rosidl_typesupport_introspection_cpp.dir/rosidl_typesupport_introspection_cpp/motpy_pifpaf_msg/msg/detail/poses__type_support.cpp.o[0m
[25.593s] [ 74%] [32m[1mLinking CXX shared library libmotpy_pifpaf_msg__rosidl_typesupport_introspection_cpp.so[0m
[25.749s] [ 74%] Built target motpy_pifpaf_msg__rosidl_typesupport_introspection_cpp
[25.769s] [35m[1mScanning dependencies of target motpy_pifpaf_msg[0m
[25.791s] [ 74%] Built target motpy_pifpaf_msg
[25.814s] [35m[1mScanning dependencies of target motpy_pifpaf_msg__py[0m
[25.840s] [ 76%] [34m[1mGenerating Python code for ROS interfaces[0m
[28.284s] [ 76%] Built target motpy_pifpaf_msg__py
[28.336s] [35m[1mScanning dependencies of target motpy_pifpaf_msg__python[0m
[28.495s] [ 79%] [32mBuilding C object CMakeFiles/motpy_pifpaf_msg__python.dir/rosidl_generator_py/motpy_pifpaf_msg/msg/_pose_s.c.o[0m
[29.028s] [ 82%] [32mBuilding C object CMakeFiles/motpy_pifpaf_msg__python.dir/rosidl_generator_py/motpy_pifpaf_msg/msg/_poses_s.c.o[0m
[29.403s] [ 84%] [32m[1mLinking C shared library rosidl_generator_py/motpy_pifpaf_msg/libmotpy_pifpaf_msg__python.so[0m
[29.651s] [ 84%] Built target motpy_pifpaf_msg__python
[29.720s] [35m[1mScanning dependencies of target motpy_pifpaf_msg__rosidl_typesupport_c__pyext[0m
[29.876s] [ 87%] [32mBuilding C object CMakeFiles/motpy_pifpaf_msg__rosidl_typesupport_c__pyext.dir/rosidl_generator_py/motpy_pifpaf_msg/_motpy_pifpaf_msg_s.ep.rosidl_typesupport_c.c.o[0m
[30.189s] [ 89%] [32m[1mLinking C shared library rosidl_generator_py/motpy_pifpaf_msg/motpy_pifpaf_msg_s__rosidl_typesupport_c.cpython-38-x86_64-linux-gnu.so[0m
[30.302s] [ 89%] Built target motpy_pifpaf_msg__rosidl_typesupport_c__pyext
[30.325s] [35m[1mScanning dependencies of target motpy_pifpaf_msg__rosidl_typesupport_introspection_c__pyext[0m
[30.397s] [ 92%] [32mBuilding C object CMakeFiles/motpy_pifpaf_msg__rosidl_typesupport_introspection_c__pyext.dir/rosidl_generator_py/motpy_pifpaf_msg/_motpy_pifpaf_msg_s.ep.rosidl_typesupport_introspection_c.c.o[0m
[30.719s] [ 94%] [32m[1mLinking C shared library rosidl_generator_py/motpy_pifpaf_msg/motpy_pifpaf_msg_s__rosidl_typesupport_introspection_c.cpython-38-x86_64-linux-gnu.so[0m
[30.937s] [ 94%] Built target motpy_pifpaf_msg__rosidl_typesupport_introspection_c__pyext
[31.009s] [35m[1mScanning dependencies of target motpy_pifpaf_msg__rosidl_typesupport_fastrtps_c__pyext[0m
[31.122s] [ 97%] [32mBuilding C object CMakeFiles/motpy_pifpaf_msg__rosidl_typesupport_fastrtps_c__pyext.dir/rosidl_generator_py/motpy_pifpaf_msg/_motpy_pifpaf_msg_s.ep.rosidl_typesupport_fastrtps_c.c.o[0m
[31.370s] [100%] [32m[1mLinking CXX shared library rosidl_generator_py/motpy_pifpaf_msg/motpy_pifpaf_msg_s__rosidl_typesupport_fastrtps_c.cpython-38-x86_64-linux-gnu.so[0m
[31.748s] [100%] Built target motpy_pifpaf_msg__rosidl_typesupport_fastrtps_c__pyext
[31.805s] Invoked command in '/root/motpy_pifpaf/build/motpy_pifpaf_msg' returned '0': CMAKE_PREFIX_PATH=/opt/ros/foxy _=/usr/bin/env /usr/bin/cmake --build /root/motpy_pifpaf/build/motpy_pifpaf_msg -- -j12 -l12
[32.535s] Invoking command in '/root/motpy_pifpaf/build/motpy_pifpaf_msg': CMAKE_PREFIX_PATH=/opt/ros/foxy _=/usr/bin/env /usr/bin/cmake --install /root/motpy_pifpaf/build/motpy_pifpaf_msg
[32.587s] -- Install configuration: ""
[32.589s] -- Installing: /root/motpy_pifpaf/install/motpy_pifpaf_msg/share/ament_index/resource_index/rosidl_interfaces/motpy_pifpaf_msg
[32.589s] -- Installing: /root/motpy_pifpaf/install/motpy_pifpaf_msg/include/motpy_pifpaf_msg
[32.590s] -- Installing: /root/motpy_pifpaf/install/motpy_pifpaf_msg/include/motpy_pifpaf_msg/msg
[32.590s] -- Installing: /root/motpy_pifpaf/install/motpy_pifpaf_msg/include/motpy_pifpaf_msg/msg/rosidl_generator_c__visibility_control.h
[32.590s] -- Installing: /root/motpy_pifpaf/install/motpy_pifpaf_msg/include/motpy_pifpaf_msg/msg/poses.h
[32.590s] -- Installing: /root/motpy_pifpaf/install/motpy_pifpaf_msg/include/motpy_pifpaf_msg/msg/detail
[32.591s] -- Installing: /root/motpy_pifpaf/install/motpy_pifpaf_msg/include/motpy_pifpaf_msg/msg/detail/pose__functions.h
[32.591s] -- Installing: /root/motpy_pifpaf/install/motpy_pifpaf_msg/include/motpy_pifpaf_msg/msg/detail/pose__struct.h
[32.591s] -- Installing: /root/motpy_pifpaf/install/motpy_pifpaf_msg/include/motpy_pifpaf_msg/msg/detail/pose__type_support.h
[32.592s] -- Installing: /root/motpy_pifpaf/install/motpy_pifpaf_msg/include/motpy_pifpaf_msg/msg/detail/poses__type_support.h
[32.592s] -- Installing: /root/motpy_pifpaf/install/motpy_pifpaf_msg/include/motpy_pifpaf_msg/msg/detail/poses__functions.c
[32.608s] -- Installing: /root/motpy_pifpaf/install/motpy_pifpaf_msg/include/motpy_pifpaf_msg/msg/detail/poses__struct.h
[32.608s] -- Installing: /root/motpy_pifpaf/install/motpy_pifpaf_msg/include/motpy_pifpaf_msg/msg/detail/pose__functions.c
[32.609s] -- Installing: /root/motpy_pifpaf/install/motpy_pifpaf_msg/include/motpy_pifpaf_msg/msg/detail/poses__functions.h
[32.609s] -- Installing: /root/motpy_pifpaf/install/motpy_pifpaf_msg/include/motpy_pifpaf_msg/msg/pose.h
[32.610s] -- Installing: /root/motpy_pifpaf/install/motpy_pifpaf_msg/share/motpy_pifpaf_msg/environment/library_path.sh
[32.610s] -- Installing: /root/motpy_pifpaf/install/motpy_pifpaf_msg/share/motpy_pifpaf_msg/environment/library_path.dsv
[32.611s] -- Installing: /root/motpy_pifpaf/install/motpy_pifpaf_msg/lib/libmotpy_pifpaf_msg__rosidl_generator_c.so
[32.612s] -- Set runtime path of "/root/motpy_pifpaf/install/motpy_pifpaf_msg/lib/libmotpy_pifpaf_msg__rosidl_generator_c.so" to ""
[32.613s] -- Up-to-date: /root/motpy_pifpaf/install/motpy_pifpaf_msg/include/motpy_pifpaf_msg
[32.613s] -- Up-to-date: /root/motpy_pifpaf/install/motpy_pifpaf_msg/include/motpy_pifpaf_msg/msg
[32.613s] -- Up-to-date: /root/motpy_pifpaf/install/motpy_pifpaf_msg/include/motpy_pifpaf_msg/msg/detail
[32.614s] -- Installing: /root/motpy_pifpaf/install/motpy_pifpaf_msg/include/motpy_pifpaf_msg/msg/detail/poses__rosidl_typesupport_fastrtps_c.h
[32.614s] -- Installing: /root/motpy_pifpaf/install/motpy_pifpaf_msg/include/motpy_pifpaf_msg/msg/detail/pose__rosidl_typesupport_fastrtps_c.h
[32.614s] -- Installing: /root/motpy_pifpaf/install/motpy_pifpaf_msg/include/motpy_pifpaf_msg/msg/rosidl_typesupport_fastrtps_c__visibility_control.h
[32.615s] -- Installing: /root/motpy_pifpaf/install/motpy_pifpaf_msg/lib/libmotpy_pifpaf_msg__rosidl_typesupport_fastrtps_c.so
[32.616s] -- Set runtime path of "/root/motpy_pifpaf/install/motpy_pifpaf_msg/lib/libmotpy_pifpaf_msg__rosidl_typesupport_fastrtps_c.so" to ""
[32.617s] -- Up-to-date: /root/motpy_pifpaf/install/motpy_pifpaf_msg/include/motpy_pifpaf_msg
[32.617s] -- Up-to-date: /root/motpy_pifpaf/install/motpy_pifpaf_msg/include/motpy_pifpaf_msg/msg
[32.617s] -- Up-to-date: /root/motpy_pifpaf/install/motpy_pifpaf_msg/include/motpy_pifpaf_msg/msg/detail
[32.618s] -- Installing: /root/motpy_pifpaf/install/motpy_pifpaf_msg/include/motpy_pifpaf_msg/msg/detail/pose__rosidl_typesupport_fastrtps_cpp.hpp
[32.618s] -- Installing: /root/motpy_pifpaf/install/motpy_pifpaf_msg/include/motpy_pifpaf_msg/msg/detail/poses__rosidl_typesupport_fastrtps_cpp.hpp
[32.618s] -- Installing: /root/motpy_pifpaf/install/motpy_pifpaf_msg/include/motpy_pifpaf_msg/msg/detail/dds_fastrtps
[32.618s] -- Installing: /root/motpy_pifpaf/install/motpy_pifpaf_msg/include/motpy_pifpaf_msg/msg/rosidl_typesupport_fastrtps_cpp__visibility_control.h
[32.619s] -- Installing: /root/motpy_pifpaf/install/motpy_pifpaf_msg/lib/libmotpy_pifpaf_msg__rosidl_typesupport_fastrtps_cpp.so
[32.621s] -- Set runtime path of "/root/motpy_pifpaf/install/motpy_pifpaf_msg/lib/libmotpy_pifpaf_msg__rosidl_typesupport_fastrtps_cpp.so" to ""
[32.622s] -- Up-to-date: /root/motpy_pifpaf/install/motpy_pifpaf_msg/include/motpy_pifpaf_msg
[32.622s] -- Up-to-date: /root/motpy_pifpaf/install/motpy_pifpaf_msg/include/motpy_pifpaf_msg/msg
[32.622s] -- Up-to-date: /root/motpy_pifpaf/install/motpy_pifpaf_msg/include/motpy_pifpaf_msg/msg/detail
[32.623s] -- Installing: /root/motpy_pifpaf/install/motpy_pifpaf_msg/include/motpy_pifpaf_msg/msg/detail/pose__rosidl_typesupport_introspection_c.h
[32.623s] -- Installing: /root/motpy_pifpaf/install/motpy_pifpaf_msg/include/motpy_pifpaf_msg/msg/detail/poses__type_support.c
[32.624s] -- Installing: /root/motpy_pifpaf/install/motpy_pifpaf_msg/include/motpy_pifpaf_msg/msg/detail/pose__type_support.c
[32.625s] -- Installing: /root/motpy_pifpaf/install/motpy_pifpaf_msg/include/motpy_pifpaf_msg/msg/detail/poses__rosidl_typesupport_introspection_c.h
[32.626s] -- Installing: /root/motpy_pifpaf/install/motpy_pifpaf_msg/include/motpy_pifpaf_msg/msg/rosidl_typesupport_introspection_c__visibility_control.h
[32.626s] -- Installing: /root/motpy_pifpaf/install/motpy_pifpaf_msg/lib/libmotpy_pifpaf_msg__rosidl_typesupport_introspection_c.so
[32.628s] -- Set runtime path of "/root/motpy_pifpaf/install/motpy_pifpaf_msg/lib/libmotpy_pifpaf_msg__rosidl_typesupport_introspection_c.so" to ""
[32.629s] -- Installing: /root/motpy_pifpaf/install/motpy_pifpaf_msg/lib/libmotpy_pifpaf_msg__rosidl_typesupport_c.so
[32.636s] -- Set runtime path of "/root/motpy_pifpaf/install/motpy_pifpaf_msg/lib/libmotpy_pifpaf_msg__rosidl_typesupport_c.so" to ""
[32.636s] -- Up-to-date: /root/motpy_pifpaf/install/motpy_pifpaf_msg/include/motpy_pifpaf_msg
[32.637s] -- Up-to-date: /root/motpy_pifpaf/install/motpy_pifpaf_msg/include/motpy_pifpaf_msg/msg
[32.637s] -- Up-to-date: /root/motpy_pifpaf/install/motpy_pifpaf_msg/include/motpy_pifpaf_msg/msg/detail
[32.638s] -- Installing: /root/motpy_pifpaf/install/motpy_pifpaf_msg/include/motpy_pifpaf_msg/msg/detail/poses__struct.hpp
[32.638s] -- Installing: /root/motpy_pifpaf/install/motpy_pifpaf_msg/include/motpy_pifpaf_msg/msg/detail/poses__builder.hpp
[32.639s] -- Installing: /root/motpy_pifpaf/install/motpy_pifpaf_msg/include/motpy_pifpaf_msg/msg/detail/pose__struct.hpp
[32.640s] -- Installing: /root/motpy_pifpaf/install/motpy_pifpaf_msg/include/motpy_pifpaf_msg/msg/detail/pose__traits.hpp
[32.640s] -- Installing: /root/motpy_pifpaf/install/motpy_pifpaf_msg/include/motpy_pifpaf_msg/msg/detail/poses__traits.hpp
[32.641s] -- Installing: /root/motpy_pifpaf/install/motpy_pifpaf_msg/include/motpy_pifpaf_msg/msg/detail/pose__builder.hpp
[32.642s] -- Installing: /root/motpy_pifpaf/install/motpy_pifpaf_msg/include/motpy_pifpaf_msg/msg/pose.hpp
[32.642s] -- Installing: /root/motpy_pifpaf/install/motpy_pifpaf_msg/include/motpy_pifpaf_msg/msg/poses.hpp
[32.643s] -- Up-to-date: /root/motpy_pifpaf/install/motpy_pifpaf_msg/include/motpy_pifpaf_msg
[32.644s] -- Up-to-date: /root/motpy_pifpaf/install/motpy_pifpaf_msg/include/motpy_pifpaf_msg/msg
[32.644s] -- Up-to-date: /root/motpy_pifpaf/install/motpy_pifpaf_msg/include/motpy_pifpaf_msg/msg/detail
[32.644s] -- Installing: /root/motpy_pifpaf/install/motpy_pifpaf_msg/include/motpy_pifpaf_msg/msg/detail/poses__type_support.cpp
[32.645s] -- Installing: /root/motpy_pifpaf/install/motpy_pifpaf_msg/include/motpy_pifpaf_msg/msg/detail/pose__type_support.cpp
[32.646s] -- Installing: /root/motpy_pifpaf/install/motpy_pifpaf_msg/include/motpy_pifpaf_msg/msg/detail/pose__rosidl_typesupport_introspection_cpp.hpp
[32.646s] -- Installing: /root/motpy_pifpaf/install/motpy_pifpaf_msg/include/motpy_pifpaf_msg/msg/detail/poses__rosidl_typesupport_introspection_cpp.hpp
[32.660s] -- Installing: /root/motpy_pifpaf/install/motpy_pifpaf_msg/lib/libmotpy_pifpaf_msg__rosidl_typesupport_introspection_cpp.so
[32.662s] -- Set runtime path of "/root/motpy_pifpaf/install/motpy_pifpaf_msg/lib/libmotpy_pifpaf_msg__rosidl_typesupport_introspection_cpp.so" to ""
[32.663s] -- Installing: /root/motpy_pifpaf/install/motpy_pifpaf_msg/lib/libmotpy_pifpaf_msg__rosidl_typesupport_cpp.so
[32.664s] -- Set runtime path of "/root/motpy_pifpaf/install/motpy_pifpaf_msg/lib/libmotpy_pifpaf_msg__rosidl_typesupport_cpp.so" to ""
[32.665s] -- Installing: /root/motpy_pifpaf/install/motpy_pifpaf_msg/share/motpy_pifpaf_msg/environment/pythonpath.sh
[32.666s] -- Installing: /root/motpy_pifpaf/install/motpy_pifpaf_msg/share/motpy_pifpaf_msg/environment/pythonpath.dsv
[32.667s] -- Installing: /root/motpy_pifpaf/install/motpy_pifpaf_msg/lib/python3.8/site-packages/motpy_pifpaf_msg/__init__.py
[32.824s] Compiling '/root/motpy_pifpaf/install/motpy_pifpaf_msg/lib/python3.8/site-packages/motpy_pifpaf_msg/__init__.py'...
[32.831s] -- Installing: /root/motpy_pifpaf/install/motpy_pifpaf_msg/lib/python3.8/site-packages/motpy_pifpaf_msg/msg
[32.832s] -- Installing: /root/motpy_pifpaf/install/motpy_pifpaf_msg/lib/python3.8/site-packages/motpy_pifpaf_msg/msg/_pose_s.c
[32.832s] -- Installing: /root/motpy_pifpaf/install/motpy_pifpaf_msg/lib/python3.8/site-packages/motpy_pifpaf_msg/msg/_poses_s.c
[32.833s] -- Installing: /root/motpy_pifpaf/install/motpy_pifpaf_msg/lib/python3.8/site-packages/motpy_pifpaf_msg/msg/_poses.py
[32.834s] -- Installing: /root/motpy_pifpaf/install/motpy_pifpaf_msg/lib/python3.8/site-packages/motpy_pifpaf_msg/msg/__init__.py
[32.834s] -- Installing: /root/motpy_pifpaf/install/motpy_pifpaf_msg/lib/python3.8/site-packages/motpy_pifpaf_msg/msg/_pose.py
[32.835s] -- Installing: /root/motpy_pifpaf/install/motpy_pifpaf_msg/lib/python3.8/site-packages/motpy_pifpaf_msg/motpy_pifpaf_msg_s__rosidl_typesupport_fastrtps_c.cpython-38-x86_64-linux-gnu.so
[32.837s] -- Set runtime path of "/root/motpy_pifpaf/install/motpy_pifpaf_msg/lib/python3.8/site-packages/motpy_pifpaf_msg/motpy_pifpaf_msg_s__rosidl_typesupport_fastrtps_c.cpython-38-x86_64-linux-gnu.so" to ""
[32.838s] -- Installing: /root/motpy_pifpaf/install/motpy_pifpaf_msg/lib/python3.8/site-packages/motpy_pifpaf_msg/motpy_pifpaf_msg_s__rosidl_typesupport_introspection_c.cpython-38-x86_64-linux-gnu.so
[32.840s] -- Set runtime path of "/root/motpy_pifpaf/install/motpy_pifpaf_msg/lib/python3.8/site-packages/motpy_pifpaf_msg/motpy_pifpaf_msg_s__rosidl_typesupport_introspection_c.cpython-38-x86_64-linux-gnu.so" to ""
[32.840s] -- Installing: /root/motpy_pifpaf/install/motpy_pifpaf_msg/lib/python3.8/site-packages/motpy_pifpaf_msg/motpy_pifpaf_msg_s__rosidl_typesupport_c.cpython-38-x86_64-linux-gnu.so
[32.842s] -- Set runtime path of "/root/motpy_pifpaf/install/motpy_pifpaf_msg/lib/python3.8/site-packages/motpy_pifpaf_msg/motpy_pifpaf_msg_s__rosidl_typesupport_c.cpython-38-x86_64-linux-gnu.so" to ""
[32.843s] -- Installing: /root/motpy_pifpaf/install/motpy_pifpaf_msg/lib/libmotpy_pifpaf_msg__python.so
[32.844s] -- Set runtime path of "/root/motpy_pifpaf/install/motpy_pifpaf_msg/lib/libmotpy_pifpaf_msg__python.so" to ""
[32.845s] -- Installing: /root/motpy_pifpaf/install/motpy_pifpaf_msg/share/motpy_pifpaf_msg/msg/Pose.idl
[32.846s] -- Installing: /root/motpy_pifpaf/install/motpy_pifpaf_msg/share/motpy_pifpaf_msg/msg/Poses.idl
[32.847s] -- Installing: /root/motpy_pifpaf/install/motpy_pifpaf_msg/share/motpy_pifpaf_msg/msg/Pose.msg
[32.848s] -- Installing: /root/motpy_pifpaf/install/motpy_pifpaf_msg/share/motpy_pifpaf_msg/msg/Poses.msg
[32.849s] -- Installing: /root/motpy_pifpaf/install/motpy_pifpaf_msg/share/ament_index/resource_index/package_run_dependencies/motpy_pifpaf_msg
[32.850s] -- Installing: /root/motpy_pifpaf/install/motpy_pifpaf_msg/share/ament_index/resource_index/parent_prefix_path/motpy_pifpaf_msg
[32.851s] -- Installing: /root/motpy_pifpaf/install/motpy_pifpaf_msg/share/motpy_pifpaf_msg/environment/ament_prefix_path.sh
[32.864s] -- Installing: /root/motpy_pifpaf/install/motpy_pifpaf_msg/share/motpy_pifpaf_msg/environment/ament_prefix_path.dsv
[32.865s] -- Installing: /root/motpy_pifpaf/install/motpy_pifpaf_msg/share/motpy_pifpaf_msg/environment/path.sh
[32.866s] -- Installing: /root/motpy_pifpaf/install/motpy_pifpaf_msg/share/motpy_pifpaf_msg/environment/path.dsv
[32.867s] -- Installing: /root/motpy_pifpaf/install/motpy_pifpaf_msg/share/motpy_pifpaf_msg/local_setup.bash
[32.868s] -- Installing: /root/motpy_pifpaf/install/motpy_pifpaf_msg/share/motpy_pifpaf_msg/local_setup.sh
[32.869s] -- Installing: /root/motpy_pifpaf/install/motpy_pifpaf_msg/share/motpy_pifpaf_msg/local_setup.zsh
[32.869s] -- Installing: /root/motpy_pifpaf/install/motpy_pifpaf_msg/share/motpy_pifpaf_msg/local_setup.dsv
[32.870s] -- Installing: /root/motpy_pifpaf/install/motpy_pifpaf_msg/share/motpy_pifpaf_msg/package.dsv
[32.871s] -- Installing: /root/motpy_pifpaf/install/motpy_pifpaf_msg/share/ament_index/resource_index/packages/motpy_pifpaf_msg
[32.872s] -- Installing: /root/motpy_pifpaf/install/motpy_pifpaf_msg/share/motpy_pifpaf_msg/cmake/motpy_pifpaf_msg__rosidl_generator_cExport.cmake
[32.873s] -- Installing: /root/motpy_pifpaf/install/motpy_pifpaf_msg/share/motpy_pifpaf_msg/cmake/motpy_pifpaf_msg__rosidl_generator_cExport-noconfig.cmake
[32.874s] -- Installing: /root/motpy_pifpaf/install/motpy_pifpaf_msg/share/motpy_pifpaf_msg/cmake/motpy_pifpaf_msg__rosidl_typesupport_introspection_cExport.cmake
[32.875s] -- Installing: /root/motpy_pifpaf/install/motpy_pifpaf_msg/share/motpy_pifpaf_msg/cmake/motpy_pifpaf_msg__rosidl_typesupport_introspection_cExport-noconfig.cmake
[32.876s] -- Installing: /root/motpy_pifpaf/install/motpy_pifpaf_msg/share/motpy_pifpaf_msg/cmake/motpy_pifpaf_msg__rosidl_typesupport_cExport.cmake
[32.878s] -- Installing: /root/motpy_pifpaf/install/motpy_pifpaf_msg/share/motpy_pifpaf_msg/cmake/motpy_pifpaf_msg__rosidl_typesupport_cExport-noconfig.cmake
[32.879s] -- Installing: /root/motpy_pifpaf/install/motpy_pifpaf_msg/share/motpy_pifpaf_msg/cmake/motpy_pifpaf_msg__rosidl_generator_cppExport.cmake
[32.880s] -- Installing: /root/motpy_pifpaf/install/motpy_pifpaf_msg/share/motpy_pifpaf_msg/cmake/motpy_pifpaf_msg__rosidl_typesupport_introspection_cppExport.cmake
[32.881s] -- Installing: /root/motpy_pifpaf/install/motpy_pifpaf_msg/share/motpy_pifpaf_msg/cmake/motpy_pifpaf_msg__rosidl_typesupport_introspection_cppExport-noconfig.cmake
[32.882s] -- Installing: /root/motpy_pifpaf/install/motpy_pifpaf_msg/share/motpy_pifpaf_msg/cmake/motpy_pifpaf_msg__rosidl_typesupport_cppExport.cmake
[32.883s] -- Installing: /root/motpy_pifpaf/install/motpy_pifpaf_msg/share/motpy_pifpaf_msg/cmake/motpy_pifpaf_msg__rosidl_typesupport_cppExport-noconfig.cmake
[32.884s] -- Installing: /root/motpy_pifpaf/install/motpy_pifpaf_msg/share/motpy_pifpaf_msg/cmake/rosidl_cmake-extras.cmake
[32.885s] -- Installing: /root/motpy_pifpaf/install/motpy_pifpaf_msg/share/motpy_pifpaf_msg/cmake/ament_cmake_export_dependencies-extras.cmake
[32.886s] -- Installing: /root/motpy_pifpaf/install/motpy_pifpaf_msg/share/motpy_pifpaf_msg/cmake/ament_cmake_export_libraries-extras.cmake
[32.887s] -- Installing: /root/motpy_pifpaf/install/motpy_pifpaf_msg/share/motpy_pifpaf_msg/cmake/ament_cmake_export_targets-extras.cmake
[32.888s] -- Installing: /root/motpy_pifpaf/install/motpy_pifpaf_msg/share/motpy_pifpaf_msg/cmake/ament_cmake_export_include_directories-extras.cmake
[32.892s] -- Installing: /root/motpy_pifpaf/install/motpy_pifpaf_msg/share/motpy_pifpaf_msg/cmake/rosidl_cmake_export_typesupport_libraries-extras.cmake
[32.893s] -- Installing: /root/motpy_pifpaf/install/motpy_pifpaf_msg/share/motpy_pifpaf_msg/cmake/rosidl_cmake_export_typesupport_targets-extras.cmake
[32.894s] -- Installing: /root/motpy_pifpaf/install/motpy_pifpaf_msg/share/motpy_pifpaf_msg/cmake/motpy_pifpaf_msgConfig.cmake
[32.895s] -- Installing: /root/motpy_pifpaf/install/motpy_pifpaf_msg/share/motpy_pifpaf_msg/cmake/motpy_pifpaf_msgConfig-version.cmake
[32.896s] -- Installing: /root/motpy_pifpaf/install/motpy_pifpaf_msg/share/motpy_pifpaf_msg/package.xml
[32.909s] Invoked command in '/root/motpy_pifpaf/build/motpy_pifpaf_msg' returned '0': CMAKE_PREFIX_PATH=/opt/ros/foxy _=/usr/bin/env /usr/bin/cmake --install /root/motpy_pifpaf/build/motpy_pifpaf_msg
