[0.233s] Invoking command in '/root/motpy_pifpaf/build/motpy_pifpaf_msg': CMAKE_PREFIX_PATH=${CMAKE_PREFIX_PATH}:/root/motpy_pifpaf/install/motpy_pifpaf:/opt/ros/foxy _=/usr/bin/env /usr/bin/cmake --build /root/motpy_pifpaf/build/motpy_pifpaf_msg -- -j12 -l12
[0.288s] [  2%] Built target motpy_pifpaf_msg__cpp
[0.290s] [ 12%] Built target motpy_pifpaf_msg__rosidl_generator_c
[0.315s] [ 43%] Built target motpy_pifpaf_msg__rosidl_typesupport_cpp
[0.315s] [ 43%] Built target motpy_pifpaf_msg__rosidl_typesupport_c
[0.315s] [ 43%] Built target motpy_pifpaf_msg__rosidl_typesupport_introspection_cpp
[0.315s] [ 53%] Built target motpy_pifpaf_msg__rosidl_typesupport_introspection_c
[0.319s] [ 64%] Built target motpy_pifpaf_msg__rosidl_typesupport_fastrtps_cpp
[0.349s] [ 74%] Built target motpy_pifpaf_msg__rosidl_typesupport_fastrtps_c
[0.371s] [ 74%] Built target motpy_pifpaf_msg
[0.393s] [ 76%] Built target motpy_pifpaf_msg__py
[0.423s] [ 84%] Built target motpy_pifpaf_msg__python
[0.454s] [100%] Built target motpy_pifpaf_msg__rosidl_typesupport_c__pyext
[0.454s] [100%] Built target motpy_pifpaf_msg__rosidl_typesupport_fastrtps_c__pyext
[0.454s] [100%] Built target motpy_pifpaf_msg__rosidl_typesupport_introspection_c__pyext
[0.466s] Invoked command in '/root/motpy_pifpaf/build/motpy_pifpaf_msg' returned '0': CMAKE_PREFIX_PATH=${CMAKE_PREFIX_PATH}:/root/motpy_pifpaf/install/motpy_pifpaf:/opt/ros/foxy _=/usr/bin/env /usr/bin/cmake --build /root/motpy_pifpaf/build/motpy_pifpaf_msg -- -j12 -l12
[0.601s] Invoking command in '/root/motpy_pifpaf/build/motpy_pifpaf_msg': CMAKE_PREFIX_PATH=${CMAKE_PREFIX_PATH}:/root/motpy_pifpaf/install/motpy_pifpaf:/opt/ros/foxy _=/usr/bin/env /usr/bin/cmake --install /root/motpy_pifpaf/build/motpy_pifpaf_msg
[0.614s] -- Install configuration: ""
[0.614s] -- Up-to-date: /root/motpy_pifpaf/install/motpy_pifpaf_msg/share/ament_index/resource_index/rosidl_interfaces/motpy_pifpaf_msg
[0.615s] -- Up-to-date: /root/motpy_pifpaf/install/motpy_pifpaf_msg/include/motpy_pifpaf_msg
[0.615s] -- Up-to-date: /root/motpy_pifpaf/install/motpy_pifpaf_msg/include/motpy_pifpaf_msg/msg
[0.615s] -- Up-to-date: /root/motpy_pifpaf/install/motpy_pifpaf_msg/include/motpy_pifpaf_msg/msg/rosidl_generator_c__visibility_control.h
[0.615s] -- Up-to-date: /root/motpy_pifpaf/install/motpy_pifpaf_msg/include/motpy_pifpaf_msg/msg/poses.h
[0.615s] -- Up-to-date: /root/motpy_pifpaf/install/motpy_pifpaf_msg/include/motpy_pifpaf_msg/msg/detail
[0.615s] -- Up-to-date: /root/motpy_pifpaf/install/motpy_pifpaf_msg/include/motpy_pifpaf_msg/msg/detail/pose__functions.h
[0.616s] -- Up-to-date: /root/motpy_pifpaf/install/motpy_pifpaf_msg/include/motpy_pifpaf_msg/msg/detail/pose__struct.h
[0.616s] -- Up-to-date: /root/motpy_pifpaf/install/motpy_pifpaf_msg/include/motpy_pifpaf_msg/msg/detail/pose__type_support.h
[0.616s] -- Up-to-date: /root/motpy_pifpaf/install/motpy_pifpaf_msg/include/motpy_pifpaf_msg/msg/detail/poses__type_support.h
[0.616s] -- Up-to-date: /root/motpy_pifpaf/install/motpy_pifpaf_msg/include/motpy_pifpaf_msg/msg/detail/poses__functions.c
[0.616s] -- Up-to-date: /root/motpy_pifpaf/install/motpy_pifpaf_msg/include/motpy_pifpaf_msg/msg/detail/poses__struct.h
[0.616s] -- Up-to-date: /root/motpy_pifpaf/install/motpy_pifpaf_msg/include/motpy_pifpaf_msg/msg/detail/pose__functions.c
[0.616s] -- Up-to-date: /root/motpy_pifpaf/install/motpy_pifpaf_msg/include/motpy_pifpaf_msg/msg/detail/poses__functions.h
[0.616s] -- Up-to-date: /root/motpy_pifpaf/install/motpy_pifpaf_msg/include/motpy_pifpaf_msg/msg/pose.h
[0.617s] -- Up-to-date: /root/motpy_pifpaf/install/motpy_pifpaf_msg/share/motpy_pifpaf_msg/environment/library_path.sh
[0.617s] -- Up-to-date: /root/motpy_pifpaf/install/motpy_pifpaf_msg/share/motpy_pifpaf_msg/environment/library_path.dsv
[0.617s] -- Up-to-date: /root/motpy_pifpaf/install/motpy_pifpaf_msg/lib/libmotpy_pifpaf_msg__rosidl_generator_c.so
[0.617s] -- Up-to-date: /root/motpy_pifpaf/install/motpy_pifpaf_msg/include/motpy_pifpaf_msg
[0.617s] -- Up-to-date: /root/motpy_pifpaf/install/motpy_pifpaf_msg/include/motpy_pifpaf_msg/msg
[0.617s] -- Up-to-date: /root/motpy_pifpaf/install/motpy_pifpaf_msg/include/motpy_pifpaf_msg/msg/detail
[0.617s] -- Up-to-date: /root/motpy_pifpaf/install/motpy_pifpaf_msg/include/motpy_pifpaf_msg/msg/detail/poses__rosidl_typesupport_fastrtps_c.h
[0.617s] -- Up-to-date: /root/motpy_pifpaf/install/motpy_pifpaf_msg/include/motpy_pifpaf_msg/msg/detail/pose__rosidl_typesupport_fastrtps_c.h
[0.617s] -- Up-to-date: /root/motpy_pifpaf/install/motpy_pifpaf_msg/include/motpy_pifpaf_msg/msg/rosidl_typesupport_fastrtps_c__visibility_control.h
[0.618s] -- Up-to-date: /root/motpy_pifpaf/install/motpy_pifpaf_msg/lib/libmotpy_pifpaf_msg__rosidl_typesupport_fastrtps_c.so
[0.618s] -- Up-to-date: /root/motpy_pifpaf/install/motpy_pifpaf_msg/include/motpy_pifpaf_msg
[0.618s] -- Up-to-date: /root/motpy_pifpaf/install/motpy_pifpaf_msg/include/motpy_pifpaf_msg/msg
[0.618s] -- Up-to-date: /root/motpy_pifpaf/install/motpy_pifpaf_msg/include/motpy_pifpaf_msg/msg/detail
[0.618s] -- Up-to-date: /root/motpy_pifpaf/install/motpy_pifpaf_msg/include/motpy_pifpaf_msg/msg/detail/pose__rosidl_typesupport_fastrtps_cpp.hpp
[0.618s] -- Up-to-date: /root/motpy_pifpaf/install/motpy_pifpaf_msg/include/motpy_pifpaf_msg/msg/detail/poses__rosidl_typesupport_fastrtps_cpp.hpp
[0.618s] -- Up-to-date: /root/motpy_pifpaf/install/motpy_pifpaf_msg/include/motpy_pifpaf_msg/msg/detail/dds_fastrtps
[0.618s] -- Up-to-date: /root/motpy_pifpaf/install/motpy_pifpaf_msg/include/motpy_pifpaf_msg/msg/rosidl_typesupport_fastrtps_cpp__visibility_control.h
[0.619s] -- Up-to-date: /root/motpy_pifpaf/install/motpy_pifpaf_msg/lib/libmotpy_pifpaf_msg__rosidl_typesupport_fastrtps_cpp.so
[0.619s] -- Up-to-date: /root/motpy_pifpaf/install/motpy_pifpaf_msg/include/motpy_pifpaf_msg
[0.619s] -- Up-to-date: /root/motpy_pifpaf/install/motpy_pifpaf_msg/include/motpy_pifpaf_msg/msg
[0.619s] -- Up-to-date: /root/motpy_pifpaf/install/motpy_pifpaf_msg/include/motpy_pifpaf_msg/msg/detail
[0.619s] -- Up-to-date: /root/motpy_pifpaf/install/motpy_pifpaf_msg/include/motpy_pifpaf_msg/msg/detail/pose__rosidl_typesupport_introspection_c.h
[0.619s] -- Up-to-date: /root/motpy_pifpaf/install/motpy_pifpaf_msg/include/motpy_pifpaf_msg/msg/detail/poses__type_support.c
[0.619s] -- Up-to-date: /root/motpy_pifpaf/install/motpy_pifpaf_msg/include/motpy_pifpaf_msg/msg/detail/pose__type_support.c
[0.619s] -- Up-to-date: /root/motpy_pifpaf/install/motpy_pifpaf_msg/include/motpy_pifpaf_msg/msg/detail/poses__rosidl_typesupport_introspection_c.h
[0.620s] -- Up-to-date: /root/motpy_pifpaf/install/motpy_pifpaf_msg/include/motpy_pifpaf_msg/msg/rosidl_typesupport_introspection_c__visibility_control.h
[0.620s] -- Up-to-date: /root/motpy_pifpaf/install/motpy_pifpaf_msg/lib/libmotpy_pifpaf_msg__rosidl_typesupport_introspection_c.so
[0.620s] -- Up-to-date: /root/motpy_pifpaf/install/motpy_pifpaf_msg/lib/libmotpy_pifpaf_msg__rosidl_typesupport_c.so
[0.620s] -- Up-to-date: /root/motpy_pifpaf/install/motpy_pifpaf_msg/include/motpy_pifpaf_msg
[0.620s] -- Up-to-date: /root/motpy_pifpaf/install/motpy_pifpaf_msg/include/motpy_pifpaf_msg/msg
[0.620s] -- Up-to-date: /root/motpy_pifpaf/install/motpy_pifpaf_msg/include/motpy_pifpaf_msg/msg/detail
[0.620s] -- Up-to-date: /root/motpy_pifpaf/install/motpy_pifpaf_msg/include/motpy_pifpaf_msg/msg/detail/poses__struct.hpp
[0.620s] -- Up-to-date: /root/motpy_pifpaf/install/motpy_pifpaf_msg/include/motpy_pifpaf_msg/msg/detail/poses__builder.hpp
[0.620s] -- Up-to-date: /root/motpy_pifpaf/install/motpy_pifpaf_msg/include/motpy_pifpaf_msg/msg/detail/pose__struct.hpp
[0.621s] -- Up-to-date: /root/motpy_pifpaf/install/motpy_pifpaf_msg/include/motpy_pifpaf_msg/msg/detail/pose__traits.hpp
[0.621s] -- Up-to-date: /root/motpy_pifpaf/install/motpy_pifpaf_msg/include/motpy_pifpaf_msg/msg/detail/poses__traits.hpp
[0.621s] -- Up-to-date: /root/motpy_pifpaf/install/motpy_pifpaf_msg/include/motpy_pifpaf_msg/msg/detail/pose__builder.hpp
[0.621s] -- Up-to-date: /root/motpy_pifpaf/install/motpy_pifpaf_msg/include/motpy_pifpaf_msg/msg/pose.hpp
[0.621s] -- Up-to-date: /root/motpy_pifpaf/install/motpy_pifpaf_msg/include/motpy_pifpaf_msg/msg/poses.hpp
[0.621s] -- Up-to-date: /root/motpy_pifpaf/install/motpy_pifpaf_msg/include/motpy_pifpaf_msg
[0.621s] -- Up-to-date: /root/motpy_pifpaf/install/motpy_pifpaf_msg/include/motpy_pifpaf_msg/msg
[0.621s] -- Up-to-date: /root/motpy_pifpaf/install/motpy_pifpaf_msg/include/motpy_pifpaf_msg/msg/detail
[0.621s] -- Up-to-date: /root/motpy_pifpaf/install/motpy_pifpaf_msg/include/motpy_pifpaf_msg/msg/detail/poses__type_support.cpp
[0.622s] -- Up-to-date: /root/motpy_pifpaf/install/motpy_pifpaf_msg/include/motpy_pifpaf_msg/msg/detail/pose__type_support.cpp
[0.622s] -- Up-to-date: /root/motpy_pifpaf/install/motpy_pifpaf_msg/include/motpy_pifpaf_msg/msg/detail/pose__rosidl_typesupport_introspection_cpp.hpp
[0.622s] -- Up-to-date: /root/motpy_pifpaf/install/motpy_pifpaf_msg/include/motpy_pifpaf_msg/msg/detail/poses__rosidl_typesupport_introspection_cpp.hpp
[0.622s] -- Up-to-date: /root/motpy_pifpaf/install/motpy_pifpaf_msg/lib/libmotpy_pifpaf_msg__rosidl_typesupport_introspection_cpp.so
[0.622s] -- Up-to-date: /root/motpy_pifpaf/install/motpy_pifpaf_msg/lib/libmotpy_pifpaf_msg__rosidl_typesupport_cpp.so
[0.622s] -- Up-to-date: /root/motpy_pifpaf/install/motpy_pifpaf_msg/share/motpy_pifpaf_msg/environment/pythonpath.sh
[0.622s] -- Up-to-date: /root/motpy_pifpaf/install/motpy_pifpaf_msg/share/motpy_pifpaf_msg/environment/pythonpath.dsv
[0.622s] -- Up-to-date: /root/motpy_pifpaf/install/motpy_pifpaf_msg/lib/python3.8/site-packages/motpy_pifpaf_msg/__init__.py
[0.647s] -- Up-to-date: /root/motpy_pifpaf/install/motpy_pifpaf_msg/lib/python3.8/site-packages/motpy_pifpaf_msg/msg
[0.647s] -- Up-to-date: /root/motpy_pifpaf/install/motpy_pifpaf_msg/lib/python3.8/site-packages/motpy_pifpaf_msg/msg/_pose_s.c
[0.647s] -- Up-to-date: /root/motpy_pifpaf/install/motpy_pifpaf_msg/lib/python3.8/site-packages/motpy_pifpaf_msg/msg/_poses_s.c
[0.647s] -- Up-to-date: /root/motpy_pifpaf/install/motpy_pifpaf_msg/lib/python3.8/site-packages/motpy_pifpaf_msg/msg/_poses.py
[0.647s] -- Up-to-date: /root/motpy_pifpaf/install/motpy_pifpaf_msg/lib/python3.8/site-packages/motpy_pifpaf_msg/msg/__init__.py
[0.647s] -- Up-to-date: /root/motpy_pifpaf/install/motpy_pifpaf_msg/lib/python3.8/site-packages/motpy_pifpaf_msg/msg/_pose.py
[0.648s] -- Up-to-date: /root/motpy_pifpaf/install/motpy_pifpaf_msg/lib/python3.8/site-packages/motpy_pifpaf_msg/motpy_pifpaf_msg_s__rosidl_typesupport_fastrtps_c.cpython-38-x86_64-linux-gnu.so
[0.648s] -- Up-to-date: /root/motpy_pifpaf/install/motpy_pifpaf_msg/lib/python3.8/site-packages/motpy_pifpaf_msg/motpy_pifpaf_msg_s__rosidl_typesupport_introspection_c.cpython-38-x86_64-linux-gnu.so
[0.649s] -- Up-to-date: /root/motpy_pifpaf/install/motpy_pifpaf_msg/lib/python3.8/site-packages/motpy_pifpaf_msg/motpy_pifpaf_msg_s__rosidl_typesupport_c.cpython-38-x86_64-linux-gnu.so
[0.649s] -- Up-to-date: /root/motpy_pifpaf/install/motpy_pifpaf_msg/lib/libmotpy_pifpaf_msg__python.so
[0.650s] -- Up-to-date: /root/motpy_pifpaf/install/motpy_pifpaf_msg/share/motpy_pifpaf_msg/msg/Pose.idl
[0.650s] -- Up-to-date: /root/motpy_pifpaf/install/motpy_pifpaf_msg/share/motpy_pifpaf_msg/msg/Poses.idl
[0.650s] -- Up-to-date: /root/motpy_pifpaf/install/motpy_pifpaf_msg/share/motpy_pifpaf_msg/msg/Pose.msg
[0.650s] -- Up-to-date: /root/motpy_pifpaf/install/motpy_pifpaf_msg/share/motpy_pifpaf_msg/msg/Poses.msg
[0.650s] -- Up-to-date: /root/motpy_pifpaf/install/motpy_pifpaf_msg/share/ament_index/resource_index/package_run_dependencies/motpy_pifpaf_msg
[0.650s] -- Up-to-date: /root/motpy_pifpaf/install/motpy_pifpaf_msg/share/ament_index/resource_index/parent_prefix_path/motpy_pifpaf_msg
[0.651s] -- Up-to-date: /root/motpy_pifpaf/install/motpy_pifpaf_msg/share/motpy_pifpaf_msg/environment/ament_prefix_path.sh
[0.651s] -- Up-to-date: /root/motpy_pifpaf/install/motpy_pifpaf_msg/share/motpy_pifpaf_msg/environment/ament_prefix_path.dsv
[0.651s] -- Up-to-date: /root/motpy_pifpaf/install/motpy_pifpaf_msg/share/motpy_pifpaf_msg/environment/path.sh
[0.651s] -- Up-to-date: /root/motpy_pifpaf/install/motpy_pifpaf_msg/share/motpy_pifpaf_msg/environment/path.dsv
[0.651s] -- Up-to-date: /root/motpy_pifpaf/install/motpy_pifpaf_msg/share/motpy_pifpaf_msg/local_setup.bash
[0.651s] -- Up-to-date: /root/motpy_pifpaf/install/motpy_pifpaf_msg/share/motpy_pifpaf_msg/local_setup.sh
[0.651s] -- Up-to-date: /root/motpy_pifpaf/install/motpy_pifpaf_msg/share/motpy_pifpaf_msg/local_setup.zsh
[0.652s] -- Up-to-date: /root/motpy_pifpaf/install/motpy_pifpaf_msg/share/motpy_pifpaf_msg/local_setup.dsv
[0.652s] -- Installing: /root/motpy_pifpaf/install/motpy_pifpaf_msg/share/motpy_pifpaf_msg/package.dsv
[0.652s] -- Up-to-date: /root/motpy_pifpaf/install/motpy_pifpaf_msg/share/ament_index/resource_index/packages/motpy_pifpaf_msg
[0.652s] -- Up-to-date: /root/motpy_pifpaf/install/motpy_pifpaf_msg/share/motpy_pifpaf_msg/cmake/motpy_pifpaf_msg__rosidl_generator_cExport.cmake
[0.652s] -- Up-to-date: /root/motpy_pifpaf/install/motpy_pifpaf_msg/share/motpy_pifpaf_msg/cmake/motpy_pifpaf_msg__rosidl_generator_cExport-noconfig.cmake
[0.652s] -- Up-to-date: /root/motpy_pifpaf/install/motpy_pifpaf_msg/share/motpy_pifpaf_msg/cmake/motpy_pifpaf_msg__rosidl_typesupport_introspection_cExport.cmake
[0.652s] -- Up-to-date: /root/motpy_pifpaf/install/motpy_pifpaf_msg/share/motpy_pifpaf_msg/cmake/motpy_pifpaf_msg__rosidl_typesupport_introspection_cExport-noconfig.cmake
[0.652s] -- Up-to-date: /root/motpy_pifpaf/install/motpy_pifpaf_msg/share/motpy_pifpaf_msg/cmake/motpy_pifpaf_msg__rosidl_typesupport_cExport.cmake
[0.653s] -- Up-to-date: /root/motpy_pifpaf/install/motpy_pifpaf_msg/share/motpy_pifpaf_msg/cmake/motpy_pifpaf_msg__rosidl_typesupport_cExport-noconfig.cmake
[0.653s] -- Up-to-date: /root/motpy_pifpaf/install/motpy_pifpaf_msg/share/motpy_pifpaf_msg/cmake/motpy_pifpaf_msg__rosidl_generator_cppExport.cmake
[0.653s] -- Up-to-date: /root/motpy_pifpaf/install/motpy_pifpaf_msg/share/motpy_pifpaf_msg/cmake/motpy_pifpaf_msg__rosidl_typesupport_introspection_cppExport.cmake
[0.653s] -- Up-to-date: /root/motpy_pifpaf/install/motpy_pifpaf_msg/share/motpy_pifpaf_msg/cmake/motpy_pifpaf_msg__rosidl_typesupport_introspection_cppExport-noconfig.cmake
[0.653s] -- Up-to-date: /root/motpy_pifpaf/install/motpy_pifpaf_msg/share/motpy_pifpaf_msg/cmake/motpy_pifpaf_msg__rosidl_typesupport_cppExport.cmake
[0.653s] -- Up-to-date: /root/motpy_pifpaf/install/motpy_pifpaf_msg/share/motpy_pifpaf_msg/cmake/motpy_pifpaf_msg__rosidl_typesupport_cppExport-noconfig.cmake
[0.653s] -- Up-to-date: /root/motpy_pifpaf/install/motpy_pifpaf_msg/share/motpy_pifpaf_msg/cmake/rosidl_cmake-extras.cmake
[0.653s] -- Up-to-date: /root/motpy_pifpaf/install/motpy_pifpaf_msg/share/motpy_pifpaf_msg/cmake/ament_cmake_export_dependencies-extras.cmake
[0.653s] -- Up-to-date: /root/motpy_pifpaf/install/motpy_pifpaf_msg/share/motpy_pifpaf_msg/cmake/ament_cmake_export_libraries-extras.cmake
[0.654s] -- Up-to-date: /root/motpy_pifpaf/install/motpy_pifpaf_msg/share/motpy_pifpaf_msg/cmake/ament_cmake_export_targets-extras.cmake
[0.654s] -- Up-to-date: /root/motpy_pifpaf/install/motpy_pifpaf_msg/share/motpy_pifpaf_msg/cmake/ament_cmake_export_include_directories-extras.cmake
[0.654s] -- Up-to-date: /root/motpy_pifpaf/install/motpy_pifpaf_msg/share/motpy_pifpaf_msg/cmake/rosidl_cmake_export_typesupport_libraries-extras.cmake
[0.654s] -- Up-to-date: /root/motpy_pifpaf/install/motpy_pifpaf_msg/share/motpy_pifpaf_msg/cmake/rosidl_cmake_export_typesupport_targets-extras.cmake
[0.654s] -- Up-to-date: /root/motpy_pifpaf/install/motpy_pifpaf_msg/share/motpy_pifpaf_msg/cmake/motpy_pifpaf_msgConfig.cmake
[0.654s] -- Up-to-date: /root/motpy_pifpaf/install/motpy_pifpaf_msg/share/motpy_pifpaf_msg/cmake/motpy_pifpaf_msgConfig-version.cmake
[0.654s] -- Up-to-date: /root/motpy_pifpaf/install/motpy_pifpaf_msg/share/motpy_pifpaf_msg/package.xml
[0.656s] Invoked command in '/root/motpy_pifpaf/build/motpy_pifpaf_msg' returned '0': CMAKE_PREFIX_PATH=${CMAKE_PREFIX_PATH}:/root/motpy_pifpaf/install/motpy_pifpaf:/opt/ros/foxy _=/usr/bin/env /usr/bin/cmake --install /root/motpy_pifpaf/build/motpy_pifpaf_msg
