[0.825s] Invoking command in '/root/motpy_pifpaf/build/motpy_pifpaf_msg': CMAKE_PREFIX_PATH=/opt/ros/foxy _=/usr/bin/env /usr/bin/cmake --build /root/motpy_pifpaf/build/motpy_pifpaf_msg -- -j12 -l12
[1.029s] -- Found ament_cmake: 0.9.11 (/opt/ros/foxy/share/ament_cmake/cmake)
[1.173s] -- Found PythonInterp: /usr/bin/python3 (found suitable version "3.8.10", minimum required is "3") 
[1.173s] -- Using PYTHON_EXECUTABLE: /usr/bin/python3
[1.866s] -- Found geometry_msgs: 2.0.5 (/opt/ros/foxy/share/geometry_msgs/cmake)
[1.936s] -- Using all available rosidl_typesupport_c: rosidl_typesupport_fastrtps_c;rosidl_typesupport_introspection_c
[1.944s] -- Found rosidl_adapter: 1.3.0 (/opt/ros/foxy/share/rosidl_adapter/cmake)
[2.396s] -- Using all available rosidl_typesupport_cpp: rosidl_typesupport_fastrtps_cpp;rosidl_typesupport_introspection_cpp
[2.749s] -- Found rosidl_default_generators: 1.0.1 (/opt/ros/foxy/share/rosidl_default_generators/cmake)
[2.778s] -- Found sensor_msgs: 2.0.5 (/opt/ros/foxy/share/sensor_msgs/cmake)
[3.024s] -- Found visualization_msgs: 2.0.5 (/opt/ros/foxy/share/visualization_msgs/cmake)
[3.369s] -- Found PythonInterp: /usr/bin/python3 (found version "3.8.10") 
[3.946s] -- Found ament_cmake_ros: 0.9.2 (/opt/ros/foxy/share/ament_cmake_ros/cmake)
[5.176s] -- Using all available rosidl_typesupport_c: rosidl_typesupport_fastrtps_c;rosidl_typesupport_introspection_c
[5.740s] -- Using all available rosidl_typesupport_cpp: rosidl_typesupport_fastrtps_cpp;rosidl_typesupport_introspection_cpp
[5.810s] -- Found PythonInterp: /usr/bin/python3 (found suitable version "3.8.10", minimum required is "3.5") 
[5.811s] -- Found python_cmake_module: 0.8.1 (/opt/ros/foxy/share/python_cmake_module/cmake)
[5.870s] -- Using PYTHON_EXECUTABLE: /usr/bin/python3
[5.871s] -- Using PYTHON_INCLUDE_DIRS: /usr/include/python3.8
[5.871s] -- Using PYTHON_LIBRARIES: /usr/lib/x86_64-linux-gnu/libpython3.8.so
[6.092s] -- Found ament_lint_auto: 0.9.7 (/opt/ros/foxy/share/ament_lint_auto/cmake)
[6.126s] -- Added test 'copyright' to check source files copyright and LICENSE
[6.132s] -- Added test 'lint_cmake' to check CMake code style
[6.134s] -- Added test 'xmllint' to check XML markup files
[6.145s] -- Configuring done
[6.380s] -- Generating done
[6.390s] -- Build files have been written to: /root/motpy_pifpaf/build/motpy_pifpaf_msg
[6.484s] [  2%] Built target motpy_pifpaf_msg__cpp
[6.534s] [  5%] [32mBuilding C object CMakeFiles/motpy_pifpaf_msg__rosidl_generator_c.dir/rosidl_generator_c/motpy_pifpaf_msg/msg/detail/poses__functions.c.o[0m
[6.562s] In file included from [01m[K/root/motpy_pifpaf/build/motpy_pifpaf_msg/rosidl_generator_c/motpy_pifpaf_msg/msg/detail/poses__functions.h:19[m[K,
[6.563s]                  from [01m[K/root/motpy_pifpaf/build/motpy_pifpaf_msg/rosidl_generator_c/motpy_pifpaf_msg/msg/detail/poses__functions.c:4[m[K:
[6.563s] [01m[K/root/motpy_pifpaf/build/motpy_pifpaf_msg/rosidl_generator_c/motpy_pifpaf_msg/msg/detail/poses__struct.h:32:3:[m[K [01;31m[Kerror: [m[Kunknown type name ‘[01m[Kmotpy_pifpaf_msg__msg__Poses__Sequence[m[K’
[6.563s]    32 |   [01;31m[Kmotpy_pifpaf_msg__msg__Poses__Sequence[m[K poses;
[6.563s]       |   [01;31m[K^~~~~~~~~~~~~~~~~~~~~~~~~~~~~~~~~~~~~~[m[K
[6.572s] [01m[K/root/motpy_pifpaf/build/motpy_pifpaf_msg/rosidl_generator_c/motpy_pifpaf_msg/msg/detail/poses__functions.c:[m[K In function ‘[01m[Kmotpy_pifpaf_msg__msg__Poses__init[m[K’:
[6.573s] [01m[K/root/motpy_pifpaf/build/motpy_pifpaf_msg/rosidl_generator_c/motpy_pifpaf_msg/msg/detail/poses__functions.c:35:53:[m[K [01;35m[Kwarning: [m[Kpassing argument 1 of ‘[01m[Kmotpy_pifpaf_msg__msg__Poses__Sequence__init[m[K’ from incompatible pointer type [[01;35m[K-Wincompatible-pointer-types[m[K]
[6.574s]    35 |   if (!motpy_pifpaf_msg__msg__Poses__Sequence__init([01;35m[K&msg->poses[m[K, 0)) {
[6.574s]       |                                                     [01;35m[K^~~~~~~~~~~[m[K
[6.574s]       |                                                     [01;35m[K|[m[K
[6.574s]       |                                                     [01;35m[Kint *[m[K
[6.575s] In file included from [01m[K/root/motpy_pifpaf/build/motpy_pifpaf_msg/rosidl_generator_c/motpy_pifpaf_msg/msg/detail/poses__functions.c:4[m[K:
[6.575s] [01m[K/root/motpy_pifpaf/build/motpy_pifpaf_msg/rosidl_generator_c/motpy_pifpaf_msg/msg/detail/poses__functions.h:109:87:[m[K [01;36m[Knote: [m[Kexpected ‘[01m[Kmotpy_pifpaf_msg__msg__Poses__Sequence *[m[K’ {aka ‘[01m[Kstruct motpy_pifpaf_msg__msg__Poses__Sequence *[m[K’} but argument is of type ‘[01m[Kint *[m[K’
[6.575s]   109 | motpy_pifpaf_msg__msg__Poses__Sequence__init([01;36m[Kmotpy_pifpaf_msg__msg__Poses__Sequence * array[m[K, size_t size);
[6.575s]       |                                              [01;36m[K~~~~~~~~~~~~~~~~~~~~~~~~~~~~~~~~~~~~~~~~~^~~~~[m[K
[6.575s] [01m[K/root/motpy_pifpaf/build/motpy_pifpaf_msg/rosidl_generator_c/motpy_pifpaf_msg/msg/detail/poses__functions.c:[m[K In function ‘[01m[Kmotpy_pifpaf_msg__msg__Poses__fini[m[K’:
[6.576s] [01m[K/root/motpy_pifpaf/build/motpy_pifpaf_msg/rosidl_generator_c/motpy_pifpaf_msg/msg/detail/poses__functions.c:56:48:[m[K [01;35m[Kwarning: [m[Kpassing argument 1 of ‘[01m[Kmotpy_pifpaf_msg__msg__Poses__Sequence__fini[m[K’ from incompatible pointer type [[01;35m[K-Wincompatible-pointer-types[m[K]
[6.576s]    56 |   motpy_pifpaf_msg__msg__Poses__Sequence__fini([01;35m[K&msg->poses[m[K);
[6.576s]       |                                                [01;35m[K^~~~~~~~~~~[m[K
[6.576s]       |                                                [01;35m[K|[m[K
[6.576s]       |                                                [01;35m[Kint *[m[K
[6.577s] In file included from [01m[K/root/motpy_pifpaf/build/motpy_pifpaf_msg/rosidl_generator_c/motpy_pifpaf_msg/msg/detail/poses__functions.c:4[m[K:
[6.577s] [01m[K/root/motpy_pifpaf/build/motpy_pifpaf_msg/rosidl_generator_c/motpy_pifpaf_msg/msg/detail/poses__functions.h:121:87:[m[K [01;36m[Knote: [m[Kexpected ‘[01m[Kmotpy_pifpaf_msg__msg__Poses__Sequence *[m[K’ {aka ‘[01m[Kstruct motpy_pifpaf_msg__msg__Poses__Sequence *[m[K’} but argument is of type ‘[01m[Kint *[m[K’
[6.577s]   121 | motpy_pifpaf_msg__msg__Poses__Sequence__fini([01;36m[Kmotpy_pifpaf_msg__msg__Poses__Sequence * array[m[K);
[6.577s]       |                                              [01;36m[K~~~~~~~~~~~~~~~~~~~~~~~~~~~~~~~~~~~~~~~~~^~~~~[m[K
[6.578s] [01m[K/root/motpy_pifpaf/build/motpy_pifpaf_msg/rosidl_generator_c/motpy_pifpaf_msg/msg/detail/poses__functions.c:[m[K In function ‘[01m[Kmotpy_pifpaf_msg__msg__Poses__are_equal[m[K’:
[6.578s] [01m[K/root/motpy_pifpaf/build/motpy_pifpaf_msg/rosidl_generator_c/motpy_pifpaf_msg/msg/detail/poses__functions.c:75:7:[m[K [01;35m[Kwarning: [m[Kpassing argument 1 of ‘[01m[Kmotpy_pifpaf_msg__msg__Poses__Sequence__are_equal[m[K’ from incompatible pointer type [[01;35m[K-Wincompatible-pointer-types[m[K]
[6.578s]    75 |       [01;35m[K&(lhs->poses)[m[K, &(rhs->poses)))
[6.578s]       |       [01;35m[K^~~~~~~~~~~~~[m[K
[6.578s]       |       [01;35m[K|[m[K
[6.579s]       |       [01;35m[Kconst int *[m[K
[6.579s] In file included from [01m[K/root/motpy_pifpaf/build/motpy_pifpaf_msg/rosidl_generator_c/motpy_pifpaf_msg/msg/detail/poses__functions.c:4[m[K:
[6.579s] [01m[K/root/motpy_pifpaf/build/motpy_pifpaf_msg/rosidl_generator_c/motpy_pifpaf_msg/msg/detail/poses__functions.h:154:98:[m[K [01;36m[Knote: [m[Kexpected ‘[01m[Kconst motpy_pifpaf_msg__msg__Poses__Sequence *[m[K’ {aka ‘[01m[Kconst struct motpy_pifpaf_msg__msg__Poses__Sequence *[m[K’} but argument is of type ‘[01m[Kconst int *[m[K’
[6.579s]   154 | motpy_pifpaf_msg__msg__Poses__Sequence__are_equal([01;36m[Kconst motpy_pifpaf_msg__msg__Poses__Sequence * lhs[m[K, const motpy_pifpaf_msg__msg__Poses__Sequence * rhs);
[6.580s]       |                                                   [01;36m[K~~~~~~~~~~~~~~~~~~~~~~~~~~~~~~~~~~~~~~~~~~~~~~~^~~[m[K
[6.580s] [01m[K/root/motpy_pifpaf/build/motpy_pifpaf_msg/rosidl_generator_c/motpy_pifpaf_msg/msg/detail/poses__functions.c:75:22:[m[K [01;35m[Kwarning: [m[Kpassing argument 2 of ‘[01m[Kmotpy_pifpaf_msg__msg__Poses__Sequence__are_equal[m[K’ from incompatible pointer type [[01;35m[K-Wincompatible-pointer-types[m[K]
[6.580s]    75 |       &(lhs->poses), [01;35m[K&(rhs->poses)[m[K))
[6.581s]       |                      [01;35m[K^~~~~~~~~~~~~[m[K
[6.581s]       |                      [01;35m[K|[m[K
[6.581s]       |                      [01;35m[Kconst int *[m[K
[6.581s] In file included from [01m[K/root/motpy_pifpaf/build/motpy_pifpaf_msg/rosidl_generator_c/motpy_pifpaf_msg/msg/detail/poses__functions.c:4[m[K:
[6.581s] [01m[K/root/motpy_pifpaf/build/motpy_pifpaf_msg/rosidl_generator_c/motpy_pifpaf_msg/msg/detail/poses__functions.h:154:150:[m[K [01;36m[Knote: [m[Kexpected ‘[01m[Kconst motpy_pifpaf_msg__msg__Poses__Sequence *[m[K’ {aka ‘[01m[Kconst struct motpy_pifpaf_msg__msg__Poses__Sequence *[m[K’} but argument is of type ‘[01m[Kconst int *[m[K’
[6.582s]   154 | motpy_pifpaf_msg__msg__Poses__Sequence__are_equal(const motpy_pifpaf_msg__msg__Poses__Sequence * lhs, [01;36m[Kconst motpy_pifpaf_msg__msg__Poses__Sequence * rhs[m[K);
[6.582s]       |                                                                                                       [01;36m[K~~~~~~~~~~~~~~~~~~~~~~~~~~~~~~~~~~~~~~~~~~~~~~~^~~[m[K
[6.582s] [01m[K/root/motpy_pifpaf/build/motpy_pifpaf_msg/rosidl_generator_c/motpy_pifpaf_msg/msg/detail/poses__functions.c:[m[K In function ‘[01m[Kmotpy_pifpaf_msg__msg__Poses__copy[m[K’:
[6.582s] [01m[K/root/motpy_pifpaf/build/motpy_pifpaf_msg/rosidl_generator_c/motpy_pifpaf_msg/msg/detail/poses__functions.c:104:7:[m[K [01;35m[Kwarning: [m[Kpassing argument 1 of ‘[01m[Kmotpy_pifpaf_msg__msg__Poses__Sequence__copy[m[K’ from incompatible pointer type [[01;35m[K-Wincompatible-pointer-types[m[K]
[6.583s]   104 |       [01;35m[K&(input->poses)[m[K, &(output->poses)))
[6.584s]       |       [01;35m[K^~~~~~~~~~~~~~~[m[K
[6.587s]       |       [01;35m[K|[m[K
[6.588s]       |       [01;35m[Kconst int *[m[K
[6.589s] In file included from [01m[K/root/motpy_pifpaf/build/motpy_pifpaf_msg/rosidl_generator_c/motpy_pifpaf_msg/msg/detail/poses__functions.c:4[m[K:
[6.590s] [01m[K/root/motpy_pifpaf/build/motpy_pifpaf_msg/rosidl_generator_c/motpy_pifpaf_msg/msg/detail/poses__functions.h:170:50:[m[K [01;36m[Knote: [m[Kexpected ‘[01m[Kconst motpy_pifpaf_msg__msg__Poses__Sequence *[m[K’ {aka ‘[01m[Kconst struct motpy_pifpaf_msg__msg__Poses__Sequence *[m[K’} but argument is of type ‘[01m[Kconst int *[m[K’
[6.590s]   170 |   [01;36m[Kconst motpy_pifpaf_msg__msg__Poses__Sequence * input[m[K,
[6.590s]       |   [01;36m[K~~~~~~~~~~~~~~~~~~~~~~~~~~~~~~~~~~~~~~~~~~~~~~~^~~~~[m[K
[6.590s] [01m[K/root/motpy_pifpaf/build/motpy_pifpaf_msg/rosidl_generator_c/motpy_pifpaf_msg/msg/detail/poses__functions.c:104:24:[m[K [01;35m[Kwarning: [m[Kpassing argument 2 of ‘[01m[Kmotpy_pifpaf_msg__msg__Poses__Sequence__copy[m[K’ from incompatible pointer type [[01;35m[K-Wincompatible-pointer-types[m[K]
[6.591s]   104 |       &(input->poses), [01;35m[K&(output->poses)[m[K))
[6.591s]       |                        [01;35m[K^~~~~~~~~~~~~~~~[m[K
[6.591s]       |                        [01;35m[K|[m[K
[6.591s]       |                        [01;35m[Kint *[m[K
[6.592s] In file included from [01m[K/root/motpy_pifpaf/build/motpy_pifpaf_msg/rosidl_generator_c/motpy_pifpaf_msg/msg/detail/poses__functions.c:4[m[K:
[6.592s] [01m[K/root/motpy_pifpaf/build/motpy_pifpaf_msg/rosidl_generator_c/motpy_pifpaf_msg/msg/detail/poses__functions.h:171:44:[m[K [01;36m[Knote: [m[Kexpected ‘[01m[Kmotpy_pifpaf_msg__msg__Poses__Sequence *[m[K’ {aka ‘[01m[Kstruct motpy_pifpaf_msg__msg__Poses__Sequence *[m[K’} but argument is of type ‘[01m[Kint *[m[K’
[6.592s]   171 |   [01;36m[Kmotpy_pifpaf_msg__msg__Poses__Sequence * output[m[K);
[6.592s]       |   [01;36m[K~~~~~~~~~~~~~~~~~~~~~~~~~~~~~~~~~~~~~~~~~^~~~~~[m[K
[6.593s] make[2]: *** [CMakeFiles/motpy_pifpaf_msg__rosidl_generator_c.dir/build.make:193: CMakeFiles/motpy_pifpaf_msg__rosidl_generator_c.dir/rosidl_generator_c/motpy_pifpaf_msg/msg/detail/poses__functions.c.o] Error 1
[6.593s] make[1]: *** [CMakeFiles/Makefile2:332: CMakeFiles/motpy_pifpaf_msg__rosidl_generator_c.dir/all] Error 2
[6.593s] make: *** [Makefile:141: all] Error 2
[6.594s] Invoked command in '/root/motpy_pifpaf/build/motpy_pifpaf_msg' returned '2': CMAKE_PREFIX_PATH=/opt/ros/foxy _=/usr/bin/env /usr/bin/cmake --build /root/motpy_pifpaf/build/motpy_pifpaf_msg -- -j12 -l12
