[0.629s] Invoking command in '/root/motpy_pifpaf/src/motpy_pifpaf': PYTHONPATH=/root/motpy_pifpaf/install/motpy_pifpaf/lib/python3.8/site-packages:${PYTHONPATH} _=/usr/bin/env /usr/bin/python3 setup.py egg_info --egg-base ../../build/motpy_pifpaf build --build-base /root/motpy_pifpaf/build/motpy_pifpaf/build install --prefix /root/motpy_pifpaf/install/motpy_pifpaf --record /root/motpy_pifpaf/build/motpy_pifpaf/install.log --single-version-externally-managed
[0.827s] running egg_info
[0.828s] writing ../../build/motpy_pifpaf/motpy_pifpaf.egg-info/PKG-INFO
[0.828s] writing dependency_links to ../../build/motpy_pifpaf/motpy_pifpaf.egg-info/dependency_links.txt
[0.828s] writing entry points to ../../build/motpy_pifpaf/motpy_pifpaf.egg-info/entry_points.txt
[0.828s] writing requirements to ../../build/motpy_pifpaf/motpy_pifpaf.egg-info/requires.txt
[0.828s] writing top-level names to ../../build/motpy_pifpaf/motpy_pifpaf.egg-info/top_level.txt
[0.857s] reading manifest file '../../build/motpy_pifpaf/motpy_pifpaf.egg-info/SOURCES.txt'
[0.858s] writing manifest file '../../build/motpy_pifpaf/motpy_pifpaf.egg-info/SOURCES.txt'
[0.858s] running build
[0.858s] running build_py
[0.858s] copying motpy_pifpaf/motpy_pifpaf.py -> /root/motpy_pifpaf/build/motpy_pifpaf/build/lib/motpy_pifpaf
[0.858s] running install
[0.859s] running install_lib
[0.859s] copying /root/motpy_pifpaf/build/motpy_pifpaf/build/lib/motpy_pifpaf/motpy_pifpaf.py -> /root/motpy_pifpaf/install/motpy_pifpaf/lib/python3.8/site-packages/motpy_pifpaf
[0.860s] byte-compiling /root/motpy_pifpaf/install/motpy_pifpaf/lib/python3.8/site-packages/motpy_pifpaf/motpy_pifpaf.py to motpy_pifpaf.cpython-38.pyc
[0.863s] running install_data
[0.863s] running install_egg_info
[0.865s] removing '/root/motpy_pifpaf/install/motpy_pifpaf/lib/python3.8/site-packages/motpy_pifpaf-0.0.0-py3.8.egg-info' (and everything under it)
[0.865s] Copying ../../build/motpy_pifpaf/motpy_pifpaf.egg-info to /root/motpy_pifpaf/install/motpy_pifpaf/lib/python3.8/site-packages/motpy_pifpaf-0.0.0-py3.8.egg-info
[0.866s] running install_scripts
[0.883s] Installing motpy_pifpaf script to /root/motpy_pifpaf/install/motpy_pifpaf/lib/motpy_pifpaf
[0.883s] writing list of installed files to '/root/motpy_pifpaf/build/motpy_pifpaf/install.log'
[0.907s] Invoked command in '/root/motpy_pifpaf/src/motpy_pifpaf' returned '0': PYTHONPATH=/root/motpy_pifpaf/install/motpy_pifpaf/lib/python3.8/site-packages:${PYTHONPATH} _=/usr/bin/env /usr/bin/python3 setup.py egg_info --egg-base ../../build/motpy_pifpaf build --build-base /root/motpy_pifpaf/build/motpy_pifpaf/build install --prefix /root/motpy_pifpaf/install/motpy_pifpaf --record /root/motpy_pifpaf/build/motpy_pifpaf/install.log --single-version-externally-managed
