[0.222s] Invoking command in '/root/motpy_pifpaf/build/motpy_pifpaf_msg': CMAKE_PREFIX_PATH=/opt/ros/foxy _=/usr/bin/env /usr/bin/cmake --build /root/motpy_pifpaf/build/motpy_pifpaf_msg -- -j12 -l12
[0.255s] -- Found ament_cmake: 0.9.11 (/opt/ros/foxy/share/ament_cmake/cmake)
[0.279s] -- Found PythonInterp: /usr/bin/python3 (found suitable version "3.8.10", minimum required is "3") 
[0.279s] -- Using PYTHON_EXECUTABLE: /usr/bin/python3
[0.452s] -- Found geometry_msgs: 2.0.5 (/opt/ros/foxy/share/geometry_msgs/cmake)
[0.473s] -- Using all available rosidl_typesupport_c: rosidl_typesupport_fastrtps_c;rosidl_typesupport_introspection_c
[0.476s] -- Found rosidl_adapter: 1.3.0 (/opt/ros/foxy/share/rosidl_adapter/cmake)
[0.624s] -- Using all available rosidl_typesupport_cpp: rosidl_typesupport_fastrtps_cpp;rosidl_typesupport_introspection_cpp
[0.697s] -- Found rosidl_default_generators: 1.0.1 (/opt/ros/foxy/share/rosidl_default_generators/cmake)
[0.706s] -- Found sensor_msgs: 2.0.5 (/opt/ros/foxy/share/sensor_msgs/cmake)
[0.770s] -- Found visualization_msgs: 2.0.5 (/opt/ros/foxy/share/visualization_msgs/cmake)
[0.857s] -- Found PythonInterp: /usr/bin/python3 (found version "3.8.10") 
[1.024s] -- Found ament_cmake_ros: 0.9.2 (/opt/ros/foxy/share/ament_cmake_ros/cmake)
[1.294s] -- Using all available rosidl_typesupport_c: rosidl_typesupport_fastrtps_c;rosidl_typesupport_introspection_c
[1.405s] -- Using all available rosidl_typesupport_cpp: rosidl_typesupport_fastrtps_cpp;rosidl_typesupport_introspection_cpp
[1.428s] -- Found PythonInterp: /usr/bin/python3 (found suitable version "3.8.10", minimum required is "3.5") 
[1.428s] -- Found python_cmake_module: 0.8.1 (/opt/ros/foxy/share/python_cmake_module/cmake)
[1.449s] -- Using PYTHON_EXECUTABLE: /usr/bin/python3
[1.449s] -- Using PYTHON_INCLUDE_DIRS: /usr/include/python3.8
[1.449s] -- Using PYTHON_LIBRARIES: /usr/lib/x86_64-linux-gnu/libpython3.8.so
[1.501s] -- Found ament_lint_auto: 0.9.7 (/opt/ros/foxy/share/ament_lint_auto/cmake)
[1.513s] -- Added test 'copyright' to check source files copyright and LICENSE
[1.515s] -- Added test 'lint_cmake' to check CMake code style
[1.516s] -- Added test 'xmllint' to check XML markup files
[1.521s] -- Configuring done
[1.591s] -- Generating done
[1.599s] -- Build files have been written to: /root/motpy_pifpaf/build/motpy_pifpaf_msg
[1.627s] [  2%] [34m[1mGenerating C code for ROS interfaces[0m
[1.638s] [  5%] [34m[1mGenerating C++ code for ROS interfaces[0m
[1.862s] [  5%] Built target motpy_pifpaf_msg__cpp
[1.876s] [  7%] [34m[1mGenerating C++ introspection for ROS interfaces[0m
[1.878s] [ 10%] [34m[1mGenerating C++ type support dispatch for ROS interfaces[0m
[1.881s] [ 12%] [34m[1mGenerating C++ type support for eProsima Fast-RTPS[0m
[1.881s] [35m[1mScanning dependencies of target motpy_pifpaf_msg__rosidl_generator_c[0m
[1.897s] [ 15%] [32mBuilding C object CMakeFiles/motpy_pifpaf_msg__rosidl_generator_c.dir/rosidl_generator_c/motpy_pifpaf_msg/msg/detail/pose__functions.c.o[0m
[1.900s] [ 17%] [32mBuilding C object CMakeFiles/motpy_pifpaf_msg__rosidl_generator_c.dir/rosidl_generator_c/motpy_pifpaf_msg/msg/detail/poses__functions.c.o[0m
[1.992s] [ 20%] [32m[1mLinking C shared library libmotpy_pifpaf_msg__rosidl_generator_c.so[0m
[2.039s] [ 20%] Built target motpy_pifpaf_msg__rosidl_generator_c
[2.051s] [ 25%] [34m[1mGenerating C introspection for ROS interfaces[0m
[2.052s] [ 25%] [34m[1mGenerating C type support dispatch for ROS interfaces[0m
[2.134s] [35m[1mScanning dependencies of target motpy_pifpaf_msg__rosidl_typesupport_cpp[0m
[2.146s] [35m[1mScanning dependencies of target motpy_pifpaf_msg__rosidl_typesupport_fastrtps_cpp[0m
[2.149s] [ 28%] [32mBuilding CXX object CMakeFiles/motpy_pifpaf_msg__rosidl_typesupport_cpp.dir/rosidl_typesupport_cpp/motpy_pifpaf_msg/msg/pose__type_support.cpp.o[0m
[2.152s] [ 30%] [32mBuilding CXX object CMakeFiles/motpy_pifpaf_msg__rosidl_typesupport_cpp.dir/rosidl_typesupport_cpp/motpy_pifpaf_msg/msg/poses__type_support.cpp.o[0m
[2.159s] [35m[1mScanning dependencies of target motpy_pifpaf_msg__rosidl_typesupport_introspection_cpp[0m
[2.165s] [ 33%] [32mBuilding CXX object CMakeFiles/motpy_pifpaf_msg__rosidl_typesupport_fastrtps_cpp.dir/rosidl_typesupport_fastrtps_cpp/motpy_pifpaf_msg/msg/detail/dds_fastrtps/poses__type_support.cpp.o[0m
[2.165s] [ 35%] [32mBuilding CXX object CMakeFiles/motpy_pifpaf_msg__rosidl_typesupport_fastrtps_cpp.dir/rosidl_typesupport_fastrtps_cpp/motpy_pifpaf_msg/msg/detail/dds_fastrtps/pose__type_support.cpp.o[0m
[2.180s] [ 38%] [32mBuilding CXX object CMakeFiles/motpy_pifpaf_msg__rosidl_typesupport_introspection_cpp.dir/rosidl_typesupport_introspection_cpp/motpy_pifpaf_msg/msg/detail/pose__type_support.cpp.o[0m
[2.183s] [ 41%] [32mBuilding CXX object CMakeFiles/motpy_pifpaf_msg__rosidl_typesupport_introspection_cpp.dir/rosidl_typesupport_introspection_cpp/motpy_pifpaf_msg/msg/detail/poses__type_support.cpp.o[0m
[2.300s] [35m[1mScanning dependencies of target motpy_pifpaf_msg__rosidl_typesupport_introspection_c[0m
[2.324s] [ 43%] [32mBuilding C object CMakeFiles/motpy_pifpaf_msg__rosidl_typesupport_introspection_c.dir/rosidl_typesupport_introspection_c/motpy_pifpaf_msg/msg/detail/pose__type_support.c.o[0m
[2.329s] [ 46%] [32mBuilding C object CMakeFiles/motpy_pifpaf_msg__rosidl_typesupport_introspection_c.dir/rosidl_typesupport_introspection_c/motpy_pifpaf_msg/msg/detail/poses__type_support.c.o[0m
[2.330s] [35m[1mScanning dependencies of target motpy_pifpaf_msg__rosidl_typesupport_c[0m
[2.356s] [ 48%] [32mBuilding CXX object CMakeFiles/motpy_pifpaf_msg__rosidl_typesupport_c.dir/rosidl_typesupport_c/motpy_pifpaf_msg/msg/pose__type_support.cpp.o[0m
[2.357s] [ 51%] [32mBuilding CXX object CMakeFiles/motpy_pifpaf_msg__rosidl_typesupport_c.dir/rosidl_typesupport_c/motpy_pifpaf_msg/msg/poses__type_support.cpp.o[0m
[2.388s] [ 53%] [32m[1mLinking C shared library libmotpy_pifpaf_msg__rosidl_typesupport_introspection_c.so[0m
[2.423s] [ 56%] [32m[1mLinking CXX shared library libmotpy_pifpaf_msg__rosidl_typesupport_c.so[0m
[2.442s] [ 56%] Built target motpy_pifpaf_msg__rosidl_typesupport_introspection_c
[2.490s] [ 56%] Built target motpy_pifpaf_msg__rosidl_typesupport_c
[2.585s] [ 58%] [32m[1mLinking CXX shared library libmotpy_pifpaf_msg__rosidl_typesupport_cpp.so[0m
[2.632s] [ 58%] Built target motpy_pifpaf_msg__rosidl_typesupport_cpp
[2.676s] [ 61%] [32m[1mLinking CXX shared library libmotpy_pifpaf_msg__rosidl_typesupport_introspection_cpp.so[0m
[2.760s] [ 61%] Built target motpy_pifpaf_msg__rosidl_typesupport_introspection_cpp
[2.805s] [ 64%] [32m[1mLinking CXX shared library libmotpy_pifpaf_msg__rosidl_typesupport_fastrtps_cpp.so[0m
[2.896s] [ 64%] Built target motpy_pifpaf_msg__rosidl_typesupport_fastrtps_cpp
[2.908s] [ 66%] [34m[1mGenerating C type support for eProsima Fast-RTPS[0m
[3.124s] [35m[1mScanning dependencies of target motpy_pifpaf_msg__rosidl_typesupport_fastrtps_c[0m
[3.141s] [ 69%] [32mBuilding CXX object CMakeFiles/motpy_pifpaf_msg__rosidl_typesupport_fastrtps_c.dir/rosidl_typesupport_fastrtps_c/motpy_pifpaf_msg/msg/detail/pose__type_support_c.cpp.o[0m
[3.142s] [ 71%] [32mBuilding CXX object CMakeFiles/motpy_pifpaf_msg__rosidl_typesupport_fastrtps_c.dir/rosidl_typesupport_fastrtps_c/motpy_pifpaf_msg/msg/detail/poses__type_support_c.cpp.o[0m
[3.484s] [ 74%] [32m[1mLinking CXX shared library libmotpy_pifpaf_msg__rosidl_typesupport_fastrtps_c.so[0m
[3.596s] [ 74%] Built target motpy_pifpaf_msg__rosidl_typesupport_fastrtps_c
[3.619s] [ 74%] Built target motpy_pifpaf_msg
[3.643s] [ 76%] [34m[1mGenerating Python code for ROS interfaces[0m
[4.068s] [ 76%] Built target motpy_pifpaf_msg__py
[4.079s] [35m[1mScanning dependencies of target motpy_pifpaf_msg__python[0m
[4.098s] [ 82%] [32mBuilding C object CMakeFiles/motpy_pifpaf_msg__python.dir/rosidl_generator_py/motpy_pifpaf_msg/msg/_pose_s.c.o[0m
[4.098s] [ 82%] [32mBuilding C object CMakeFiles/motpy_pifpaf_msg__python.dir/rosidl_generator_py/motpy_pifpaf_msg/msg/_poses_s.c.o[0m
[4.181s] [ 84%] [32m[1mLinking C shared library rosidl_generator_py/motpy_pifpaf_msg/libmotpy_pifpaf_msg__python.so[0m
[4.225s] [ 84%] Built target motpy_pifpaf_msg__python
[4.236s] [35m[1mScanning dependencies of target motpy_pifpaf_msg__rosidl_typesupport_c__pyext[0m
[4.236s] [35m[1mScanning dependencies of target motpy_pifpaf_msg__rosidl_typesupport_fastrtps_c__pyext[0m
[4.237s] [35m[1mScanning dependencies of target motpy_pifpaf_msg__rosidl_typesupport_introspection_c__pyext[0m
[4.253s] [ 87%] [32mBuilding C object CMakeFiles/motpy_pifpaf_msg__rosidl_typesupport_c__pyext.dir/rosidl_generator_py/motpy_pifpaf_msg/_motpy_pifpaf_msg_s.ep.rosidl_typesupport_c.c.o[0m
[4.256s] [ 89%] [32mBuilding C object CMakeFiles/motpy_pifpaf_msg__rosidl_typesupport_fastrtps_c__pyext.dir/rosidl_generator_py/motpy_pifpaf_msg/_motpy_pifpaf_msg_s.ep.rosidl_typesupport_fastrtps_c.c.o[0m
[4.256s] [ 92%] [32mBuilding C object CMakeFiles/motpy_pifpaf_msg__rosidl_typesupport_introspection_c__pyext.dir/rosidl_generator_py/motpy_pifpaf_msg/_motpy_pifpaf_msg_s.ep.rosidl_typesupport_introspection_c.c.o[0m
[4.327s] [ 94%] [32m[1mLinking C shared library rosidl_generator_py/motpy_pifpaf_msg/motpy_pifpaf_msg_s__rosidl_typesupport_c.cpython-38-x86_64-linux-gnu.so[0m
[4.329s] [ 97%] [32m[1mLinking C shared library rosidl_generator_py/motpy_pifpaf_msg/motpy_pifpaf_msg_s__rosidl_typesupport_introspection_c.cpython-38-x86_64-linux-gnu.so[0m
[4.332s] [100%] [32m[1mLinking CXX shared library rosidl_generator_py/motpy_pifpaf_msg/motpy_pifpaf_msg_s__rosidl_typesupport_fastrtps_c.cpython-38-x86_64-linux-gnu.so[0m
[4.368s] [100%] Built target motpy_pifpaf_msg__rosidl_typesupport_c__pyext
[4.370s] [100%] Built target motpy_pifpaf_msg__rosidl_typesupport_introspection_c__pyext
[4.400s] [100%] Built target motpy_pifpaf_msg__rosidl_typesupport_fastrtps_c__pyext
[4.411s] Invoked command in '/root/motpy_pifpaf/build/motpy_pifpaf_msg' returned '0': CMAKE_PREFIX_PATH=/opt/ros/foxy _=/usr/bin/env /usr/bin/cmake --build /root/motpy_pifpaf/build/motpy_pifpaf_msg -- -j12 -l12
[4.534s] Invoking command in '/root/motpy_pifpaf/build/motpy_pifpaf_msg': CMAKE_PREFIX_PATH=/opt/ros/foxy _=/usr/bin/env /usr/bin/cmake --install /root/motpy_pifpaf/build/motpy_pifpaf_msg
[4.542s] -- Install configuration: ""
[4.542s] -- Up-to-date: /root/motpy_pifpaf/install/motpy_pifpaf_msg/share/ament_index/resource_index/rosidl_interfaces/motpy_pifpaf_msg
[4.542s] -- Up-to-date: /root/motpy_pifpaf/install/motpy_pifpaf_msg/include/motpy_pifpaf_msg
[4.543s] -- Up-to-date: /root/motpy_pifpaf/install/motpy_pifpaf_msg/include/motpy_pifpaf_msg/msg
[4.543s] -- Up-to-date: /root/motpy_pifpaf/install/motpy_pifpaf_msg/include/motpy_pifpaf_msg/msg/rosidl_generator_c__visibility_control.h
[4.543s] -- Installing: /root/motpy_pifpaf/install/motpy_pifpaf_msg/include/motpy_pifpaf_msg/msg/poses.h
[4.543s] -- Up-to-date: /root/motpy_pifpaf/install/motpy_pifpaf_msg/include/motpy_pifpaf_msg/msg/detail
[4.543s] -- Installing: /root/motpy_pifpaf/install/motpy_pifpaf_msg/include/motpy_pifpaf_msg/msg/detail/pose__functions.h
[4.543s] -- Installing: /root/motpy_pifpaf/install/motpy_pifpaf_msg/include/motpy_pifpaf_msg/msg/detail/pose__struct.h
[4.543s] -- Installing: /root/motpy_pifpaf/install/motpy_pifpaf_msg/include/motpy_pifpaf_msg/msg/detail/pose__type_support.h
[4.543s] -- Installing: /root/motpy_pifpaf/install/motpy_pifpaf_msg/include/motpy_pifpaf_msg/msg/detail/poses__type_support.h
[4.543s] -- Installing: /root/motpy_pifpaf/install/motpy_pifpaf_msg/include/motpy_pifpaf_msg/msg/detail/poses__functions.c
[4.544s] -- Installing: /root/motpy_pifpaf/install/motpy_pifpaf_msg/include/motpy_pifpaf_msg/msg/detail/poses__struct.h
[4.544s] -- Installing: /root/motpy_pifpaf/install/motpy_pifpaf_msg/include/motpy_pifpaf_msg/msg/detail/pose__functions.c
[4.544s] -- Installing: /root/motpy_pifpaf/install/motpy_pifpaf_msg/include/motpy_pifpaf_msg/msg/detail/poses__functions.h
[4.544s] -- Installing: /root/motpy_pifpaf/install/motpy_pifpaf_msg/include/motpy_pifpaf_msg/msg/pose.h
[4.544s] -- Installing: /root/motpy_pifpaf/install/motpy_pifpaf_msg/share/motpy_pifpaf_msg/environment/library_path.sh
[4.545s] -- Installing: /root/motpy_pifpaf/install/motpy_pifpaf_msg/share/motpy_pifpaf_msg/environment/library_path.dsv
[4.545s] -- Installing: /root/motpy_pifpaf/install/motpy_pifpaf_msg/lib/libmotpy_pifpaf_msg__rosidl_generator_c.so
[4.546s] -- Set runtime path of "/root/motpy_pifpaf/install/motpy_pifpaf_msg/lib/libmotpy_pifpaf_msg__rosidl_generator_c.so" to ""
[4.546s] -- Up-to-date: /root/motpy_pifpaf/install/motpy_pifpaf_msg/include/motpy_pifpaf_msg
[4.546s] -- Up-to-date: /root/motpy_pifpaf/install/motpy_pifpaf_msg/include/motpy_pifpaf_msg/msg
[4.546s] -- Up-to-date: /root/motpy_pifpaf/install/motpy_pifpaf_msg/include/motpy_pifpaf_msg/msg/detail
[4.546s] -- Installing: /root/motpy_pifpaf/install/motpy_pifpaf_msg/include/motpy_pifpaf_msg/msg/detail/poses__rosidl_typesupport_fastrtps_c.h
[4.546s] -- Installing: /root/motpy_pifpaf/install/motpy_pifpaf_msg/include/motpy_pifpaf_msg/msg/detail/pose__rosidl_typesupport_fastrtps_c.h
[4.546s] -- Up-to-date: /root/motpy_pifpaf/install/motpy_pifpaf_msg/include/motpy_pifpaf_msg/msg/rosidl_typesupport_fastrtps_c__visibility_control.h
[4.547s] -- Installing: /root/motpy_pifpaf/install/motpy_pifpaf_msg/lib/libmotpy_pifpaf_msg__rosidl_typesupport_fastrtps_c.so
[4.547s] -- Set runtime path of "/root/motpy_pifpaf/install/motpy_pifpaf_msg/lib/libmotpy_pifpaf_msg__rosidl_typesupport_fastrtps_c.so" to ""
[4.547s] -- Up-to-date: /root/motpy_pifpaf/install/motpy_pifpaf_msg/include/motpy_pifpaf_msg
[4.548s] -- Up-to-date: /root/motpy_pifpaf/install/motpy_pifpaf_msg/include/motpy_pifpaf_msg/msg
[4.548s] -- Up-to-date: /root/motpy_pifpaf/install/motpy_pifpaf_msg/include/motpy_pifpaf_msg/msg/detail
[4.548s] -- Installing: /root/motpy_pifpaf/install/motpy_pifpaf_msg/include/motpy_pifpaf_msg/msg/detail/pose__rosidl_typesupport_fastrtps_cpp.hpp
[4.548s] -- Installing: /root/motpy_pifpaf/install/motpy_pifpaf_msg/include/motpy_pifpaf_msg/msg/detail/poses__rosidl_typesupport_fastrtps_cpp.hpp
[4.548s] -- Installing: /root/motpy_pifpaf/install/motpy_pifpaf_msg/include/motpy_pifpaf_msg/msg/detail/dds_fastrtps
[4.548s] -- Up-to-date: /root/motpy_pifpaf/install/motpy_pifpaf_msg/include/motpy_pifpaf_msg/msg/rosidl_typesupport_fastrtps_cpp__visibility_control.h
[4.548s] -- Installing: /root/motpy_pifpaf/install/motpy_pifpaf_msg/lib/libmotpy_pifpaf_msg__rosidl_typesupport_fastrtps_cpp.so
[4.549s] -- Set runtime path of "/root/motpy_pifpaf/install/motpy_pifpaf_msg/lib/libmotpy_pifpaf_msg__rosidl_typesupport_fastrtps_cpp.so" to ""
[4.549s] -- Up-to-date: /root/motpy_pifpaf/install/motpy_pifpaf_msg/include/motpy_pifpaf_msg
[4.549s] -- Up-to-date: /root/motpy_pifpaf/install/motpy_pifpaf_msg/include/motpy_pifpaf_msg/msg
[4.549s] -- Up-to-date: /root/motpy_pifpaf/install/motpy_pifpaf_msg/include/motpy_pifpaf_msg/msg/detail
[4.549s] -- Installing: /root/motpy_pifpaf/install/motpy_pifpaf_msg/include/motpy_pifpaf_msg/msg/detail/pose__rosidl_typesupport_introspection_c.h
[4.550s] -- Installing: /root/motpy_pifpaf/install/motpy_pifpaf_msg/include/motpy_pifpaf_msg/msg/detail/poses__type_support.c
[4.550s] -- Installing: /root/motpy_pifpaf/install/motpy_pifpaf_msg/include/motpy_pifpaf_msg/msg/detail/pose__type_support.c
[4.550s] -- Installing: /root/motpy_pifpaf/install/motpy_pifpaf_msg/include/motpy_pifpaf_msg/msg/detail/poses__rosidl_typesupport_introspection_c.h
[4.550s] -- Up-to-date: /root/motpy_pifpaf/install/motpy_pifpaf_msg/include/motpy_pifpaf_msg/msg/rosidl_typesupport_introspection_c__visibility_control.h
[4.550s] -- Installing: /root/motpy_pifpaf/install/motpy_pifpaf_msg/lib/libmotpy_pifpaf_msg__rosidl_typesupport_introspection_c.so
[4.551s] -- Set runtime path of "/root/motpy_pifpaf/install/motpy_pifpaf_msg/lib/libmotpy_pifpaf_msg__rosidl_typesupport_introspection_c.so" to ""
[4.551s] -- Installing: /root/motpy_pifpaf/install/motpy_pifpaf_msg/lib/libmotpy_pifpaf_msg__rosidl_typesupport_c.so
[4.552s] -- Set runtime path of "/root/motpy_pifpaf/install/motpy_pifpaf_msg/lib/libmotpy_pifpaf_msg__rosidl_typesupport_c.so" to ""
[4.552s] -- Up-to-date: /root/motpy_pifpaf/install/motpy_pifpaf_msg/include/motpy_pifpaf_msg
[4.552s] -- Up-to-date: /root/motpy_pifpaf/install/motpy_pifpaf_msg/include/motpy_pifpaf_msg/msg
[4.552s] -- Up-to-date: /root/motpy_pifpaf/install/motpy_pifpaf_msg/include/motpy_pifpaf_msg/msg/detail
[4.552s] -- Installing: /root/motpy_pifpaf/install/motpy_pifpaf_msg/include/motpy_pifpaf_msg/msg/detail/poses__struct.hpp
[4.552s] -- Installing: /root/motpy_pifpaf/install/motpy_pifpaf_msg/include/motpy_pifpaf_msg/msg/detail/poses__builder.hpp
[4.552s] -- Installing: /root/motpy_pifpaf/install/motpy_pifpaf_msg/include/motpy_pifpaf_msg/msg/detail/pose__struct.hpp
[4.552s] -- Installing: /root/motpy_pifpaf/install/motpy_pifpaf_msg/include/motpy_pifpaf_msg/msg/detail/pose__traits.hpp
[4.553s] -- Installing: /root/motpy_pifpaf/install/motpy_pifpaf_msg/include/motpy_pifpaf_msg/msg/detail/poses__traits.hpp
[4.553s] -- Installing: /root/motpy_pifpaf/install/motpy_pifpaf_msg/include/motpy_pifpaf_msg/msg/detail/pose__builder.hpp
[4.553s] -- Installing: /root/motpy_pifpaf/install/motpy_pifpaf_msg/include/motpy_pifpaf_msg/msg/pose.hpp
[4.553s] -- Installing: /root/motpy_pifpaf/install/motpy_pifpaf_msg/include/motpy_pifpaf_msg/msg/poses.hpp
[4.553s] -- Up-to-date: /root/motpy_pifpaf/install/motpy_pifpaf_msg/include/motpy_pifpaf_msg
[4.554s] -- Up-to-date: /root/motpy_pifpaf/install/motpy_pifpaf_msg/include/motpy_pifpaf_msg/msg
[4.554s] -- Up-to-date: /root/motpy_pifpaf/install/motpy_pifpaf_msg/include/motpy_pifpaf_msg/msg/detail
[4.554s] -- Installing: /root/motpy_pifpaf/install/motpy_pifpaf_msg/include/motpy_pifpaf_msg/msg/detail/poses__type_support.cpp
[4.554s] -- Installing: /root/motpy_pifpaf/install/motpy_pifpaf_msg/include/motpy_pifpaf_msg/msg/detail/pose__type_support.cpp
[4.554s] -- Installing: /root/motpy_pifpaf/install/motpy_pifpaf_msg/include/motpy_pifpaf_msg/msg/detail/pose__rosidl_typesupport_introspection_cpp.hpp
[4.554s] -- Installing: /root/motpy_pifpaf/install/motpy_pifpaf_msg/include/motpy_pifpaf_msg/msg/detail/poses__rosidl_typesupport_introspection_cpp.hpp
[4.555s] -- Installing: /root/motpy_pifpaf/install/motpy_pifpaf_msg/lib/libmotpy_pifpaf_msg__rosidl_typesupport_introspection_cpp.so
[4.555s] -- Set runtime path of "/root/motpy_pifpaf/install/motpy_pifpaf_msg/lib/libmotpy_pifpaf_msg__rosidl_typesupport_introspection_cpp.so" to ""
[4.555s] -- Installing: /root/motpy_pifpaf/install/motpy_pifpaf_msg/lib/libmotpy_pifpaf_msg__rosidl_typesupport_cpp.so
[4.556s] -- Set runtime path of "/root/motpy_pifpaf/install/motpy_pifpaf_msg/lib/libmotpy_pifpaf_msg__rosidl_typesupport_cpp.so" to ""
[4.556s] -- Up-to-date: /root/motpy_pifpaf/install/motpy_pifpaf_msg/share/motpy_pifpaf_msg/environment/pythonpath.sh
[4.556s] -- Installing: /root/motpy_pifpaf/install/motpy_pifpaf_msg/share/motpy_pifpaf_msg/environment/pythonpath.dsv
[4.556s] -- Installing: /root/motpy_pifpaf/install/motpy_pifpaf_msg/lib/python3.8/site-packages/motpy_pifpaf_msg/__init__.py
[4.582s] Compiling '/root/motpy_pifpaf/install/motpy_pifpaf_msg/lib/python3.8/site-packages/motpy_pifpaf_msg/__init__.py'...
[4.585s] -- Up-to-date: /root/motpy_pifpaf/install/motpy_pifpaf_msg/lib/python3.8/site-packages/motpy_pifpaf_msg/msg
[4.585s] -- Installing: /root/motpy_pifpaf/install/motpy_pifpaf_msg/lib/python3.8/site-packages/motpy_pifpaf_msg/msg/_pose_s.c
[4.585s] -- Installing: /root/motpy_pifpaf/install/motpy_pifpaf_msg/lib/python3.8/site-packages/motpy_pifpaf_msg/msg/_poses_s.c
[4.585s] -- Installing: /root/motpy_pifpaf/install/motpy_pifpaf_msg/lib/python3.8/site-packages/motpy_pifpaf_msg/msg/_poses.py
[4.585s] -- Installing: /root/motpy_pifpaf/install/motpy_pifpaf_msg/lib/python3.8/site-packages/motpy_pifpaf_msg/msg/__init__.py
[4.585s] -- Installing: /root/motpy_pifpaf/install/motpy_pifpaf_msg/lib/python3.8/site-packages/motpy_pifpaf_msg/msg/_pose.py
[4.586s] -- Installing: /root/motpy_pifpaf/install/motpy_pifpaf_msg/lib/python3.8/site-packages/motpy_pifpaf_msg/motpy_pifpaf_msg_s__rosidl_typesupport_fastrtps_c.cpython-38-x86_64-linux-gnu.so
[4.587s] -- Set runtime path of "/root/motpy_pifpaf/install/motpy_pifpaf_msg/lib/python3.8/site-packages/motpy_pifpaf_msg/motpy_pifpaf_msg_s__rosidl_typesupport_fastrtps_c.cpython-38-x86_64-linux-gnu.so" to ""
[4.587s] -- Installing: /root/motpy_pifpaf/install/motpy_pifpaf_msg/lib/python3.8/site-packages/motpy_pifpaf_msg/motpy_pifpaf_msg_s__rosidl_typesupport_introspection_c.cpython-38-x86_64-linux-gnu.so
[4.588s] -- Set runtime path of "/root/motpy_pifpaf/install/motpy_pifpaf_msg/lib/python3.8/site-packages/motpy_pifpaf_msg/motpy_pifpaf_msg_s__rosidl_typesupport_introspection_c.cpython-38-x86_64-linux-gnu.so" to ""
[4.588s] -- Installing: /root/motpy_pifpaf/install/motpy_pifpaf_msg/lib/python3.8/site-packages/motpy_pifpaf_msg/motpy_pifpaf_msg_s__rosidl_typesupport_c.cpython-38-x86_64-linux-gnu.so
[4.589s] -- Set runtime path of "/root/motpy_pifpaf/install/motpy_pifpaf_msg/lib/python3.8/site-packages/motpy_pifpaf_msg/motpy_pifpaf_msg_s__rosidl_typesupport_c.cpython-38-x86_64-linux-gnu.so" to ""
[4.589s] -- Installing: /root/motpy_pifpaf/install/motpy_pifpaf_msg/lib/libmotpy_pifpaf_msg__python.so
[4.589s] -- Set runtime path of "/root/motpy_pifpaf/install/motpy_pifpaf_msg/lib/libmotpy_pifpaf_msg__python.so" to ""
[4.590s] -- Up-to-date: /root/motpy_pifpaf/install/motpy_pifpaf_msg/share/motpy_pifpaf_msg/msg/Pose.idl
[4.590s] -- Installing: /root/motpy_pifpaf/install/motpy_pifpaf_msg/share/motpy_pifpaf_msg/msg/Poses.idl
[4.590s] -- Up-to-date: /root/motpy_pifpaf/install/motpy_pifpaf_msg/share/motpy_pifpaf_msg/msg/Pose.msg
[4.590s] -- Up-to-date: /root/motpy_pifpaf/install/motpy_pifpaf_msg/share/motpy_pifpaf_msg/msg/Poses.msg
[4.590s] -- Up-to-date: /root/motpy_pifpaf/install/motpy_pifpaf_msg/share/ament_index/resource_index/package_run_dependencies/motpy_pifpaf_msg
[4.590s] -- Up-to-date: /root/motpy_pifpaf/install/motpy_pifpaf_msg/share/ament_index/resource_index/parent_prefix_path/motpy_pifpaf_msg
[4.590s] -- Installing: /root/motpy_pifpaf/install/motpy_pifpaf_msg/share/motpy_pifpaf_msg/environment/ament_prefix_path.sh
[4.590s] -- Installing: /root/motpy_pifpaf/install/motpy_pifpaf_msg/share/motpy_pifpaf_msg/environment/ament_prefix_path.dsv
[4.590s] -- Installing: /root/motpy_pifpaf/install/motpy_pifpaf_msg/share/motpy_pifpaf_msg/environment/path.sh
[4.591s] -- Installing: /root/motpy_pifpaf/install/motpy_pifpaf_msg/share/motpy_pifpaf_msg/environment/path.dsv
[4.591s] -- Up-to-date: /root/motpy_pifpaf/install/motpy_pifpaf_msg/share/motpy_pifpaf_msg/local_setup.bash
[4.591s] -- Up-to-date: /root/motpy_pifpaf/install/motpy_pifpaf_msg/share/motpy_pifpaf_msg/local_setup.sh
[4.591s] -- Up-to-date: /root/motpy_pifpaf/install/motpy_pifpaf_msg/share/motpy_pifpaf_msg/local_setup.zsh
[4.591s] -- Installing: /root/motpy_pifpaf/install/motpy_pifpaf_msg/share/motpy_pifpaf_msg/local_setup.dsv
[4.591s] -- Installing: /root/motpy_pifpaf/install/motpy_pifpaf_msg/share/motpy_pifpaf_msg/package.dsv
[4.592s] -- Up-to-date: /root/motpy_pifpaf/install/motpy_pifpaf_msg/share/ament_index/resource_index/packages/motpy_pifpaf_msg
[4.592s] -- Up-to-date: /root/motpy_pifpaf/install/motpy_pifpaf_msg/share/motpy_pifpaf_msg/cmake/motpy_pifpaf_msg__rosidl_generator_cExport.cmake
[4.592s] -- Installing: /root/motpy_pifpaf/install/motpy_pifpaf_msg/share/motpy_pifpaf_msg/cmake/motpy_pifpaf_msg__rosidl_generator_cExport-noconfig.cmake
[4.592s] -- Up-to-date: /root/motpy_pifpaf/install/motpy_pifpaf_msg/share/motpy_pifpaf_msg/cmake/motpy_pifpaf_msg__rosidl_typesupport_introspection_cExport.cmake
[4.592s] -- Installing: /root/motpy_pifpaf/install/motpy_pifpaf_msg/share/motpy_pifpaf_msg/cmake/motpy_pifpaf_msg__rosidl_typesupport_introspection_cExport-noconfig.cmake
[4.592s] -- Up-to-date: /root/motpy_pifpaf/install/motpy_pifpaf_msg/share/motpy_pifpaf_msg/cmake/motpy_pifpaf_msg__rosidl_typesupport_cExport.cmake
[4.592s] -- Installing: /root/motpy_pifpaf/install/motpy_pifpaf_msg/share/motpy_pifpaf_msg/cmake/motpy_pifpaf_msg__rosidl_typesupport_cExport-noconfig.cmake
[4.593s] -- Up-to-date: /root/motpy_pifpaf/install/motpy_pifpaf_msg/share/motpy_pifpaf_msg/cmake/motpy_pifpaf_msg__rosidl_generator_cppExport.cmake
[4.593s] -- Up-to-date: /root/motpy_pifpaf/install/motpy_pifpaf_msg/share/motpy_pifpaf_msg/cmake/motpy_pifpaf_msg__rosidl_typesupport_introspection_cppExport.cmake
[4.593s] -- Installing: /root/motpy_pifpaf/install/motpy_pifpaf_msg/share/motpy_pifpaf_msg/cmake/motpy_pifpaf_msg__rosidl_typesupport_introspection_cppExport-noconfig.cmake
[4.593s] -- Up-to-date: /root/motpy_pifpaf/install/motpy_pifpaf_msg/share/motpy_pifpaf_msg/cmake/motpy_pifpaf_msg__rosidl_typesupport_cppExport.cmake
[4.593s] -- Installing: /root/motpy_pifpaf/install/motpy_pifpaf_msg/share/motpy_pifpaf_msg/cmake/motpy_pifpaf_msg__rosidl_typesupport_cppExport-noconfig.cmake
[4.594s] -- Up-to-date: /root/motpy_pifpaf/install/motpy_pifpaf_msg/share/motpy_pifpaf_msg/cmake/rosidl_cmake-extras.cmake
[4.594s] -- Up-to-date: /root/motpy_pifpaf/install/motpy_pifpaf_msg/share/motpy_pifpaf_msg/cmake/ament_cmake_export_dependencies-extras.cmake
[4.594s] -- Up-to-date: /root/motpy_pifpaf/install/motpy_pifpaf_msg/share/motpy_pifpaf_msg/cmake/ament_cmake_export_libraries-extras.cmake
[4.594s] -- Up-to-date: /root/motpy_pifpaf/install/motpy_pifpaf_msg/share/motpy_pifpaf_msg/cmake/ament_cmake_export_targets-extras.cmake
[4.594s] -- Up-to-date: /root/motpy_pifpaf/install/motpy_pifpaf_msg/share/motpy_pifpaf_msg/cmake/ament_cmake_export_include_directories-extras.cmake
[4.594s] -- Up-to-date: /root/motpy_pifpaf/install/motpy_pifpaf_msg/share/motpy_pifpaf_msg/cmake/rosidl_cmake_export_typesupport_libraries-extras.cmake
[4.594s] -- Up-to-date: /root/motpy_pifpaf/install/motpy_pifpaf_msg/share/motpy_pifpaf_msg/cmake/rosidl_cmake_export_typesupport_targets-extras.cmake
[4.594s] -- Up-to-date: /root/motpy_pifpaf/install/motpy_pifpaf_msg/share/motpy_pifpaf_msg/cmake/motpy_pifpaf_msgConfig.cmake
[4.594s] -- Up-to-date: /root/motpy_pifpaf/install/motpy_pifpaf_msg/share/motpy_pifpaf_msg/cmake/motpy_pifpaf_msgConfig-version.cmake
[4.594s] -- Up-to-date: /root/motpy_pifpaf/install/motpy_pifpaf_msg/share/motpy_pifpaf_msg/package.xml
[4.599s] Invoked command in '/root/motpy_pifpaf/build/motpy_pifpaf_msg' returned '0': CMAKE_PREFIX_PATH=/opt/ros/foxy _=/usr/bin/env /usr/bin/cmake --install /root/motpy_pifpaf/build/motpy_pifpaf_msg
