[0.123s] DEBUG:colcon:Command line arguments: ['/usr/bin/colcon', 'build']
[0.123s] DEBUG:colcon:Parsed command line arguments: Namespace(ament_cmake_args=None, base_paths=['.'], build_base='build', catkin_cmake_args=None, catkin_skip_building_tests=False, cmake_args=None, cmake_clean_cache=False, cmake_clean_first=False, cmake_force_configure=False, cmake_target=None, cmake_target_skip_unavailable=False, continue_on_error=False, event_handlers=None, executor='parallel', ignore_user_meta=False, install_base='install', log_base=None, log_level=None, main=<bound method BuildVerb.main of <colcon_core.verb.build.BuildVerb object at 0x7fa486ee57c0>>, merge_install=False, metas=['./colcon.meta'], packages_above=None, packages_above_and_dependencies=None, packages_above_depth=None, packages_end=None, packages_ignore=None, packages_ignore_regex=None, packages_select=None, packages_select_build_failed=False, packages_select_by_dep=None, packages_select_regex=None, packages_select_test_failures=False, packages_skip=None, packages_skip_build_finished=False, packages_skip_by_dep=None, packages_skip_regex=None, packages_skip_test_passed=False, packages_skip_up_to=None, packages_start=None, packages_up_to=None, packages_up_to_regex=None, parallel_workers=12, paths=None, symlink_install=False, test_result_base=None, verb_extension=<colcon_core.verb.build.BuildVerb object at 0x7fa486ee57c0>, verb_name='build', verb_parser=<colcon_defaults.argument_parser.defaults.DefaultArgumentsDecorator object at 0x7fa486eef4c0>)
[0.142s] Level 1:colcon.colcon_core.package_discovery:discover_packages(colcon_meta) check parameters
[0.143s] Level 1:colcon.colcon_core.package_discovery:discover_packages(recursive) check parameters
[0.143s] Level 1:colcon.colcon_core.package_discovery:discover_packages(ignore) check parameters
[0.143s] Level 1:colcon.colcon_core.package_discovery:discover_packages(path) check parameters
[0.143s] Level 1:colcon.colcon_core.package_discovery:discover_packages(colcon_meta) discover
[0.143s] Level 1:colcon.colcon_core.package_discovery:discover_packages(recursive) discover
[0.143s] INFO:colcon.colcon_core.package_discovery:Crawling recursively for packages in '/root/motpy_pifpaf'
[0.143s] Level 1:colcon.colcon_core.package_identification:_identify(.) by extensions ['ignore', 'ignore_ament_install']
[0.143s] Level 1:colcon.colcon_core.package_identification:_identify(.) by extension 'ignore'
[0.143s] Level 1:colcon.colcon_core.package_identification:_identify(.) by extension 'ignore_ament_install'
[0.143s] Level 1:colcon.colcon_core.package_identification:_identify(.) by extensions ['colcon_pkg']
[0.143s] Level 1:colcon.colcon_core.package_identification:_identify(.) by extension 'colcon_pkg'
[0.143s] Level 1:colcon.colcon_core.package_identification:_identify(.) by extensions ['colcon_meta']
[0.143s] Level 1:colcon.colcon_core.package_identification:_identify(.) by extension 'colcon_meta'
[0.143s] Level 1:colcon.colcon_core.package_identification:_identify(.) by extensions ['ros']
[0.144s] Level 1:colcon.colcon_core.package_identification:_identify(.) by extension 'ros'
[0.152s] Level 1:colcon.colcon_core.package_identification:_identify(.) by extensions ['cmake', 'python']
[0.152s] Level 1:colcon.colcon_core.package_identification:_identify(.) by extension 'cmake'
[0.152s] Level 1:colcon.colcon_core.package_identification:_identify(.) by extension 'python'
[0.152s] Level 1:colcon.colcon_core.package_identification:_identify(.) by extensions ['python_setup_py']
[0.152s] Level 1:colcon.colcon_core.package_identification:_identify(.) by extension 'python_setup_py'
[0.153s] Level 1:colcon.colcon_core.package_identification:_identify(build) by extensions ['ignore', 'ignore_ament_install']
[0.153s] Level 1:colcon.colcon_core.package_identification:_identify(build) by extension 'ignore'
[0.153s] Level 1:colcon.colcon_core.package_identification:_identify(build) ignored
[0.153s] Level 1:colcon.colcon_core.package_identification:_identify(install) by extensions ['ignore', 'ignore_ament_install']
[0.153s] Level 1:colcon.colcon_core.package_identification:_identify(install) by extension 'ignore'
[0.153s] Level 1:colcon.colcon_core.package_identification:_identify(install) ignored
[0.153s] Level 1:colcon.colcon_core.package_identification:_identify(log) by extensions ['ignore', 'ignore_ament_install']
[0.153s] Level 1:colcon.colcon_core.package_identification:_identify(log) by extension 'ignore'
[0.153s] Level 1:colcon.colcon_core.package_identification:_identify(log) ignored
[0.153s] Level 1:colcon.colcon_core.package_identification:_identify(src) by extensions ['ignore', 'ignore_ament_install']
[0.153s] Level 1:colcon.colcon_core.package_identification:_identify(src) by extension 'ignore'
[0.153s] Level 1:colcon.colcon_core.package_identification:_identify(src) by extension 'ignore_ament_install'
[0.153s] Level 1:colcon.colcon_core.package_identification:_identify(src) by extensions ['colcon_pkg']
[0.153s] Level 1:colcon.colcon_core.package_identification:_identify(src) by extension 'colcon_pkg'
[0.153s] Level 1:colcon.colcon_core.package_identification:_identify(src) by extensions ['colcon_meta']
[0.154s] Level 1:colcon.colcon_core.package_identification:_identify(src) by extension 'colcon_meta'
[0.154s] Level 1:colcon.colcon_core.package_identification:_identify(src) by extensions ['ros']
[0.154s] Level 1:colcon.colcon_core.package_identification:_identify(src) by extension 'ros'
[0.154s] Level 1:colcon.colcon_core.package_identification:_identify(src) by extensions ['cmake', 'python']
[0.154s] Level 1:colcon.colcon_core.package_identification:_identify(src) by extension 'cmake'
[0.154s] Level 1:colcon.colcon_core.package_identification:_identify(src) by extension 'python'
[0.154s] Level 1:colcon.colcon_core.package_identification:_identify(src) by extensions ['python_setup_py']
[0.154s] Level 1:colcon.colcon_core.package_identification:_identify(src) by extension 'python_setup_py'
[0.154s] Level 1:colcon.colcon_core.package_identification:_identify(src/motpy_pifpaf) by extensions ['ignore', 'ignore_ament_install']
[0.154s] Level 1:colcon.colcon_core.package_identification:_identify(src/motpy_pifpaf) by extension 'ignore'
[0.154s] Level 1:colcon.colcon_core.package_identification:_identify(src/motpy_pifpaf) by extension 'ignore_ament_install'
[0.154s] Level 1:colcon.colcon_core.package_identification:_identify(src/motpy_pifpaf) by extensions ['colcon_pkg']
[0.154s] Level 1:colcon.colcon_core.package_identification:_identify(src/motpy_pifpaf) by extension 'colcon_pkg'
[0.154s] Level 1:colcon.colcon_core.package_identification:_identify(src/motpy_pifpaf) by extensions ['colcon_meta']
[0.154s] Level 1:colcon.colcon_core.package_identification:_identify(src/motpy_pifpaf) by extension 'colcon_meta'
[0.154s] Level 1:colcon.colcon_core.package_identification:_identify(src/motpy_pifpaf) by extensions ['ros']
[0.154s] Level 1:colcon.colcon_core.package_identification:_identify(src/motpy_pifpaf) by extension 'ros'
[0.156s] DEBUG:colcon.colcon_core.package_identification:Package 'src/motpy_pifpaf' with type 'ros.ament_python' and name 'motpy_pifpaf'
[0.156s] Level 1:colcon.colcon_core.package_identification:_identify(src/motpy_pifpaf_msg) by extensions ['ignore', 'ignore_ament_install']
[0.156s] Level 1:colcon.colcon_core.package_identification:_identify(src/motpy_pifpaf_msg) by extension 'ignore'
[0.156s] Level 1:colcon.colcon_core.package_identification:_identify(src/motpy_pifpaf_msg) by extension 'ignore_ament_install'
[0.156s] Level 1:colcon.colcon_core.package_identification:_identify(src/motpy_pifpaf_msg) by extensions ['colcon_pkg']
[0.156s] Level 1:colcon.colcon_core.package_identification:_identify(src/motpy_pifpaf_msg) by extension 'colcon_pkg'
[0.156s] Level 1:colcon.colcon_core.package_identification:_identify(src/motpy_pifpaf_msg) by extensions ['colcon_meta']
[0.157s] Level 1:colcon.colcon_core.package_identification:_identify(src/motpy_pifpaf_msg) by extension 'colcon_meta'
[0.157s] Level 1:colcon.colcon_core.package_identification:_identify(src/motpy_pifpaf_msg) by extensions ['ros']
[0.157s] Level 1:colcon.colcon_core.package_identification:_identify(src/motpy_pifpaf_msg) by extension 'ros'
[0.157s] DEBUG:colcon.colcon_core.package_identification:Package 'src/motpy_pifpaf_msg' with type 'ros.ament_cmake' and name 'motpy_pifpaf_msg'
[0.157s] Level 1:colcon.colcon_core.package_discovery:discover_packages(recursive) using defaults
[0.157s] Level 1:colcon.colcon_core.package_discovery:discover_packages(ignore) discover
[0.157s] Level 1:colcon.colcon_core.package_discovery:discover_packages(ignore) using defaults
[0.157s] Level 1:colcon.colcon_core.package_discovery:discover_packages(path) discover
[0.157s] Level 1:colcon.colcon_core.package_discovery:discover_packages(path) using defaults
[0.179s] Level 5:colcon.colcon_core.verb:set package 'motpy_pifpaf' build argument 'cmake_args' from command line to 'None'
[0.179s] Level 5:colcon.colcon_core.verb:set package 'motpy_pifpaf' build argument 'cmake_target' from command line to 'None'
[0.179s] Level 5:colcon.colcon_core.verb:set package 'motpy_pifpaf' build argument 'cmake_target_skip_unavailable' from command line to 'False'
[0.179s] Level 5:colcon.colcon_core.verb:set package 'motpy_pifpaf' build argument 'cmake_clean_cache' from command line to 'False'
[0.179s] Level 5:colcon.colcon_core.verb:set package 'motpy_pifpaf' build argument 'cmake_clean_first' from command line to 'False'
[0.179s] Level 5:colcon.colcon_core.verb:set package 'motpy_pifpaf' build argument 'cmake_force_configure' from command line to 'False'
[0.179s] Level 5:colcon.colcon_core.verb:set package 'motpy_pifpaf' build argument 'ament_cmake_args' from command line to 'None'
[0.179s] Level 5:colcon.colcon_core.verb:set package 'motpy_pifpaf' build argument 'catkin_cmake_args' from command line to 'None'
[0.179s] Level 5:colcon.colcon_core.verb:set package 'motpy_pifpaf' build argument 'catkin_skip_building_tests' from command line to 'False'
[0.179s] DEBUG:colcon.colcon_core.verb:Building package 'motpy_pifpaf' with the following arguments: {'ament_cmake_args': None, 'build_base': '/root/motpy_pifpaf/build/motpy_pifpaf', 'catkin_cmake_args': None, 'catkin_skip_building_tests': False, 'cmake_args': None, 'cmake_clean_cache': False, 'cmake_clean_first': False, 'cmake_force_configure': False, 'cmake_target': None, 'cmake_target_skip_unavailable': False, 'install_base': '/root/motpy_pifpaf/install/motpy_pifpaf', 'merge_install': False, 'path': '/root/motpy_pifpaf/src/motpy_pifpaf', 'symlink_install': False, 'test_result_base': None}
[0.180s] Level 5:colcon.colcon_core.verb:set package 'motpy_pifpaf_msg' build argument 'cmake_args' from command line to 'None'
[0.180s] Level 5:colcon.colcon_core.verb:set package 'motpy_pifpaf_msg' build argument 'cmake_target' from command line to 'None'
[0.180s] Level 5:colcon.colcon_core.verb:set package 'motpy_pifpaf_msg' build argument 'cmake_target_skip_unavailable' from command line to 'False'
[0.180s] Level 5:colcon.colcon_core.verb:set package 'motpy_pifpaf_msg' build argument 'cmake_clean_cache' from command line to 'False'
[0.180s] Level 5:colcon.colcon_core.verb:set package 'motpy_pifpaf_msg' build argument 'cmake_clean_first' from command line to 'False'
[0.180s] Level 5:colcon.colcon_core.verb:set package 'motpy_pifpaf_msg' build argument 'cmake_force_configure' from command line to 'False'
[0.180s] Level 5:colcon.colcon_core.verb:set package 'motpy_pifpaf_msg' build argument 'ament_cmake_args' from command line to 'None'
[0.181s] Level 5:colcon.colcon_core.verb:set package 'motpy_pifpaf_msg' build argument 'catkin_cmake_args' from command line to 'None'
[0.181s] Level 5:colcon.colcon_core.verb:set package 'motpy_pifpaf_msg' build argument 'catkin_skip_building_tests' from command line to 'False'
[0.181s] DEBUG:colcon.colcon_core.verb:Building package 'motpy_pifpaf_msg' with the following arguments: {'ament_cmake_args': None, 'build_base': '/root/motpy_pifpaf/build/motpy_pifpaf_msg', 'catkin_cmake_args': None, 'catkin_skip_building_tests': False, 'cmake_args': None, 'cmake_clean_cache': False, 'cmake_clean_first': False, 'cmake_force_configure': False, 'cmake_target': None, 'cmake_target_skip_unavailable': False, 'install_base': '/root/motpy_pifpaf/install/motpy_pifpaf_msg', 'merge_install': False, 'path': '/root/motpy_pifpaf/src/motpy_pifpaf_msg', 'symlink_install': False, 'test_result_base': None}
[0.181s] INFO:colcon.colcon_core.executor:Executing jobs using 'parallel' executor
[0.184s] DEBUG:colcon.colcon_parallel_executor.executor.parallel:run_until_complete
[0.184s] INFO:colcon.colcon_ros.task.ament_python.build:Building ROS package in '/root/motpy_pifpaf/src/motpy_pifpaf' with build type 'ament_python'
[0.185s] Level 1:colcon.colcon_core.shell:create_environment_hook('motpy_pifpaf', 'ament_prefix_path')
[0.188s] INFO:colcon.colcon_core.plugin_system:Skipping extension 'colcon_core.shell.bat': Not used on non-Windows systems
[0.188s] INFO:colcon.colcon_core.shell:Creating environment hook '/root/motpy_pifpaf/install/motpy_pifpaf/share/motpy_pifpaf/hook/ament_prefix_path.ps1'
[0.189s] INFO:colcon.colcon_core.shell:Creating environment descriptor '/root/motpy_pifpaf/install/motpy_pifpaf/share/motpy_pifpaf/hook/ament_prefix_path.dsv'
[0.189s] INFO:colcon.colcon_core.shell:Creating environment hook '/root/motpy_pifpaf/install/motpy_pifpaf/share/motpy_pifpaf/hook/ament_prefix_path.sh'
[0.191s] INFO:colcon.colcon_core.shell:Skip shell extension 'powershell' for command environment: Not usable outside of PowerShell
[0.191s] DEBUG:colcon.colcon_core.shell:Skip shell extension 'dsv' for command environment
[0.198s] INFO:colcon.colcon_ros.task.ament_cmake.build:Building ROS package in '/root/motpy_pifpaf/src/motpy_pifpaf_msg' with build type 'ament_cmake'
[0.198s] INFO:colcon.colcon_cmake.task.cmake.build:Building CMake package in '/root/motpy_pifpaf/src/motpy_pifpaf_msg'
[0.200s] INFO:colcon.colcon_core.shell:Skip shell extension 'powershell' for command environment: Not usable outside of PowerShell
[0.200s] DEBUG:colcon.colcon_core.shell:Skip shell extension 'dsv' for command environment
[0.403s] INFO:colcon.colcon_core.task.python.build:Building Python package in '/root/motpy_pifpaf/src/motpy_pifpaf'
[0.405s] INFO:colcon.colcon_core.shell:Skip shell extension 'powershell' for command environment: Not usable outside of PowerShell
[0.405s] DEBUG:colcon.colcon_core.shell:Skip shell extension 'dsv' for command environment
[0.423s] DEBUG:colcon.colcon_core.event_handler.log_command:Invoking command in '/root/motpy_pifpaf/build/motpy_pifpaf_msg': CMAKE_PREFIX_PATH=/opt/ros/foxy _=/usr/bin/env /usr/bin/cmake --build /root/motpy_pifpaf/build/motpy_pifpaf_msg -- -j12 -l12
[0.809s] DEBUG:colcon.colcon_core.event_handler.log_command:Invoking command in '/root/motpy_pifpaf/src/motpy_pifpaf': PYTHONPATH=/root/motpy_pifpaf/install/motpy_pifpaf/lib/python3.8/site-packages:${PYTHONPATH} _=/usr/bin/env /usr/bin/python3 setup.py egg_info --egg-base ../../build/motpy_pifpaf build --build-base /root/motpy_pifpaf/build/motpy_pifpaf/build install --prefix /root/motpy_pifpaf/install/motpy_pifpaf --record /root/motpy_pifpaf/build/motpy_pifpaf/install.log --single-version-externally-managed
[1.066s] DEBUG:colcon.colcon_core.event_handler.log_command:Invoked command in '/root/motpy_pifpaf/src/motpy_pifpaf' returned '0': PYTHONPATH=/root/motpy_pifpaf/install/motpy_pifpaf/lib/python3.8/site-packages:${PYTHONPATH} _=/usr/bin/env /usr/bin/python3 setup.py egg_info --egg-base ../../build/motpy_pifpaf build --build-base /root/motpy_pifpaf/build/motpy_pifpaf/build install --prefix /root/motpy_pifpaf/install/motpy_pifpaf --record /root/motpy_pifpaf/build/motpy_pifpaf/install.log --single-version-externally-managed
[1.070s] Level 1:colcon.colcon_core.environment:checking '/root/motpy_pifpaf/install/motpy_pifpaf' for CMake module files
[1.070s] Level 1:colcon.colcon_core.environment:checking '/root/motpy_pifpaf/install/motpy_pifpaf' for CMake config files
[1.071s] Level 1:colcon.colcon_core.environment:checking '/root/motpy_pifpaf/install/motpy_pifpaf/lib'
[1.071s] Level 1:colcon.colcon_core.environment:checking '/root/motpy_pifpaf/install/motpy_pifpaf/bin'
[1.071s] Level 1:colcon.colcon_core.environment:checking '/root/motpy_pifpaf/install/motpy_pifpaf/lib/pkgconfig/motpy_pifpaf.pc'
[1.071s] Level 1:colcon.colcon_core.environment:checking '/root/motpy_pifpaf/install/motpy_pifpaf/lib/python3.8/site-packages'
[1.071s] Level 1:colcon.colcon_core.shell:create_environment_hook('motpy_pifpaf', 'pythonpath')
[1.072s] INFO:colcon.colcon_core.shell:Creating environment hook '/root/motpy_pifpaf/install/motpy_pifpaf/share/motpy_pifpaf/hook/pythonpath.ps1'
[1.073s] INFO:colcon.colcon_core.shell:Creating environment descriptor '/root/motpy_pifpaf/install/motpy_pifpaf/share/motpy_pifpaf/hook/pythonpath.dsv'
[1.073s] INFO:colcon.colcon_core.shell:Creating environment hook '/root/motpy_pifpaf/install/motpy_pifpaf/share/motpy_pifpaf/hook/pythonpath.sh'
[1.074s] Level 1:colcon.colcon_core.environment:checking '/root/motpy_pifpaf/install/motpy_pifpaf/bin'
[1.074s] Level 1:colcon.colcon_core.environment:create_environment_scripts_only(motpy_pifpaf)
[1.075s] INFO:colcon.colcon_core.shell:Creating package script '/root/motpy_pifpaf/install/motpy_pifpaf/share/motpy_pifpaf/package.ps1'
[1.076s] INFO:colcon.colcon_core.shell:Creating package descriptor '/root/motpy_pifpaf/install/motpy_pifpaf/share/motpy_pifpaf/package.dsv'
[1.076s] INFO:colcon.colcon_core.shell:Creating package script '/root/motpy_pifpaf/install/motpy_pifpaf/share/motpy_pifpaf/package.sh'
[1.077s] INFO:colcon.colcon_core.shell:Creating package script '/root/motpy_pifpaf/install/motpy_pifpaf/share/motpy_pifpaf/package.bash'
[1.077s] INFO:colcon.colcon_core.shell:Creating package script '/root/motpy_pifpaf/install/motpy_pifpaf/share/motpy_pifpaf/package.zsh'
[1.078s] Level 1:colcon.colcon_core.environment:create_file_with_runtime_dependencies(/root/motpy_pifpaf/install/motpy_pifpaf/share/colcon-core/packages/motpy_pifpaf)
[4.612s] DEBUG:colcon.colcon_core.event_handler.log_command:Invoked command in '/root/motpy_pifpaf/build/motpy_pifpaf_msg' returned '0': CMAKE_PREFIX_PATH=/opt/ros/foxy _=/usr/bin/env /usr/bin/cmake --build /root/motpy_pifpaf/build/motpy_pifpaf_msg -- -j12 -l12
[4.735s] DEBUG:colcon.colcon_core.event_handler.log_command:Invoking command in '/root/motpy_pifpaf/build/motpy_pifpaf_msg': CMAKE_PREFIX_PATH=/opt/ros/foxy _=/usr/bin/env /usr/bin/cmake --install /root/motpy_pifpaf/build/motpy_pifpaf_msg
[4.796s] Level 1:colcon.colcon_core.environment:create_environment_scripts_only(motpy_pifpaf_msg)
[4.799s] Level 1:colcon.colcon_core.environment:checking '/root/motpy_pifpaf/install/motpy_pifpaf_msg' for CMake module files
[4.800s] DEBUG:colcon.colcon_core.event_handler.log_command:Invoked command in '/root/motpy_pifpaf/build/motpy_pifpaf_msg' returned '0': CMAKE_PREFIX_PATH=/opt/ros/foxy _=/usr/bin/env /usr/bin/cmake --install /root/motpy_pifpaf/build/motpy_pifpaf_msg
[4.800s] Level 1:colcon.colcon_core.environment:checking '/root/motpy_pifpaf/install/motpy_pifpaf_msg' for CMake config files
[4.800s] Level 1:colcon.colcon_core.shell:create_environment_hook('motpy_pifpaf_msg', 'cmake_prefix_path')
[4.802s] INFO:colcon.colcon_core.shell:Creating environment hook '/root/motpy_pifpaf/install/motpy_pifpaf_msg/share/motpy_pifpaf_msg/hook/cmake_prefix_path.ps1'
[4.802s] INFO:colcon.colcon_core.shell:Creating environment descriptor '/root/motpy_pifpaf/install/motpy_pifpaf_msg/share/motpy_pifpaf_msg/hook/cmake_prefix_path.dsv'
[4.802s] INFO:colcon.colcon_core.shell:Creating environment hook '/root/motpy_pifpaf/install/motpy_pifpaf_msg/share/motpy_pifpaf_msg/hook/cmake_prefix_path.sh'
[4.803s] Level 1:colcon.colcon_core.environment:checking '/root/motpy_pifpaf/install/motpy_pifpaf_msg/lib'
[4.803s] Level 1:colcon.colcon_core.shell:create_environment_hook('motpy_pifpaf_msg', 'ld_library_path_lib')
[4.804s] INFO:colcon.colcon_core.shell:Creating environment hook '/root/motpy_pifpaf/install/motpy_pifpaf_msg/share/motpy_pifpaf_msg/hook/ld_library_path_lib.ps1'
[4.804s] INFO:colcon.colcon_core.shell:Creating environment descriptor '/root/motpy_pifpaf/install/motpy_pifpaf_msg/share/motpy_pifpaf_msg/hook/ld_library_path_lib.dsv'
[4.804s] INFO:colcon.colcon_core.shell:Creating environment hook '/root/motpy_pifpaf/install/motpy_pifpaf_msg/share/motpy_pifpaf_msg/hook/ld_library_path_lib.sh'
[4.805s] Level 1:colcon.colcon_core.environment:checking '/root/motpy_pifpaf/install/motpy_pifpaf_msg/bin'
[4.805s] Level 1:colcon.colcon_core.environment:checking '/root/motpy_pifpaf/install/motpy_pifpaf_msg/lib/pkgconfig/motpy_pifpaf_msg.pc'
[4.805s] Level 1:colcon.colcon_core.environment:checking '/root/motpy_pifpaf/install/motpy_pifpaf_msg/lib/python3.8/site-packages'
[4.805s] Level 1:colcon.colcon_core.shell:create_environment_hook('motpy_pifpaf_msg', 'pythonpath')
[4.806s] INFO:colcon.colcon_core.shell:Creating environment hook '/root/motpy_pifpaf/install/motpy_pifpaf_msg/share/motpy_pifpaf_msg/hook/pythonpath.ps1'
[4.806s] INFO:colcon.colcon_core.shell:Creating environment descriptor '/root/motpy_pifpaf/install/motpy_pifpaf_msg/share/motpy_pifpaf_msg/hook/pythonpath.dsv'
[4.807s] INFO:colcon.colcon_core.shell:Creating environment hook '/root/motpy_pifpaf/install/motpy_pifpaf_msg/share/motpy_pifpaf_msg/hook/pythonpath.sh'
[4.807s] Level 1:colcon.colcon_core.environment:checking '/root/motpy_pifpaf/install/motpy_pifpaf_msg/bin'
[4.808s] INFO:colcon.colcon_core.shell:Creating package script '/root/motpy_pifpaf/install/motpy_pifpaf_msg/share/motpy_pifpaf_msg/package.ps1'
[4.809s] INFO:colcon.colcon_core.shell:Creating package descriptor '/root/motpy_pifpaf/install/motpy_pifpaf_msg/share/motpy_pifpaf_msg/package.dsv'
[4.809s] INFO:colcon.colcon_core.shell:Creating package script '/root/motpy_pifpaf/install/motpy_pifpaf_msg/share/motpy_pifpaf_msg/package.sh'
[4.809s] INFO:colcon.colcon_core.shell:Creating package script '/root/motpy_pifpaf/install/motpy_pifpaf_msg/share/motpy_pifpaf_msg/package.bash'
[4.810s] INFO:colcon.colcon_core.shell:Creating package script '/root/motpy_pifpaf/install/motpy_pifpaf_msg/share/motpy_pifpaf_msg/package.zsh'
[4.810s] Level 1:colcon.colcon_core.environment:create_file_with_runtime_dependencies(/root/motpy_pifpaf/install/motpy_pifpaf_msg/share/colcon-core/packages/motpy_pifpaf_msg)
[4.928s] Level 1:colcon.colcon_core.environment:create_environment_scripts_only(motpy_pifpaf_msg)
[4.930s] Level 1:colcon.colcon_core.environment:checking '/root/motpy_pifpaf/install/motpy_pifpaf_msg' for CMake module files
[4.930s] Level 1:colcon.colcon_core.environment:checking '/root/motpy_pifpaf/install/motpy_pifpaf_msg' for CMake config files
[4.931s] Level 1:colcon.colcon_core.shell:create_environment_hook('motpy_pifpaf_msg', 'cmake_prefix_path')
[4.932s] INFO:colcon.colcon_core.shell:Creating environment hook '/root/motpy_pifpaf/install/motpy_pifpaf_msg/share/motpy_pifpaf_msg/hook/cmake_prefix_path.ps1'
[4.932s] INFO:colcon.colcon_core.shell:Creating environment descriptor '/root/motpy_pifpaf/install/motpy_pifpaf_msg/share/motpy_pifpaf_msg/hook/cmake_prefix_path.dsv'
[4.933s] INFO:colcon.colcon_core.shell:Creating environment hook '/root/motpy_pifpaf/install/motpy_pifpaf_msg/share/motpy_pifpaf_msg/hook/cmake_prefix_path.sh'
[4.933s] Level 1:colcon.colcon_core.environment:checking '/root/motpy_pifpaf/install/motpy_pifpaf_msg/lib'
[4.933s] Level 1:colcon.colcon_core.shell:create_environment_hook('motpy_pifpaf_msg', 'ld_library_path_lib')
[4.934s] INFO:colcon.colcon_core.shell:Creating environment hook '/root/motpy_pifpaf/install/motpy_pifpaf_msg/share/motpy_pifpaf_msg/hook/ld_library_path_lib.ps1'
[4.935s] INFO:colcon.colcon_core.shell:Creating environment descriptor '/root/motpy_pifpaf/install/motpy_pifpaf_msg/share/motpy_pifpaf_msg/hook/ld_library_path_lib.dsv'
[4.935s] INFO:colcon.colcon_core.shell:Creating environment hook '/root/motpy_pifpaf/install/motpy_pifpaf_msg/share/motpy_pifpaf_msg/hook/ld_library_path_lib.sh'
[4.935s] Level 1:colcon.colcon_core.environment:checking '/root/motpy_pifpaf/install/motpy_pifpaf_msg/bin'
[4.935s] Level 1:colcon.colcon_core.environment:checking '/root/motpy_pifpaf/install/motpy_pifpaf_msg/lib/pkgconfig/motpy_pifpaf_msg.pc'
[4.936s] Level 1:colcon.colcon_core.environment:checking '/root/motpy_pifpaf/install/motpy_pifpaf_msg/lib/python3.8/site-packages'
[4.936s] Level 1:colcon.colcon_core.shell:create_environment_hook('motpy_pifpaf_msg', 'pythonpath')
[4.937s] INFO:colcon.colcon_core.shell:Creating environment hook '/root/motpy_pifpaf/install/motpy_pifpaf_msg/share/motpy_pifpaf_msg/hook/pythonpath.ps1'
[4.937s] INFO:colcon.colcon_core.shell:Creating environment descriptor '/root/motpy_pifpaf/install/motpy_pifpaf_msg/share/motpy_pifpaf_msg/hook/pythonpath.dsv'
[4.937s] INFO:colcon.colcon_core.shell:Creating environment hook '/root/motpy_pifpaf/install/motpy_pifpaf_msg/share/motpy_pifpaf_msg/hook/pythonpath.sh'
[4.938s] Level 1:colcon.colcon_core.environment:checking '/root/motpy_pifpaf/install/motpy_pifpaf_msg/bin'
[4.939s] INFO:colcon.colcon_core.shell:Creating package script '/root/motpy_pifpaf/install/motpy_pifpaf_msg/share/motpy_pifpaf_msg/package.ps1'
[4.939s] INFO:colcon.colcon_core.shell:Creating package descriptor '/root/motpy_pifpaf/install/motpy_pifpaf_msg/share/motpy_pifpaf_msg/package.dsv'
[4.940s] INFO:colcon.colcon_core.shell:Creating package script '/root/motpy_pifpaf/install/motpy_pifpaf_msg/share/motpy_pifpaf_msg/package.sh'
[4.940s] INFO:colcon.colcon_core.shell:Creating package script '/root/motpy_pifpaf/install/motpy_pifpaf_msg/share/motpy_pifpaf_msg/package.bash'
[4.940s] INFO:colcon.colcon_core.shell:Creating package script '/root/motpy_pifpaf/install/motpy_pifpaf_msg/share/motpy_pifpaf_msg/package.zsh'
[4.941s] Level 1:colcon.colcon_core.environment:create_file_with_runtime_dependencies(/root/motpy_pifpaf/install/motpy_pifpaf_msg/share/colcon-core/packages/motpy_pifpaf_msg)
[4.941s] DEBUG:colcon.colcon_parallel_executor.executor.parallel:closing loop
[4.941s] DEBUG:colcon.colcon_parallel_executor.executor.parallel:loop closed
[4.942s] DEBUG:colcon.colcon_parallel_executor.executor.parallel:run_until_complete finished with '0'
[4.942s] DEBUG:colcon.colcon_core.event_reactor:joining thread
[4.950s] INFO:colcon.colcon_core.plugin_system:Skipping extension 'colcon_notification.desktop_notification.notify_send': Could not find 'notify-send'
[4.950s] INFO:colcon.colcon_core.plugin_system:Skipping extension 'colcon_notification.desktop_notification.terminal_notifier': Not used on non-Darwin systems
[4.950s] INFO:colcon.colcon_core.plugin_system:Skipping extension 'colcon_notification.desktop_notification.win32': Not used on non-Windows systems
[4.950s] INFO:colcon.colcon_notification.desktop_notification:Sending desktop notification using 'notify2'
[4.955s] DEBUG:colcon.colcon_notification.desktop_notification.notify2:Failed to initialize notify2: org.freedesktop.DBus.Error.ServiceUnknown: The name org.freedesktop.Notifications was not provided by any .service files
[4.956s] DEBUG:colcon.colcon_core.event_reactor:joined thread
[4.957s] INFO:colcon.colcon_core.shell:Creating prefix script '/root/motpy_pifpaf/install/local_setup.ps1'
[4.958s] INFO:colcon.colcon_core.shell:Creating prefix util module '/root/motpy_pifpaf/install/_local_setup_util_ps1.py'
[4.959s] INFO:colcon.colcon_core.shell:Creating prefix chain script '/root/motpy_pifpaf/install/setup.ps1'
[4.960s] INFO:colcon.colcon_core.shell:Creating prefix script '/root/motpy_pifpaf/install/local_setup.sh'
[4.961s] INFO:colcon.colcon_core.shell:Creating prefix util module '/root/motpy_pifpaf/install/_local_setup_util_sh.py'
[4.961s] INFO:colcon.colcon_core.shell:Creating prefix chain script '/root/motpy_pifpaf/install/setup.sh'
[4.962s] INFO:colcon.colcon_core.shell:Creating prefix script '/root/motpy_pifpaf/install/local_setup.bash'
[4.963s] INFO:colcon.colcon_core.shell:Creating prefix chain script '/root/motpy_pifpaf/install/setup.bash'
[4.964s] INFO:colcon.colcon_core.shell:Creating prefix script '/root/motpy_pifpaf/install/local_setup.zsh'
[4.964s] INFO:colcon.colcon_core.shell:Creating prefix chain script '/root/motpy_pifpaf/install/setup.zsh'
