[0.173s] DEBUG:colcon:Command line arguments: ['/usr/bin/colcon', 'build']
[0.173s] DEBUG:colcon:Parsed command line arguments: Namespace(ament_cmake_args=None, base_paths=['.'], build_base='build', catkin_cmake_args=None, catkin_skip_building_tests=False, cmake_args=None, cmake_clean_cache=False, cmake_clean_first=False, cmake_force_configure=False, cmake_target=None, cmake_target_skip_unavailable=False, continue_on_error=False, event_handlers=None, executor='parallel', ignore_user_meta=False, install_base='install', log_base=None, log_level=None, main=<bound method BuildVerb.main of <colcon_core.verb.build.BuildVerb object at 0x7fe5ff651340>>, merge_install=False, metas=['./colcon.meta'], packages_above=None, packages_above_and_dependencies=None, packages_above_depth=None, packages_end=None, packages_ignore=None, packages_ignore_regex=None, packages_select=None, packages_select_build_failed=False, packages_select_by_dep=None, packages_select_regex=None, packages_select_test_failures=False, packages_skip=None, packages_skip_build_finished=False, packages_skip_by_dep=None, packages_skip_regex=None, packages_skip_test_passed=False, packages_skip_up_to=None, packages_start=None, packages_up_to=None, packages_up_to_regex=None, parallel_workers=12, paths=None, symlink_install=False, test_result_base=None, verb_extension=<colcon_core.verb.build.BuildVerb object at 0x7fe5ff651340>, verb_name='build', verb_parser=<colcon_defaults.argument_parser.defaults.DefaultArgumentsDecorator object at 0x7fe5ff651880>)
[0.204s] Level 1:colcon.colcon_core.package_discovery:discover_packages(colcon_meta) check parameters
[0.204s] Level 1:colcon.colcon_core.package_discovery:discover_packages(recursive) check parameters
[0.204s] Level 1:colcon.colcon_core.package_discovery:discover_packages(ignore) check parameters
[0.204s] Level 1:colcon.colcon_core.package_discovery:discover_packages(path) check parameters
[0.204s] Level 1:colcon.colcon_core.package_discovery:discover_packages(colcon_meta) discover
[0.204s] Level 1:colcon.colcon_core.package_discovery:discover_packages(recursive) discover
[0.204s] INFO:colcon.colcon_core.package_discovery:Crawling recursively for packages in '/root/motpy_pifpaf'
[0.204s] Level 1:colcon.colcon_core.package_identification:_identify(.) by extensions ['ignore', 'ignore_ament_install']
[0.204s] Level 1:colcon.colcon_core.package_identification:_identify(.) by extension 'ignore'
[0.205s] Level 1:colcon.colcon_core.package_identification:_identify(.) by extension 'ignore_ament_install'
[0.205s] Level 1:colcon.colcon_core.package_identification:_identify(.) by extensions ['colcon_pkg']
[0.205s] Level 1:colcon.colcon_core.package_identification:_identify(.) by extension 'colcon_pkg'
[0.205s] Level 1:colcon.colcon_core.package_identification:_identify(.) by extensions ['colcon_meta']
[0.205s] Level 1:colcon.colcon_core.package_identification:_identify(.) by extension 'colcon_meta'
[0.205s] Level 1:colcon.colcon_core.package_identification:_identify(.) by extensions ['ros']
[0.205s] Level 1:colcon.colcon_core.package_identification:_identify(.) by extension 'ros'
[0.218s] Level 1:colcon.colcon_core.package_identification:_identify(.) by extensions ['cmake', 'python']
[0.218s] Level 1:colcon.colcon_core.package_identification:_identify(.) by extension 'cmake'
[0.218s] Level 1:colcon.colcon_core.package_identification:_identify(.) by extension 'python'
[0.218s] Level 1:colcon.colcon_core.package_identification:_identify(.) by extensions ['python_setup_py']
[0.218s] Level 1:colcon.colcon_core.package_identification:_identify(.) by extension 'python_setup_py'
[0.218s] Level 1:colcon.colcon_core.package_identification:_identify(build) by extensions ['ignore', 'ignore_ament_install']
[0.218s] Level 1:colcon.colcon_core.package_identification:_identify(build) by extension 'ignore'
[0.218s] Level 1:colcon.colcon_core.package_identification:_identify(build) ignored
[0.219s] Level 1:colcon.colcon_core.package_identification:_identify(install) by extensions ['ignore', 'ignore_ament_install']
[0.219s] Level 1:colcon.colcon_core.package_identification:_identify(install) by extension 'ignore'
[0.219s] Level 1:colcon.colcon_core.package_identification:_identify(install) ignored
[0.219s] Level 1:colcon.colcon_core.package_identification:_identify(log) by extensions ['ignore', 'ignore_ament_install']
[0.219s] Level 1:colcon.colcon_core.package_identification:_identify(log) by extension 'ignore'
[0.219s] Level 1:colcon.colcon_core.package_identification:_identify(log) ignored
[0.219s] Level 1:colcon.colcon_core.package_identification:_identify(src) by extensions ['ignore', 'ignore_ament_install']
[0.219s] Level 1:colcon.colcon_core.package_identification:_identify(src) by extension 'ignore'
[0.219s] Level 1:colcon.colcon_core.package_identification:_identify(src) by extension 'ignore_ament_install'
[0.219s] Level 1:colcon.colcon_core.package_identification:_identify(src) by extensions ['colcon_pkg']
[0.219s] Level 1:colcon.colcon_core.package_identification:_identify(src) by extension 'colcon_pkg'
[0.219s] Level 1:colcon.colcon_core.package_identification:_identify(src) by extensions ['colcon_meta']
[0.219s] Level 1:colcon.colcon_core.package_identification:_identify(src) by extension 'colcon_meta'
[0.219s] Level 1:colcon.colcon_core.package_identification:_identify(src) by extensions ['ros']
[0.219s] Level 1:colcon.colcon_core.package_identification:_identify(src) by extension 'ros'
[0.220s] Level 1:colcon.colcon_core.package_identification:_identify(src) by extensions ['cmake', 'python']
[0.220s] Level 1:colcon.colcon_core.package_identification:_identify(src) by extension 'cmake'
[0.220s] Level 1:colcon.colcon_core.package_identification:_identify(src) by extension 'python'
[0.220s] Level 1:colcon.colcon_core.package_identification:_identify(src) by extensions ['python_setup_py']
[0.220s] Level 1:colcon.colcon_core.package_identification:_identify(src) by extension 'python_setup_py'
[0.220s] Level 1:colcon.colcon_core.package_identification:_identify(src/motpy_pifpaf) by extensions ['ignore', 'ignore_ament_install']
[0.220s] Level 1:colcon.colcon_core.package_identification:_identify(src/motpy_pifpaf) by extension 'ignore'
[0.220s] Level 1:colcon.colcon_core.package_identification:_identify(src/motpy_pifpaf) by extension 'ignore_ament_install'
[0.220s] Level 1:colcon.colcon_core.package_identification:_identify(src/motpy_pifpaf) by extensions ['colcon_pkg']
[0.220s] Level 1:colcon.colcon_core.package_identification:_identify(src/motpy_pifpaf) by extension 'colcon_pkg'
[0.220s] Level 1:colcon.colcon_core.package_identification:_identify(src/motpy_pifpaf) by extensions ['colcon_meta']
[0.220s] Level 1:colcon.colcon_core.package_identification:_identify(src/motpy_pifpaf) by extension 'colcon_meta'
[0.220s] Level 1:colcon.colcon_core.package_identification:_identify(src/motpy_pifpaf) by extensions ['ros']
[0.220s] Level 1:colcon.colcon_core.package_identification:_identify(src/motpy_pifpaf) by extension 'ros'
[0.223s] DEBUG:colcon.colcon_core.package_identification:Package 'src/motpy_pifpaf' with type 'ros.ament_python' and name 'motpy_pifpaf'
[0.223s] Level 1:colcon.colcon_core.package_identification:_identify(src/motpy_pifpaf_msg) by extensions ['ignore', 'ignore_ament_install']
[0.223s] Level 1:colcon.colcon_core.package_identification:_identify(src/motpy_pifpaf_msg) by extension 'ignore'
[0.223s] Level 1:colcon.colcon_core.package_identification:_identify(src/motpy_pifpaf_msg) by extension 'ignore_ament_install'
[0.223s] Level 1:colcon.colcon_core.package_identification:_identify(src/motpy_pifpaf_msg) by extensions ['colcon_pkg']
[0.223s] Level 1:colcon.colcon_core.package_identification:_identify(src/motpy_pifpaf_msg) by extension 'colcon_pkg'
[0.223s] Level 1:colcon.colcon_core.package_identification:_identify(src/motpy_pifpaf_msg) by extensions ['colcon_meta']
[0.223s] Level 1:colcon.colcon_core.package_identification:_identify(src/motpy_pifpaf_msg) by extension 'colcon_meta'
[0.223s] Level 1:colcon.colcon_core.package_identification:_identify(src/motpy_pifpaf_msg) by extensions ['ros']
[0.223s] Level 1:colcon.colcon_core.package_identification:_identify(src/motpy_pifpaf_msg) by extension 'ros'
[0.224s] DEBUG:colcon.colcon_core.package_identification:Package 'src/motpy_pifpaf_msg' with type 'ros.ament_cmake' and name 'motpy_pifpaf_msg'
[0.224s] Level 1:colcon.colcon_core.package_discovery:discover_packages(recursive) using defaults
[0.224s] Level 1:colcon.colcon_core.package_discovery:discover_packages(ignore) discover
[0.224s] Level 1:colcon.colcon_core.package_discovery:discover_packages(ignore) using defaults
[0.224s] Level 1:colcon.colcon_core.package_discovery:discover_packages(path) discover
[0.224s] Level 1:colcon.colcon_core.package_discovery:discover_packages(path) using defaults
[0.249s] Level 5:colcon.colcon_core.verb:set package 'motpy_pifpaf' build argument 'cmake_args' from command line to 'None'
[0.249s] Level 5:colcon.colcon_core.verb:set package 'motpy_pifpaf' build argument 'cmake_target' from command line to 'None'
[0.249s] Level 5:colcon.colcon_core.verb:set package 'motpy_pifpaf' build argument 'cmake_target_skip_unavailable' from command line to 'False'
[0.249s] Level 5:colcon.colcon_core.verb:set package 'motpy_pifpaf' build argument 'cmake_clean_cache' from command line to 'False'
[0.249s] Level 5:colcon.colcon_core.verb:set package 'motpy_pifpaf' build argument 'cmake_clean_first' from command line to 'False'
[0.249s] Level 5:colcon.colcon_core.verb:set package 'motpy_pifpaf' build argument 'cmake_force_configure' from command line to 'False'
[0.249s] Level 5:colcon.colcon_core.verb:set package 'motpy_pifpaf' build argument 'ament_cmake_args' from command line to 'None'
[0.249s] Level 5:colcon.colcon_core.verb:set package 'motpy_pifpaf' build argument 'catkin_cmake_args' from command line to 'None'
[0.249s] Level 5:colcon.colcon_core.verb:set package 'motpy_pifpaf' build argument 'catkin_skip_building_tests' from command line to 'False'
[0.249s] DEBUG:colcon.colcon_core.verb:Building package 'motpy_pifpaf' with the following arguments: {'ament_cmake_args': None, 'build_base': '/root/motpy_pifpaf/build/motpy_pifpaf', 'catkin_cmake_args': None, 'catkin_skip_building_tests': False, 'cmake_args': None, 'cmake_clean_cache': False, 'cmake_clean_first': False, 'cmake_force_configure': False, 'cmake_target': None, 'cmake_target_skip_unavailable': False, 'install_base': '/root/motpy_pifpaf/install/motpy_pifpaf', 'merge_install': False, 'path': '/root/motpy_pifpaf/src/motpy_pifpaf', 'symlink_install': False, 'test_result_base': None}
[0.250s] Level 5:colcon.colcon_core.verb:set package 'motpy_pifpaf_msg' build argument 'cmake_args' from command line to 'None'
[0.250s] Level 5:colcon.colcon_core.verb:set package 'motpy_pifpaf_msg' build argument 'cmake_target' from command line to 'None'
[0.250s] Level 5:colcon.colcon_core.verb:set package 'motpy_pifpaf_msg' build argument 'cmake_target_skip_unavailable' from command line to 'False'
[0.250s] Level 5:colcon.colcon_core.verb:set package 'motpy_pifpaf_msg' build argument 'cmake_clean_cache' from command line to 'False'
[0.250s] Level 5:colcon.colcon_core.verb:set package 'motpy_pifpaf_msg' build argument 'cmake_clean_first' from command line to 'False'
[0.250s] Level 5:colcon.colcon_core.verb:set package 'motpy_pifpaf_msg' build argument 'cmake_force_configure' from command line to 'False'
[0.250s] Level 5:colcon.colcon_core.verb:set package 'motpy_pifpaf_msg' build argument 'ament_cmake_args' from command line to 'None'
[0.250s] Level 5:colcon.colcon_core.verb:set package 'motpy_pifpaf_msg' build argument 'catkin_cmake_args' from command line to 'None'
[0.250s] Level 5:colcon.colcon_core.verb:set package 'motpy_pifpaf_msg' build argument 'catkin_skip_building_tests' from command line to 'False'
[0.251s] DEBUG:colcon.colcon_core.verb:Building package 'motpy_pifpaf_msg' with the following arguments: {'ament_cmake_args': None, 'build_base': '/root/motpy_pifpaf/build/motpy_pifpaf_msg', 'catkin_cmake_args': None, 'catkin_skip_building_tests': False, 'cmake_args': None, 'cmake_clean_cache': False, 'cmake_clean_first': False, 'cmake_force_configure': False, 'cmake_target': None, 'cmake_target_skip_unavailable': False, 'install_base': '/root/motpy_pifpaf/install/motpy_pifpaf_msg', 'merge_install': False, 'path': '/root/motpy_pifpaf/src/motpy_pifpaf_msg', 'symlink_install': False, 'test_result_base': None}
[0.251s] INFO:colcon.colcon_core.executor:Executing jobs using 'parallel' executor
[0.254s] DEBUG:colcon.colcon_parallel_executor.executor.parallel:run_until_complete
[0.254s] INFO:colcon.colcon_ros.task.ament_python.build:Building ROS package in '/root/motpy_pifpaf/src/motpy_pifpaf' with build type 'ament_python'
[0.255s] Level 1:colcon.colcon_core.shell:create_environment_hook('motpy_pifpaf', 'ament_prefix_path')
[0.260s] INFO:colcon.colcon_core.plugin_system:Skipping extension 'colcon_core.shell.bat': Not used on non-Windows systems
[0.261s] INFO:colcon.colcon_core.shell:Creating environment hook '/root/motpy_pifpaf/install/motpy_pifpaf/share/motpy_pifpaf/hook/ament_prefix_path.ps1'
[0.261s] INFO:colcon.colcon_core.shell:Creating environment descriptor '/root/motpy_pifpaf/install/motpy_pifpaf/share/motpy_pifpaf/hook/ament_prefix_path.dsv'
[0.262s] INFO:colcon.colcon_core.shell:Creating environment hook '/root/motpy_pifpaf/install/motpy_pifpaf/share/motpy_pifpaf/hook/ament_prefix_path.sh'
[0.264s] INFO:colcon.colcon_core.shell:Skip shell extension 'powershell' for command environment: Not usable outside of PowerShell
[0.264s] DEBUG:colcon.colcon_core.shell:Skip shell extension 'dsv' for command environment
[0.272s] INFO:colcon.colcon_ros.task.ament_cmake.build:Building ROS package in '/root/motpy_pifpaf/src/motpy_pifpaf_msg' with build type 'ament_cmake'
[0.273s] INFO:colcon.colcon_cmake.task.cmake.build:Building CMake package in '/root/motpy_pifpaf/src/motpy_pifpaf_msg'
[0.274s] INFO:colcon.colcon_core.shell:Skip shell extension 'powershell' for command environment: Not usable outside of PowerShell
[0.274s] DEBUG:colcon.colcon_core.shell:Skip shell extension 'dsv' for command environment
[0.468s] INFO:colcon.colcon_core.task.python.build:Building Python package in '/root/motpy_pifpaf/src/motpy_pifpaf'
[0.470s] INFO:colcon.colcon_core.shell:Skip shell extension 'powershell' for command environment: Not usable outside of PowerShell
[0.470s] DEBUG:colcon.colcon_core.shell:Skip shell extension 'dsv' for command environment
[0.479s] DEBUG:colcon.colcon_core.event_handler.log_command:Invoking command in '/root/motpy_pifpaf/build/motpy_pifpaf_msg': CMAKE_PREFIX_PATH=/opt/ros/foxy _=/usr/bin/env /usr/bin/cmake --build /root/motpy_pifpaf/build/motpy_pifpaf_msg -- -j12 -l12
[0.918s] DEBUG:colcon.colcon_core.event_handler.log_command:Invoking command in '/root/motpy_pifpaf/src/motpy_pifpaf': PYTHONPATH=/root/motpy_pifpaf/install/motpy_pifpaf/lib/python3.8/site-packages:${PYTHONPATH} _=/usr/bin/env /usr/bin/python3 setup.py egg_info --egg-base ../../build/motpy_pifpaf build --build-base /root/motpy_pifpaf/build/motpy_pifpaf/build install --prefix /root/motpy_pifpaf/install/motpy_pifpaf --record /root/motpy_pifpaf/build/motpy_pifpaf/install.log --single-version-externally-managed
[1.157s] DEBUG:colcon.colcon_core.event_handler.log_command:Invoked command in '/root/motpy_pifpaf/src/motpy_pifpaf' returned '0': PYTHONPATH=/root/motpy_pifpaf/install/motpy_pifpaf/lib/python3.8/site-packages:${PYTHONPATH} _=/usr/bin/env /usr/bin/python3 setup.py egg_info --egg-base ../../build/motpy_pifpaf build --build-base /root/motpy_pifpaf/build/motpy_pifpaf/build install --prefix /root/motpy_pifpaf/install/motpy_pifpaf --record /root/motpy_pifpaf/build/motpy_pifpaf/install.log --single-version-externally-managed
[1.164s] Level 1:colcon.colcon_core.environment:checking '/root/motpy_pifpaf/install/motpy_pifpaf' for CMake module files
[1.164s] Level 1:colcon.colcon_core.environment:checking '/root/motpy_pifpaf/install/motpy_pifpaf' for CMake config files
[1.165s] Level 1:colcon.colcon_core.environment:checking '/root/motpy_pifpaf/install/motpy_pifpaf/lib'
[1.165s] Level 1:colcon.colcon_core.environment:checking '/root/motpy_pifpaf/install/motpy_pifpaf/bin'
[1.165s] Level 1:colcon.colcon_core.environment:checking '/root/motpy_pifpaf/install/motpy_pifpaf/lib/pkgconfig/motpy_pifpaf.pc'
[1.166s] Level 1:colcon.colcon_core.environment:checking '/root/motpy_pifpaf/install/motpy_pifpaf/lib/python3.8/site-packages'
[1.166s] Level 1:colcon.colcon_core.shell:create_environment_hook('motpy_pifpaf', 'pythonpath')
[1.167s] INFO:colcon.colcon_core.shell:Creating environment hook '/root/motpy_pifpaf/install/motpy_pifpaf/share/motpy_pifpaf/hook/pythonpath.ps1'
[1.167s] INFO:colcon.colcon_core.shell:Creating environment descriptor '/root/motpy_pifpaf/install/motpy_pifpaf/share/motpy_pifpaf/hook/pythonpath.dsv'
[1.167s] INFO:colcon.colcon_core.shell:Creating environment hook '/root/motpy_pifpaf/install/motpy_pifpaf/share/motpy_pifpaf/hook/pythonpath.sh'
[1.168s] Level 1:colcon.colcon_core.environment:checking '/root/motpy_pifpaf/install/motpy_pifpaf/bin'
[1.168s] Level 1:colcon.colcon_core.environment:create_environment_scripts_only(motpy_pifpaf)
[1.169s] INFO:colcon.colcon_core.shell:Creating package script '/root/motpy_pifpaf/install/motpy_pifpaf/share/motpy_pifpaf/package.ps1'
[1.170s] INFO:colcon.colcon_core.shell:Creating package descriptor '/root/motpy_pifpaf/install/motpy_pifpaf/share/motpy_pifpaf/package.dsv'
[1.171s] INFO:colcon.colcon_core.shell:Creating package script '/root/motpy_pifpaf/install/motpy_pifpaf/share/motpy_pifpaf/package.sh'
[1.172s] INFO:colcon.colcon_core.shell:Creating package script '/root/motpy_pifpaf/install/motpy_pifpaf/share/motpy_pifpaf/package.bash'
[1.173s] INFO:colcon.colcon_core.shell:Creating package script '/root/motpy_pifpaf/install/motpy_pifpaf/share/motpy_pifpaf/package.zsh'
[1.174s] Level 1:colcon.colcon_core.environment:create_file_with_runtime_dependencies(/root/motpy_pifpaf/install/motpy_pifpaf/share/colcon-core/packages/motpy_pifpaf)
[3.755s] DEBUG:colcon.colcon_core.event_handler.log_command:Invoked command in '/root/motpy_pifpaf/build/motpy_pifpaf_msg' returned '0': CMAKE_PREFIX_PATH=/opt/ros/foxy _=/usr/bin/env /usr/bin/cmake --build /root/motpy_pifpaf/build/motpy_pifpaf_msg -- -j12 -l12
[3.877s] DEBUG:colcon.colcon_core.event_handler.log_command:Invoking command in '/root/motpy_pifpaf/build/motpy_pifpaf_msg': CMAKE_PREFIX_PATH=/opt/ros/foxy _=/usr/bin/env /usr/bin/cmake --install /root/motpy_pifpaf/build/motpy_pifpaf_msg
[3.932s] Level 1:colcon.colcon_core.environment:create_environment_scripts_only(motpy_pifpaf_msg)
[3.935s] Level 1:colcon.colcon_core.environment:checking '/root/motpy_pifpaf/install/motpy_pifpaf_msg' for CMake module files
[3.936s] DEBUG:colcon.colcon_core.event_handler.log_command:Invoked command in '/root/motpy_pifpaf/build/motpy_pifpaf_msg' returned '0': CMAKE_PREFIX_PATH=/opt/ros/foxy _=/usr/bin/env /usr/bin/cmake --install /root/motpy_pifpaf/build/motpy_pifpaf_msg
[3.936s] Level 1:colcon.colcon_core.environment:checking '/root/motpy_pifpaf/install/motpy_pifpaf_msg' for CMake config files
[3.936s] Level 1:colcon.colcon_core.shell:create_environment_hook('motpy_pifpaf_msg', 'cmake_prefix_path')
[3.937s] INFO:colcon.colcon_core.shell:Creating environment hook '/root/motpy_pifpaf/install/motpy_pifpaf_msg/share/motpy_pifpaf_msg/hook/cmake_prefix_path.ps1'
[3.938s] INFO:colcon.colcon_core.shell:Creating environment descriptor '/root/motpy_pifpaf/install/motpy_pifpaf_msg/share/motpy_pifpaf_msg/hook/cmake_prefix_path.dsv'
[3.938s] INFO:colcon.colcon_core.shell:Creating environment hook '/root/motpy_pifpaf/install/motpy_pifpaf_msg/share/motpy_pifpaf_msg/hook/cmake_prefix_path.sh'
[3.938s] Level 1:colcon.colcon_core.environment:checking '/root/motpy_pifpaf/install/motpy_pifpaf_msg/lib'
[3.939s] Level 1:colcon.colcon_core.shell:create_environment_hook('motpy_pifpaf_msg', 'ld_library_path_lib')
[3.940s] INFO:colcon.colcon_core.shell:Creating environment hook '/root/motpy_pifpaf/install/motpy_pifpaf_msg/share/motpy_pifpaf_msg/hook/ld_library_path_lib.ps1'
[3.940s] INFO:colcon.colcon_core.shell:Creating environment descriptor '/root/motpy_pifpaf/install/motpy_pifpaf_msg/share/motpy_pifpaf_msg/hook/ld_library_path_lib.dsv'
[3.940s] INFO:colcon.colcon_core.shell:Creating environment hook '/root/motpy_pifpaf/install/motpy_pifpaf_msg/share/motpy_pifpaf_msg/hook/ld_library_path_lib.sh'
[3.940s] Level 1:colcon.colcon_core.environment:checking '/root/motpy_pifpaf/install/motpy_pifpaf_msg/bin'
[3.941s] Level 1:colcon.colcon_core.environment:checking '/root/motpy_pifpaf/install/motpy_pifpaf_msg/lib/pkgconfig/motpy_pifpaf_msg.pc'
[3.941s] Level 1:colcon.colcon_core.environment:checking '/root/motpy_pifpaf/install/motpy_pifpaf_msg/lib/python3.8/site-packages'
[3.941s] Level 1:colcon.colcon_core.shell:create_environment_hook('motpy_pifpaf_msg', 'pythonpath')
[3.942s] INFO:colcon.colcon_core.shell:Creating environment hook '/root/motpy_pifpaf/install/motpy_pifpaf_msg/share/motpy_pifpaf_msg/hook/pythonpath.ps1'
[3.942s] INFO:colcon.colcon_core.shell:Creating environment descriptor '/root/motpy_pifpaf/install/motpy_pifpaf_msg/share/motpy_pifpaf_msg/hook/pythonpath.dsv'
[3.942s] INFO:colcon.colcon_core.shell:Creating environment hook '/root/motpy_pifpaf/install/motpy_pifpaf_msg/share/motpy_pifpaf_msg/hook/pythonpath.sh'
[3.943s] Level 1:colcon.colcon_core.environment:checking '/root/motpy_pifpaf/install/motpy_pifpaf_msg/bin'
[3.944s] INFO:colcon.colcon_core.shell:Creating package script '/root/motpy_pifpaf/install/motpy_pifpaf_msg/share/motpy_pifpaf_msg/package.ps1'
[3.944s] INFO:colcon.colcon_core.shell:Creating package descriptor '/root/motpy_pifpaf/install/motpy_pifpaf_msg/share/motpy_pifpaf_msg/package.dsv'
[3.945s] INFO:colcon.colcon_core.shell:Creating package script '/root/motpy_pifpaf/install/motpy_pifpaf_msg/share/motpy_pifpaf_msg/package.sh'
[3.945s] INFO:colcon.colcon_core.shell:Creating package script '/root/motpy_pifpaf/install/motpy_pifpaf_msg/share/motpy_pifpaf_msg/package.bash'
[3.945s] INFO:colcon.colcon_core.shell:Creating package script '/root/motpy_pifpaf/install/motpy_pifpaf_msg/share/motpy_pifpaf_msg/package.zsh'
[3.946s] Level 1:colcon.colcon_core.environment:create_file_with_runtime_dependencies(/root/motpy_pifpaf/install/motpy_pifpaf_msg/share/colcon-core/packages/motpy_pifpaf_msg)
[4.060s] Level 1:colcon.colcon_core.environment:create_environment_scripts_only(motpy_pifpaf_msg)
[4.063s] Level 1:colcon.colcon_core.environment:checking '/root/motpy_pifpaf/install/motpy_pifpaf_msg' for CMake module files
[4.064s] Level 1:colcon.colcon_core.environment:checking '/root/motpy_pifpaf/install/motpy_pifpaf_msg' for CMake config files
[4.064s] Level 1:colcon.colcon_core.shell:create_environment_hook('motpy_pifpaf_msg', 'cmake_prefix_path')
[4.066s] INFO:colcon.colcon_core.shell:Creating environment hook '/root/motpy_pifpaf/install/motpy_pifpaf_msg/share/motpy_pifpaf_msg/hook/cmake_prefix_path.ps1'
[4.067s] INFO:colcon.colcon_core.shell:Creating environment descriptor '/root/motpy_pifpaf/install/motpy_pifpaf_msg/share/motpy_pifpaf_msg/hook/cmake_prefix_path.dsv'
[4.067s] INFO:colcon.colcon_core.shell:Creating environment hook '/root/motpy_pifpaf/install/motpy_pifpaf_msg/share/motpy_pifpaf_msg/hook/cmake_prefix_path.sh'
[4.067s] Level 1:colcon.colcon_core.environment:checking '/root/motpy_pifpaf/install/motpy_pifpaf_msg/lib'
[4.067s] Level 1:colcon.colcon_core.shell:create_environment_hook('motpy_pifpaf_msg', 'ld_library_path_lib')
[4.069s] INFO:colcon.colcon_core.shell:Creating environment hook '/root/motpy_pifpaf/install/motpy_pifpaf_msg/share/motpy_pifpaf_msg/hook/ld_library_path_lib.ps1'
[4.069s] INFO:colcon.colcon_core.shell:Creating environment descriptor '/root/motpy_pifpaf/install/motpy_pifpaf_msg/share/motpy_pifpaf_msg/hook/ld_library_path_lib.dsv'
[4.069s] INFO:colcon.colcon_core.shell:Creating environment hook '/root/motpy_pifpaf/install/motpy_pifpaf_msg/share/motpy_pifpaf_msg/hook/ld_library_path_lib.sh'
[4.069s] Level 1:colcon.colcon_core.environment:checking '/root/motpy_pifpaf/install/motpy_pifpaf_msg/bin'
[4.069s] Level 1:colcon.colcon_core.environment:checking '/root/motpy_pifpaf/install/motpy_pifpaf_msg/lib/pkgconfig/motpy_pifpaf_msg.pc'
[4.070s] Level 1:colcon.colcon_core.environment:checking '/root/motpy_pifpaf/install/motpy_pifpaf_msg/lib/python3.8/site-packages'
[4.070s] Level 1:colcon.colcon_core.shell:create_environment_hook('motpy_pifpaf_msg', 'pythonpath')
[4.072s] INFO:colcon.colcon_core.shell:Creating environment hook '/root/motpy_pifpaf/install/motpy_pifpaf_msg/share/motpy_pifpaf_msg/hook/pythonpath.ps1'
[4.073s] INFO:colcon.colcon_core.shell:Creating environment descriptor '/root/motpy_pifpaf/install/motpy_pifpaf_msg/share/motpy_pifpaf_msg/hook/pythonpath.dsv'
[4.073s] INFO:colcon.colcon_core.shell:Creating environment hook '/root/motpy_pifpaf/install/motpy_pifpaf_msg/share/motpy_pifpaf_msg/hook/pythonpath.sh'
[4.074s] Level 1:colcon.colcon_core.environment:checking '/root/motpy_pifpaf/install/motpy_pifpaf_msg/bin'
[4.076s] INFO:colcon.colcon_core.shell:Creating package script '/root/motpy_pifpaf/install/motpy_pifpaf_msg/share/motpy_pifpaf_msg/package.ps1'
[4.077s] INFO:colcon.colcon_core.shell:Creating package descriptor '/root/motpy_pifpaf/install/motpy_pifpaf_msg/share/motpy_pifpaf_msg/package.dsv'
[4.077s] INFO:colcon.colcon_core.shell:Creating package script '/root/motpy_pifpaf/install/motpy_pifpaf_msg/share/motpy_pifpaf_msg/package.sh'
[4.078s] INFO:colcon.colcon_core.shell:Creating package script '/root/motpy_pifpaf/install/motpy_pifpaf_msg/share/motpy_pifpaf_msg/package.bash'
[4.078s] INFO:colcon.colcon_core.shell:Creating package script '/root/motpy_pifpaf/install/motpy_pifpaf_msg/share/motpy_pifpaf_msg/package.zsh'
[4.079s] Level 1:colcon.colcon_core.environment:create_file_with_runtime_dependencies(/root/motpy_pifpaf/install/motpy_pifpaf_msg/share/colcon-core/packages/motpy_pifpaf_msg)
[4.079s] DEBUG:colcon.colcon_parallel_executor.executor.parallel:closing loop
[4.080s] DEBUG:colcon.colcon_parallel_executor.executor.parallel:loop closed
[4.080s] DEBUG:colcon.colcon_parallel_executor.executor.parallel:run_until_complete finished with '0'
[4.080s] DEBUG:colcon.colcon_core.event_reactor:joining thread
[4.087s] INFO:colcon.colcon_core.plugin_system:Skipping extension 'colcon_notification.desktop_notification.notify_send': Could not find 'notify-send'
[4.087s] INFO:colcon.colcon_core.plugin_system:Skipping extension 'colcon_notification.desktop_notification.terminal_notifier': Not used on non-Darwin systems
[4.087s] INFO:colcon.colcon_core.plugin_system:Skipping extension 'colcon_notification.desktop_notification.win32': Not used on non-Windows systems
[4.087s] INFO:colcon.colcon_notification.desktop_notification:Sending desktop notification using 'notify2'
[4.092s] DEBUG:colcon.colcon_notification.desktop_notification.notify2:Failed to initialize notify2: org.freedesktop.DBus.Error.ServiceUnknown: The name org.freedesktop.Notifications was not provided by any .service files
[4.092s] DEBUG:colcon.colcon_core.event_reactor:joined thread
[4.094s] INFO:colcon.colcon_core.shell:Creating prefix script '/root/motpy_pifpaf/install/local_setup.ps1'
[4.095s] INFO:colcon.colcon_core.shell:Creating prefix util module '/root/motpy_pifpaf/install/_local_setup_util_ps1.py'
[4.097s] INFO:colcon.colcon_core.shell:Creating prefix chain script '/root/motpy_pifpaf/install/setup.ps1'
[4.098s] INFO:colcon.colcon_core.shell:Creating prefix script '/root/motpy_pifpaf/install/local_setup.sh'
[4.099s] INFO:colcon.colcon_core.shell:Creating prefix util module '/root/motpy_pifpaf/install/_local_setup_util_sh.py'
[4.099s] INFO:colcon.colcon_core.shell:Creating prefix chain script '/root/motpy_pifpaf/install/setup.sh'
[4.101s] INFO:colcon.colcon_core.shell:Creating prefix script '/root/motpy_pifpaf/install/local_setup.bash'
[4.101s] INFO:colcon.colcon_core.shell:Creating prefix chain script '/root/motpy_pifpaf/install/setup.bash'
[4.103s] INFO:colcon.colcon_core.shell:Creating prefix script '/root/motpy_pifpaf/install/local_setup.zsh'
[4.104s] INFO:colcon.colcon_core.shell:Creating prefix chain script '/root/motpy_pifpaf/install/setup.zsh'
