[0.218s] DEBUG:colcon:Command line arguments: ['/usr/bin/colcon', 'build']
[0.218s] DEBUG:colcon:Parsed command line arguments: Namespace(ament_cmake_args=None, base_paths=['.'], build_base='build', catkin_cmake_args=None, catkin_skip_building_tests=False, cmake_args=None, cmake_clean_cache=False, cmake_clean_first=False, cmake_force_configure=False, cmake_target=None, cmake_target_skip_unavailable=False, continue_on_error=False, event_handlers=None, executor='parallel', ignore_user_meta=False, install_base='install', log_base=None, log_level=None, main=<bound method BuildVerb.main of <colcon_core.verb.build.BuildVerb object at 0x7f37351151c0>>, merge_install=False, metas=['./colcon.meta'], packages_above=None, packages_above_and_dependencies=None, packages_above_depth=None, packages_end=None, packages_ignore=None, packages_ignore_regex=None, packages_select=None, packages_select_build_failed=False, packages_select_by_dep=None, packages_select_regex=None, packages_select_test_failures=False, packages_skip=None, packages_skip_build_finished=False, packages_skip_by_dep=None, packages_skip_regex=None, packages_skip_test_passed=False, packages_skip_up_to=None, packages_start=None, packages_up_to=None, packages_up_to_regex=None, parallel_workers=12, paths=None, symlink_install=False, test_result_base=None, verb_extension=<colcon_core.verb.build.BuildVerb object at 0x7f37351151c0>, verb_name='build', verb_parser=<colcon_defaults.argument_parser.defaults.DefaultArgumentsDecorator object at 0x7f3735115700>)
[0.268s] Level 1:colcon.colcon_core.package_discovery:discover_packages(colcon_meta) check parameters
[0.268s] Level 1:colcon.colcon_core.package_discovery:discover_packages(recursive) check parameters
[0.268s] Level 1:colcon.colcon_core.package_discovery:discover_packages(ignore) check parameters
[0.268s] Level 1:colcon.colcon_core.package_discovery:discover_packages(path) check parameters
[0.269s] Level 1:colcon.colcon_core.package_discovery:discover_packages(colcon_meta) discover
[0.269s] Level 1:colcon.colcon_core.package_discovery:discover_packages(recursive) discover
[0.269s] INFO:colcon.colcon_core.package_discovery:Crawling recursively for packages in '/root/motpy_pifpaf'
[0.269s] Level 1:colcon.colcon_core.package_identification:_identify(.) by extensions ['ignore', 'ignore_ament_install']
[0.269s] Level 1:colcon.colcon_core.package_identification:_identify(.) by extension 'ignore'
[0.270s] Level 1:colcon.colcon_core.package_identification:_identify(.) by extension 'ignore_ament_install'
[0.270s] Level 1:colcon.colcon_core.package_identification:_identify(.) by extensions ['colcon_pkg']
[0.270s] Level 1:colcon.colcon_core.package_identification:_identify(.) by extension 'colcon_pkg'
[0.270s] Level 1:colcon.colcon_core.package_identification:_identify(.) by extensions ['colcon_meta']
[0.270s] Level 1:colcon.colcon_core.package_identification:_identify(.) by extension 'colcon_meta'
[0.270s] Level 1:colcon.colcon_core.package_identification:_identify(.) by extensions ['ros']
[0.270s] Level 1:colcon.colcon_core.package_identification:_identify(.) by extension 'ros'
[0.295s] Level 1:colcon.colcon_core.package_identification:_identify(.) by extensions ['cmake', 'python']
[0.296s] Level 1:colcon.colcon_core.package_identification:_identify(.) by extension 'cmake'
[0.296s] Level 1:colcon.colcon_core.package_identification:_identify(.) by extension 'python'
[0.296s] Level 1:colcon.colcon_core.package_identification:_identify(.) by extensions ['python_setup_py']
[0.296s] Level 1:colcon.colcon_core.package_identification:_identify(.) by extension 'python_setup_py'
[0.296s] Level 1:colcon.colcon_core.package_identification:_identify(build) by extensions ['ignore', 'ignore_ament_install']
[0.296s] Level 1:colcon.colcon_core.package_identification:_identify(build) by extension 'ignore'
[0.297s] Level 1:colcon.colcon_core.package_identification:_identify(build) ignored
[0.297s] Level 1:colcon.colcon_core.package_identification:_identify(install) by extensions ['ignore', 'ignore_ament_install']
[0.297s] Level 1:colcon.colcon_core.package_identification:_identify(install) by extension 'ignore'
[0.297s] Level 1:colcon.colcon_core.package_identification:_identify(install) ignored
[0.297s] Level 1:colcon.colcon_core.package_identification:_identify(log) by extensions ['ignore', 'ignore_ament_install']
[0.298s] Level 1:colcon.colcon_core.package_identification:_identify(log) by extension 'ignore'
[0.298s] Level 1:colcon.colcon_core.package_identification:_identify(log) ignored
[0.298s] Level 1:colcon.colcon_core.package_identification:_identify(src) by extensions ['ignore', 'ignore_ament_install']
[0.298s] Level 1:colcon.colcon_core.package_identification:_identify(src) by extension 'ignore'
[0.298s] Level 1:colcon.colcon_core.package_identification:_identify(src) by extension 'ignore_ament_install'
[0.298s] Level 1:colcon.colcon_core.package_identification:_identify(src) by extensions ['colcon_pkg']
[0.298s] Level 1:colcon.colcon_core.package_identification:_identify(src) by extension 'colcon_pkg'
[0.299s] Level 1:colcon.colcon_core.package_identification:_identify(src) by extensions ['colcon_meta']
[0.299s] Level 1:colcon.colcon_core.package_identification:_identify(src) by extension 'colcon_meta'
[0.299s] Level 1:colcon.colcon_core.package_identification:_identify(src) by extensions ['ros']
[0.299s] Level 1:colcon.colcon_core.package_identification:_identify(src) by extension 'ros'
[0.299s] Level 1:colcon.colcon_core.package_identification:_identify(src) by extensions ['cmake', 'python']
[0.299s] Level 1:colcon.colcon_core.package_identification:_identify(src) by extension 'cmake'
[0.299s] Level 1:colcon.colcon_core.package_identification:_identify(src) by extension 'python'
[0.299s] Level 1:colcon.colcon_core.package_identification:_identify(src) by extensions ['python_setup_py']
[0.299s] Level 1:colcon.colcon_core.package_identification:_identify(src) by extension 'python_setup_py'
[0.300s] Level 1:colcon.colcon_core.package_identification:_identify(src/motpy_pifpaf) by extensions ['ignore', 'ignore_ament_install']
[0.300s] Level 1:colcon.colcon_core.package_identification:_identify(src/motpy_pifpaf) by extension 'ignore'
[0.300s] Level 1:colcon.colcon_core.package_identification:_identify(src/motpy_pifpaf) by extension 'ignore_ament_install'
[0.300s] Level 1:colcon.colcon_core.package_identification:_identify(src/motpy_pifpaf) by extensions ['colcon_pkg']
[0.300s] Level 1:colcon.colcon_core.package_identification:_identify(src/motpy_pifpaf) by extension 'colcon_pkg'
[0.300s] Level 1:colcon.colcon_core.package_identification:_identify(src/motpy_pifpaf) by extensions ['colcon_meta']
[0.301s] Level 1:colcon.colcon_core.package_identification:_identify(src/motpy_pifpaf) by extension 'colcon_meta'
[0.301s] Level 1:colcon.colcon_core.package_identification:_identify(src/motpy_pifpaf) by extensions ['ros']
[0.301s] Level 1:colcon.colcon_core.package_identification:_identify(src/motpy_pifpaf) by extension 'ros'
[0.306s] DEBUG:colcon.colcon_core.package_identification:Package 'src/motpy_pifpaf' with type 'ros.ament_python' and name 'motpy_pifpaf'
[0.306s] Level 1:colcon.colcon_core.package_identification:_identify(src/motpy_pifpaf_msg) by extensions ['ignore', 'ignore_ament_install']
[0.306s] Level 1:colcon.colcon_core.package_identification:_identify(src/motpy_pifpaf_msg) by extension 'ignore'
[0.307s] Level 1:colcon.colcon_core.package_identification:_identify(src/motpy_pifpaf_msg) by extension 'ignore_ament_install'
[0.307s] Level 1:colcon.colcon_core.package_identification:_identify(src/motpy_pifpaf_msg) by extensions ['colcon_pkg']
[0.307s] Level 1:colcon.colcon_core.package_identification:_identify(src/motpy_pifpaf_msg) by extension 'colcon_pkg'
[0.307s] Level 1:colcon.colcon_core.package_identification:_identify(src/motpy_pifpaf_msg) by extensions ['colcon_meta']
[0.307s] Level 1:colcon.colcon_core.package_identification:_identify(src/motpy_pifpaf_msg) by extension 'colcon_meta'
[0.307s] Level 1:colcon.colcon_core.package_identification:_identify(src/motpy_pifpaf_msg) by extensions ['ros']
[0.307s] Level 1:colcon.colcon_core.package_identification:_identify(src/motpy_pifpaf_msg) by extension 'ros'
[0.310s] DEBUG:colcon.colcon_core.package_identification:Package 'src/motpy_pifpaf_msg' with type 'ros.ament_cmake' and name 'motpy_pifpaf_msg'
[0.310s] Level 1:colcon.colcon_core.package_discovery:discover_packages(recursive) using defaults
[0.310s] Level 1:colcon.colcon_core.package_discovery:discover_packages(ignore) discover
[0.310s] Level 1:colcon.colcon_core.package_discovery:discover_packages(ignore) using defaults
[0.310s] Level 1:colcon.colcon_core.package_discovery:discover_packages(path) discover
[0.310s] Level 1:colcon.colcon_core.package_discovery:discover_packages(path) using defaults
[0.375s] Level 5:colcon.colcon_core.verb:set package 'motpy_pifpaf' build argument 'cmake_args' from command line to 'None'
[0.376s] Level 5:colcon.colcon_core.verb:set package 'motpy_pifpaf' build argument 'cmake_target' from command line to 'None'
[0.376s] Level 5:colcon.colcon_core.verb:set package 'motpy_pifpaf' build argument 'cmake_target_skip_unavailable' from command line to 'False'
[0.376s] Level 5:colcon.colcon_core.verb:set package 'motpy_pifpaf' build argument 'cmake_clean_cache' from command line to 'False'
[0.376s] Level 5:colcon.colcon_core.verb:set package 'motpy_pifpaf' build argument 'cmake_clean_first' from command line to 'False'
[0.376s] Level 5:colcon.colcon_core.verb:set package 'motpy_pifpaf' build argument 'cmake_force_configure' from command line to 'False'
[0.376s] Level 5:colcon.colcon_core.verb:set package 'motpy_pifpaf' build argument 'ament_cmake_args' from command line to 'None'
[0.376s] Level 5:colcon.colcon_core.verb:set package 'motpy_pifpaf' build argument 'catkin_cmake_args' from command line to 'None'
[0.376s] Level 5:colcon.colcon_core.verb:set package 'motpy_pifpaf' build argument 'catkin_skip_building_tests' from command line to 'False'
[0.376s] DEBUG:colcon.colcon_core.verb:Building package 'motpy_pifpaf' with the following arguments: {'ament_cmake_args': None, 'build_base': '/root/motpy_pifpaf/build/motpy_pifpaf', 'catkin_cmake_args': None, 'catkin_skip_building_tests': False, 'cmake_args': None, 'cmake_clean_cache': False, 'cmake_clean_first': False, 'cmake_force_configure': False, 'cmake_target': None, 'cmake_target_skip_unavailable': False, 'install_base': '/root/motpy_pifpaf/install/motpy_pifpaf', 'merge_install': False, 'path': '/root/motpy_pifpaf/src/motpy_pifpaf', 'symlink_install': False, 'test_result_base': None}
[0.379s] Level 5:colcon.colcon_core.verb:set package 'motpy_pifpaf_msg' build argument 'cmake_args' from command line to 'None'
[0.379s] Level 5:colcon.colcon_core.verb:set package 'motpy_pifpaf_msg' build argument 'cmake_target' from command line to 'None'
[0.379s] Level 5:colcon.colcon_core.verb:set package 'motpy_pifpaf_msg' build argument 'cmake_target_skip_unavailable' from command line to 'False'
[0.380s] Level 5:colcon.colcon_core.verb:set package 'motpy_pifpaf_msg' build argument 'cmake_clean_cache' from command line to 'False'
[0.380s] Level 5:colcon.colcon_core.verb:set package 'motpy_pifpaf_msg' build argument 'cmake_clean_first' from command line to 'False'
[0.380s] Level 5:colcon.colcon_core.verb:set package 'motpy_pifpaf_msg' build argument 'cmake_force_configure' from command line to 'False'
[0.380s] Level 5:colcon.colcon_core.verb:set package 'motpy_pifpaf_msg' build argument 'ament_cmake_args' from command line to 'None'
[0.380s] Level 5:colcon.colcon_core.verb:set package 'motpy_pifpaf_msg' build argument 'catkin_cmake_args' from command line to 'None'
[0.380s] Level 5:colcon.colcon_core.verb:set package 'motpy_pifpaf_msg' build argument 'catkin_skip_building_tests' from command line to 'False'
[0.380s] DEBUG:colcon.colcon_core.verb:Building package 'motpy_pifpaf_msg' with the following arguments: {'ament_cmake_args': None, 'build_base': '/root/motpy_pifpaf/build/motpy_pifpaf_msg', 'catkin_cmake_args': None, 'catkin_skip_building_tests': False, 'cmake_args': None, 'cmake_clean_cache': False, 'cmake_clean_first': False, 'cmake_force_configure': False, 'cmake_target': None, 'cmake_target_skip_unavailable': False, 'install_base': '/root/motpy_pifpaf/install/motpy_pifpaf_msg', 'merge_install': False, 'path': '/root/motpy_pifpaf/src/motpy_pifpaf_msg', 'symlink_install': False, 'test_result_base': None}
[0.382s] INFO:colcon.colcon_core.executor:Executing jobs using 'parallel' executor
[0.393s] DEBUG:colcon.colcon_parallel_executor.executor.parallel:run_until_complete
[0.394s] INFO:colcon.colcon_ros.task.ament_python.build:Building ROS package in '/root/motpy_pifpaf/src/motpy_pifpaf' with build type 'ament_python'
[0.394s] Level 1:colcon.colcon_core.shell:create_environment_hook('motpy_pifpaf', 'ament_prefix_path')
[0.403s] INFO:colcon.colcon_core.plugin_system:Skipping extension 'colcon_core.shell.bat': Not used on non-Windows systems
[0.404s] INFO:colcon.colcon_core.shell:Creating environment hook '/root/motpy_pifpaf/install/motpy_pifpaf/share/motpy_pifpaf/hook/ament_prefix_path.ps1'
[0.406s] INFO:colcon.colcon_core.shell:Creating environment descriptor '/root/motpy_pifpaf/install/motpy_pifpaf/share/motpy_pifpaf/hook/ament_prefix_path.dsv'
[0.407s] INFO:colcon.colcon_core.shell:Creating environment hook '/root/motpy_pifpaf/install/motpy_pifpaf/share/motpy_pifpaf/hook/ament_prefix_path.sh'
[0.412s] INFO:colcon.colcon_core.shell:Skip shell extension 'powershell' for command environment: Not usable outside of PowerShell
[0.413s] DEBUG:colcon.colcon_core.shell:Skip shell extension 'dsv' for command environment
[0.446s] INFO:colcon.colcon_ros.task.ament_cmake.build:Building ROS package in '/root/motpy_pifpaf/src/motpy_pifpaf_msg' with build type 'ament_cmake'
[0.447s] INFO:colcon.colcon_cmake.task.cmake.build:Building CMake package in '/root/motpy_pifpaf/src/motpy_pifpaf_msg'
[0.452s] INFO:colcon.colcon_core.shell:Skip shell extension 'powershell' for command environment: Not usable outside of PowerShell
[0.452s] DEBUG:colcon.colcon_core.shell:Skip shell extension 'dsv' for command environment
[1.326s] INFO:colcon.colcon_core.task.python.build:Building Python package in '/root/motpy_pifpaf/src/motpy_pifpaf'
[1.331s] INFO:colcon.colcon_core.shell:Skip shell extension 'powershell' for command environment: Not usable outside of PowerShell
[1.331s] DEBUG:colcon.colcon_core.shell:Skip shell extension 'dsv' for command environment
[1.360s] DEBUG:colcon.colcon_core.event_handler.log_command:Invoking command in '/root/motpy_pifpaf/build/motpy_pifpaf_msg': CMAKE_PREFIX_PATH=/opt/ros/foxy _=/usr/bin/env /usr/bin/cmake /root/motpy_pifpaf/src/motpy_pifpaf_msg -DCMAKE_INSTALL_PREFIX=/root/motpy_pifpaf/install/motpy_pifpaf_msg
[2.615s] DEBUG:colcon.colcon_core.event_handler.log_command:Invoking command in '/root/motpy_pifpaf/src/motpy_pifpaf': PYTHONPATH=/root/motpy_pifpaf/install/motpy_pifpaf/lib/python3.8/site-packages:${PYTHONPATH} _=/usr/bin/env /usr/bin/python3 setup.py egg_info --egg-base ../../build/motpy_pifpaf build --build-base /root/motpy_pifpaf/build/motpy_pifpaf/build install --prefix /root/motpy_pifpaf/install/motpy_pifpaf --record /root/motpy_pifpaf/build/motpy_pifpaf/install.log --single-version-externally-managed
[3.752s] DEBUG:colcon.colcon_core.event_handler.log_command:Invoked command in '/root/motpy_pifpaf/src/motpy_pifpaf' returned '0': PYTHONPATH=/root/motpy_pifpaf/install/motpy_pifpaf/lib/python3.8/site-packages:${PYTHONPATH} _=/usr/bin/env /usr/bin/python3 setup.py egg_info --egg-base ../../build/motpy_pifpaf build --build-base /root/motpy_pifpaf/build/motpy_pifpaf/build install --prefix /root/motpy_pifpaf/install/motpy_pifpaf --record /root/motpy_pifpaf/build/motpy_pifpaf/install.log --single-version-externally-managed
[3.755s] Level 1:colcon.colcon_core.environment:checking '/root/motpy_pifpaf/install/motpy_pifpaf' for CMake module files
[3.756s] Level 1:colcon.colcon_core.environment:checking '/root/motpy_pifpaf/install/motpy_pifpaf' for CMake config files
[3.758s] Level 1:colcon.colcon_core.environment:checking '/root/motpy_pifpaf/install/motpy_pifpaf/lib'
[3.758s] Level 1:colcon.colcon_core.environment:checking '/root/motpy_pifpaf/install/motpy_pifpaf/bin'
[3.759s] Level 1:colcon.colcon_core.environment:checking '/root/motpy_pifpaf/install/motpy_pifpaf/lib/pkgconfig/motpy_pifpaf.pc'
[3.759s] Level 1:colcon.colcon_core.environment:checking '/root/motpy_pifpaf/install/motpy_pifpaf/lib/python3.8/site-packages'
[3.759s] Level 1:colcon.colcon_core.shell:create_environment_hook('motpy_pifpaf', 'pythonpath')
[3.764s] INFO:colcon.colcon_core.shell:Creating environment hook '/root/motpy_pifpaf/install/motpy_pifpaf/share/motpy_pifpaf/hook/pythonpath.ps1'
[3.766s] INFO:colcon.colcon_core.shell:Creating environment descriptor '/root/motpy_pifpaf/install/motpy_pifpaf/share/motpy_pifpaf/hook/pythonpath.dsv'
[3.767s] INFO:colcon.colcon_core.shell:Creating environment hook '/root/motpy_pifpaf/install/motpy_pifpaf/share/motpy_pifpaf/hook/pythonpath.sh'
[3.768s] Level 1:colcon.colcon_core.environment:checking '/root/motpy_pifpaf/install/motpy_pifpaf/bin'
[3.768s] Level 1:colcon.colcon_core.environment:create_environment_scripts_only(motpy_pifpaf)
[3.773s] INFO:colcon.colcon_core.shell:Creating package script '/root/motpy_pifpaf/install/motpy_pifpaf/share/motpy_pifpaf/package.ps1'
[3.776s] INFO:colcon.colcon_core.shell:Creating package descriptor '/root/motpy_pifpaf/install/motpy_pifpaf/share/motpy_pifpaf/package.dsv'
[3.777s] INFO:colcon.colcon_core.shell:Creating package script '/root/motpy_pifpaf/install/motpy_pifpaf/share/motpy_pifpaf/package.sh'
[3.780s] INFO:colcon.colcon_core.shell:Creating package script '/root/motpy_pifpaf/install/motpy_pifpaf/share/motpy_pifpaf/package.bash'
[3.783s] INFO:colcon.colcon_core.shell:Creating package script '/root/motpy_pifpaf/install/motpy_pifpaf/share/motpy_pifpaf/package.zsh'
[3.785s] Level 1:colcon.colcon_core.environment:create_file_with_runtime_dependencies(/root/motpy_pifpaf/install/motpy_pifpaf/share/colcon-core/packages/motpy_pifpaf)
[3.816s] DEBUG:colcon.colcon_core.event_handler.log_command:Invoked command in '/root/motpy_pifpaf/build/motpy_pifpaf_msg' returned '1': CMAKE_PREFIX_PATH=/opt/ros/foxy _=/usr/bin/env /usr/bin/cmake /root/motpy_pifpaf/src/motpy_pifpaf_msg -DCMAKE_INSTALL_PREFIX=/root/motpy_pifpaf/install/motpy_pifpaf_msg
[3.899s] Level 1:colcon.colcon_core.environment:create_environment_scripts_only(motpy_pifpaf_msg)
[3.905s] Level 1:colcon.colcon_core.environment:checking '/root/motpy_pifpaf/install/motpy_pifpaf_msg' for CMake module files
[3.906s] Level 1:colcon.colcon_core.environment:checking '/root/motpy_pifpaf/install/motpy_pifpaf_msg' for CMake config files
[3.907s] Level 1:colcon.colcon_core.environment:checking '/root/motpy_pifpaf/install/motpy_pifpaf_msg/bin'
[3.907s] Level 1:colcon.colcon_core.environment:checking '/root/motpy_pifpaf/install/motpy_pifpaf_msg/lib/pkgconfig/motpy_pifpaf_msg.pc'
[3.908s] Level 1:colcon.colcon_core.environment:checking '/root/motpy_pifpaf/install/motpy_pifpaf_msg/lib/python3.8/site-packages'
[3.909s] Level 1:colcon.colcon_core.environment:checking '/root/motpy_pifpaf/install/motpy_pifpaf_msg/bin'
[3.913s] INFO:colcon.colcon_core.shell:Creating package script '/root/motpy_pifpaf/install/motpy_pifpaf_msg/share/motpy_pifpaf_msg/package.ps1'
[3.926s] INFO:colcon.colcon_core.shell:Creating package descriptor '/root/motpy_pifpaf/install/motpy_pifpaf_msg/share/motpy_pifpaf_msg/package.dsv'
[3.927s] INFO:colcon.colcon_core.shell:Creating package script '/root/motpy_pifpaf/install/motpy_pifpaf_msg/share/motpy_pifpaf_msg/package.sh'
[3.928s] INFO:colcon.colcon_core.shell:Creating package script '/root/motpy_pifpaf/install/motpy_pifpaf_msg/share/motpy_pifpaf_msg/package.bash'
[3.929s] INFO:colcon.colcon_core.shell:Creating package script '/root/motpy_pifpaf/install/motpy_pifpaf_msg/share/motpy_pifpaf_msg/package.zsh'
[3.929s] Level 1:colcon.colcon_core.environment:create_file_with_runtime_dependencies(/root/motpy_pifpaf/install/motpy_pifpaf_msg/share/colcon-core/packages/motpy_pifpaf_msg)
[3.931s] DEBUG:colcon.colcon_parallel_executor.executor.parallel:closing loop
[3.932s] DEBUG:colcon.colcon_parallel_executor.executor.parallel:loop closed
[3.932s] DEBUG:colcon.colcon_parallel_executor.executor.parallel:run_until_complete finished with '1'
[3.932s] DEBUG:colcon.colcon_core.event_reactor:joining thread
[3.946s] INFO:colcon.colcon_core.plugin_system:Skipping extension 'colcon_notification.desktop_notification.notify_send': Could not find 'notify-send'
[3.947s] INFO:colcon.colcon_core.plugin_system:Skipping extension 'colcon_notification.desktop_notification.terminal_notifier': Not used on non-Darwin systems
[3.947s] INFO:colcon.colcon_core.plugin_system:Skipping extension 'colcon_notification.desktop_notification.win32': Not used on non-Windows systems
[3.947s] INFO:colcon.colcon_notification.desktop_notification:Sending desktop notification using 'notify2'
[3.979s] DEBUG:colcon.colcon_notification.desktop_notification.notify2:Failed to initialize notify2: org.freedesktop.DBus.Error.Spawn.ExecFailed: /usr/bin/dbus-launch terminated abnormally with the following error: Authorization required, but no authorization protocol specified
Autolaunch error: X11 initialization failed.

[3.980s] DEBUG:colcon.colcon_core.event_reactor:joined thread
[3.985s] INFO:colcon.colcon_core.shell:Creating prefix script '/root/motpy_pifpaf/install/local_setup.ps1'
[3.989s] INFO:colcon.colcon_core.shell:Creating prefix util module '/root/motpy_pifpaf/install/_local_setup_util_ps1.py'
[3.998s] INFO:colcon.colcon_core.shell:Creating prefix chain script '/root/motpy_pifpaf/install/setup.ps1'
[4.014s] INFO:colcon.colcon_core.shell:Creating prefix script '/root/motpy_pifpaf/install/local_setup.sh'
[4.015s] INFO:colcon.colcon_core.shell:Creating prefix util module '/root/motpy_pifpaf/install/_local_setup_util_sh.py'
[4.016s] INFO:colcon.colcon_core.shell:Creating prefix chain script '/root/motpy_pifpaf/install/setup.sh'
[4.020s] INFO:colcon.colcon_core.shell:Creating prefix script '/root/motpy_pifpaf/install/local_setup.bash'
[4.022s] INFO:colcon.colcon_core.shell:Creating prefix chain script '/root/motpy_pifpaf/install/setup.bash'
[4.025s] INFO:colcon.colcon_core.shell:Creating prefix script '/root/motpy_pifpaf/install/local_setup.zsh'
[4.033s] INFO:colcon.colcon_core.shell:Creating prefix chain script '/root/motpy_pifpaf/install/setup.zsh'
